[0.027s] Invoking command in '/home/chogene/turtlebot_ws/build/turtlebot_description': CMAKE_PREFIX_PATH=${CMAKE_PREFIX_PATH}:/home/chogene/moveit_ws/install/moveit_configs_utils:/home/chogene/ros2_ws/install/turtle_control_pkg:/home/chogene/ros2_ws/install/robotic_arms_control:/home/chogene/ros2_ws/install/my_py_pkg:/home/chogene/ros2_ws/install/my_sphere_pkg:/home/chogene/ros2_ws/install/my_environment_pkg:/home/chogene/ros2_ws/install/my_doosan_pkg:/opt/ros/jazzy DEBUGINFOD_URLS=https://debuginfod.ubuntu.com /usr/local/bin/cmake --build /home/chogene/turtlebot_ws/build/turtlebot_description -- -j4 -l4
[0.053s] Invoked command in '/home/chogene/turtlebot_ws/build/turtlebot_description' returned '0': CMAKE_PREFIX_PATH=${CMAKE_PREFIX_PATH}:/home/chogene/moveit_ws/install/moveit_configs_utils:/home/chogene/ros2_ws/install/turtle_control_pkg:/home/chogene/ros2_ws/install/robotic_arms_control:/home/chogene/ros2_ws/install/my_py_pkg:/home/chogene/ros2_ws/install/my_sphere_pkg:/home/chogene/ros2_ws/install/my_environment_pkg:/home/chogene/ros2_ws/install/my_doosan_pkg:/opt/ros/jazzy DEBUGINFOD_URLS=https://debuginfod.ubuntu.com /usr/local/bin/cmake --build /home/chogene/turtlebot_ws/build/turtlebot_description -- -j4 -l4
[0.060s] Invoking command in '/home/chogene/turtlebot_ws/build/turtlebot_description': CMAKE_PREFIX_PATH=${CMAKE_PREFIX_PATH}:/home/chogene/moveit_ws/install/moveit_configs_utils:/home/chogene/ros2_ws/install/turtle_control_pkg:/home/chogene/ros2_ws/install/robotic_arms_control:/home/chogene/ros2_ws/install/my_py_pkg:/home/chogene/ros2_ws/install/my_sphere_pkg:/home/chogene/ros2_ws/install/my_environment_pkg:/home/chogene/ros2_ws/install/my_doosan_pkg:/opt/ros/jazzy DEBUGINFOD_URLS=https://debuginfod.ubuntu.com /usr/local/bin/cmake --install /home/chogene/turtlebot_ws/build/turtlebot_description
[0.065s] -- Install configuration: ""
[0.065s] -- Execute custom install script
[0.066s] -- Up-to-date symlink: /home/chogene/turtlebot_ws/install/turtlebot_description/share/turtlebot_description//urdf/common_properties.xacro
[0.066s] -- Up-to-date symlink: /home/chogene/turtlebot_ws/install/turtlebot_description/share/turtlebot_description//urdf/gazebo_mobile.xacro
[0.066s] -- Up-to-date symlink: /home/chogene/turtlebot_ws/install/turtlebot_description/share/turtlebot_description//urdf/lidar.xacro
[0.066s] -- Up-to-date symlink: /home/chogene/turtlebot_ws/install/turtlebot_description/share/turtlebot_description//urdf/mobile_base.xacro
[0.066s] -- Up-to-date symlink: /home/chogene/turtlebot_ws/install/turtlebot_description/share/turtlebot_description//urdf/turtlebot.urdf.xacro
[0.067s] -- Up-to-date symlink: /home/chogene/turtlebot_ws/install/turtlebot_description/share/turtlebot_description//rviz/urdf_config.rviz
[0.067s] -- Up-to-date symlink: /home/chogene/turtlebot_ws/install/turtlebot_description/share/turtlebot_description//launch/display.launch.xml
[0.067s] -- Up-to-date symlink: /home/chogene/turtlebot_ws/install/turtlebot_description/share/ament_index/resource_index/package_run_dependencies/turtlebot_description
[0.068s] -- Up-to-date symlink: /home/chogene/turtlebot_ws/install/turtlebot_description/share/ament_index/resource_index/parent_prefix_path/turtlebot_description
[0.068s] -- Up-to-date symlink: /home/chogene/turtlebot_ws/install/turtlebot_description/share/turtlebot_description/environment/ament_prefix_path.sh
[0.068s] -- Up-to-date symlink: /home/chogene/turtlebot_ws/install/turtlebot_description/share/turtlebot_description/environment/ament_prefix_path.dsv
[0.068s] -- Up-to-date symlink: /home/chogene/turtlebot_ws/install/turtlebot_description/share/turtlebot_description/environment/path.sh
[0.068s] -- Up-to-date symlink: /home/chogene/turtlebot_ws/install/turtlebot_description/share/turtlebot_description/environment/path.dsv
[0.068s] -- Up-to-date symlink: /home/chogene/turtlebot_ws/install/turtlebot_description/share/turtlebot_description/local_setup.bash
[0.069s] -- Up-to-date symlink: /home/chogene/turtlebot_ws/install/turtlebot_description/share/turtlebot_description/local_setup.sh
[0.069s] -- Up-to-date symlink: /home/chogene/turtlebot_ws/install/turtlebot_description/share/turtlebot_description/local_setup.zsh
[0.069s] -- Up-to-date symlink: /home/chogene/turtlebot_ws/install/turtlebot_description/share/turtlebot_description/local_setup.dsv
[0.069s] -- Symlinking: /home/chogene/turtlebot_ws/install/turtlebot_description/share/turtlebot_description/package.dsv
[0.075s] -- Up-to-date symlink: /home/chogene/turtlebot_ws/install/turtlebot_description/share/ament_index/resource_index/packages/turtlebot_description
[0.075s] -- Up-to-date symlink: /home/chogene/turtlebot_ws/install/turtlebot_description/share/turtlebot_description/cmake/turtlebot_descriptionConfig.cmake
[0.075s] -- Up-to-date symlink: /home/chogene/turtlebot_ws/install/turtlebot_description/share/turtlebot_description/cmake/turtlebot_descriptionConfig-version.cmake
[0.075s] -- Up-to-date symlink: /home/chogene/turtlebot_ws/install/turtlebot_description/share/turtlebot_description/package.xml
[0.077s] Invoked command in '/home/chogene/turtlebot_ws/build/turtlebot_description' returned '0': CMAKE_PREFIX_PATH=${CMAKE_PREFIX_PATH}:/home/chogene/moveit_ws/install/moveit_configs_utils:/home/chogene/ros2_ws/install/turtle_control_pkg:/home/chogene/ros2_ws/install/robotic_arms_control:/home/chogene/ros2_ws/install/my_py_pkg:/home/chogene/ros2_ws/install/my_sphere_pkg:/home/chogene/ros2_ws/install/my_environment_pkg:/home/chogene/ros2_ws/install/my_doosan_pkg:/opt/ros/jazzy DEBUGINFOD_URLS=https://debuginfod.ubuntu.com /usr/local/bin/cmake --install /home/chogene/turtlebot_ws/build/turtlebot_description
