[0.020s] Invoking command in '/home/chogene/turtlebot_ws/build/turtlebot_description': CMAKE_PREFIX_PATH=${CMAKE_PREFIX_PATH}:/home/chogene/moveit_ws/install/moveit_configs_utils:/opt/ros/jazzy DEBUGINFOD_URLS=https://debuginfod.ubuntu.com /usr/bin/cmake /home/chogene/turtlebot_ws/src/turtlebot_description -DAMENT_CMAKE_SYMLINK_INSTALL=1 -DCMAKE_INSTALL_PREFIX=/home/chogene/turtlebot_ws/install/turtlebot_description
[0.288s] -- The C compiler identification is GNU 13.3.0
[0.993s] -- The CXX compiler identification is GNU 13.3.0
[1.610s] -- Detecting C compiler ABI info
[1.929s] -- Detecting C compiler ABI info - done
[1.939s] -- Check for working C compiler: /usr/bin/cc - skipped
[1.940s] -- Detecting C compile features
[1.941s] -- Detecting C compile features - done
[2.031s] -- Detecting CXX compiler ABI info
[2.340s] -- Detecting CXX compiler ABI info - done
[2.351s] -- Check for working CXX compiler: /usr/bin/c++ - skipped
[2.352s] -- Detecting CXX compile features
[2.352s] -- Detecting CXX compile features - done
[2.377s] -- Found ament_cmake: 2.5.3 (/opt/ros/jazzy/share/ament_cmake/cmake)
[2.722s] -- Found Python3: /usr/bin/python3 (found version "3.12.3") found components: Interpreter 
[2.849s] -- Override CMake install command with custom implementation using symlinks instead of copying resources
[3.220s] -- Configuring done (3.2s)
[3.226s] -- Generating done (0.0s)
[3.228s] -- Build files have been written to: /home/chogene/turtlebot_ws/build/turtlebot_description
[3.234s] Invoked command in '/home/chogene/turtlebot_ws/build/turtlebot_description' returned '0': CMAKE_PREFIX_PATH=${CMAKE_PREFIX_PATH}:/home/chogene/moveit_ws/install/moveit_configs_utils:/opt/ros/jazzy DEBUGINFOD_URLS=https://debuginfod.ubuntu.com /usr/bin/cmake /home/chogene/turtlebot_ws/src/turtlebot_description -DAMENT_CMAKE_SYMLINK_INSTALL=1 -DCMAKE_INSTALL_PREFIX=/home/chogene/turtlebot_ws/install/turtlebot_description
[3.236s] Invoking command in '/home/chogene/turtlebot_ws/build/turtlebot_description': CMAKE_PREFIX_PATH=${CMAKE_PREFIX_PATH}:/home/chogene/moveit_ws/install/moveit_configs_utils:/opt/ros/jazzy DEBUGINFOD_URLS=https://debuginfod.ubuntu.com /usr/bin/cmake --build /home/chogene/turtlebot_ws/build/turtlebot_description -- -j8 -l8
[3.296s] Invoked command in '/home/chogene/turtlebot_ws/build/turtlebot_description' returned '0': CMAKE_PREFIX_PATH=${CMAKE_PREFIX_PATH}:/home/chogene/moveit_ws/install/moveit_configs_utils:/opt/ros/jazzy DEBUGINFOD_URLS=https://debuginfod.ubuntu.com /usr/bin/cmake --build /home/chogene/turtlebot_ws/build/turtlebot_description -- -j8 -l8
[3.312s] Invoking command in '/home/chogene/turtlebot_ws/build/turtlebot_description': CMAKE_PREFIX_PATH=${CMAKE_PREFIX_PATH}:/home/chogene/moveit_ws/install/moveit_configs_utils:/opt/ros/jazzy DEBUGINFOD_URLS=https://debuginfod.ubuntu.com /usr/bin/cmake --install /home/chogene/turtlebot_ws/build/turtlebot_description
[3.324s] -- Install configuration: ""
[3.325s] -- Execute custom install script
[3.326s] -- Symlinking: /home/chogene/turtlebot_ws/install/turtlebot_description/share/turtlebot_description//urdf/common_properties.xacro
[3.340s] -- Symlinking: /home/chogene/turtlebot_ws/install/turtlebot_description/share/turtlebot_description//urdf/gazebo_mobile.xacro
[3.355s] -- Symlinking: /home/chogene/turtlebot_ws/install/turtlebot_description/share/turtlebot_description//urdf/lidar.xacro
[3.369s] -- Symlinking: /home/chogene/turtlebot_ws/install/turtlebot_description/share/turtlebot_description//urdf/mobile_base.xacro
[3.386s] -- Symlinking: /home/chogene/turtlebot_ws/install/turtlebot_description/share/turtlebot_description//urdf/turtlebot.urdf.xacro
[3.403s] [31mCMake Error at ament_cmake_symlink_install/ament_cmake_symlink_install.cmake:100 (message):
[3.404s]   ament_cmake_symlink_install_directory() can't find
[3.404s]   '/home/chogene/turtlebot_ws/src/turtlebot_description/meshes'
[3.404s] Call Stack (most recent call first):
[3.404s]   ament_cmake_symlink_install/ament_cmake_symlink_install.cmake:314 (ament_cmake_symlink_install_directory)
[3.404s]   cmake_install.cmake:46 (include)
[3.405s] 
[3.405s] [0m
[3.407s] Invoked command in '/home/chogene/turtlebot_ws/build/turtlebot_description' returned '1': CMAKE_PREFIX_PATH=${CMAKE_PREFIX_PATH}:/home/chogene/moveit_ws/install/moveit_configs_utils:/opt/ros/jazzy DEBUGINFOD_URLS=https://debuginfod.ubuntu.com /usr/bin/cmake --install /home/chogene/turtlebot_ws/build/turtlebot_description
