[0.041s] Invoking command in '/home/chogene/turtlebot_ws/build/my_robot_bringup': CMAKE_PREFIX_PATH=${CMAKE_PREFIX_PATH}:/home/chogene/moveit_ws/install/moveit_configs_utils:/home/chogene/ros2_ws/install/turtle_control_pkg:/home/chogene/ros2_ws/install/robotic_arms_control:/home/chogene/ros2_ws/install/my_py_pkg:/home/chogene/ros2_ws/install/my_sphere_pkg:/home/chogene/ros2_ws/install/my_environment_pkg:/home/chogene/ros2_ws/install/my_doosan_pkg:/opt/ros/jazzy DEBUGINFOD_URLS=https://debuginfod.ubuntu.com /usr/local/bin/cmake /home/chogene/turtlebot_ws/src/my_robot_bringup -DAMENT_CMAKE_SYMLINK_INSTALL=1 -DCMAKE_INSTALL_PREFIX=/home/chogene/turtlebot_ws/install/my_robot_bringup
[0.049s] [0mCMake Deprecation Warning at CMakeLists.txt:1 (cmake_minimum_required):
[0.049s]   Compatibility with CMake < 3.10 will be removed from a future version of
[0.049s]   CMake.
[0.050s] 
[0.050s]   Update the VERSION argument <min> value.  Or, use the <min>...<max> syntax
[0.050s]   to tell CMake that the project requires at least <min> but has been updated
[0.050s]   to work with policies introduced by <max> or earlier.
[0.050s] 
[0.050s] [0m
[0.187s] -- The C compiler identification is GNU 13.3.0
[0.349s] -- The CXX compiler identification is GNU 13.3.0
[0.361s] -- Detecting C compiler ABI info
[0.473s] -- Detecting C compiler ABI info - done
[0.505s] -- Check for working C compiler: /usr/bin/cc - skipped
[0.506s] -- Detecting C compile features
[0.507s] -- Detecting C compile features - done
[0.531s] -- Detecting CXX compiler ABI info
[0.635s] -- Detecting CXX compiler ABI info - done
[0.653s] -- Check for working CXX compiler: /usr/bin/c++ - skipped
[0.653s] -- Detecting CXX compile features
[0.654s] -- Detecting CXX compile features - done
[0.700s] -- Found ament_cmake: 2.5.3 (/opt/ros/jazzy/share/ament_cmake/cmake)
[1.471s] -- Found Python3: /usr/bin/python3 (found version "3.12.3") found components: Interpreter
[1.600s] -- Override CMake install command with custom implementation using symlinks instead of copying resources
[1.853s] -- Configuring done (1.8s)
[1.858s] -- Generating done (0.0s)
[1.859s] -- Build files have been written to: /home/chogene/turtlebot_ws/build/my_robot_bringup
[1.864s] Invoked command in '/home/chogene/turtlebot_ws/build/my_robot_bringup' returned '0': CMAKE_PREFIX_PATH=${CMAKE_PREFIX_PATH}:/home/chogene/moveit_ws/install/moveit_configs_utils:/home/chogene/ros2_ws/install/turtle_control_pkg:/home/chogene/ros2_ws/install/robotic_arms_control:/home/chogene/ros2_ws/install/my_py_pkg:/home/chogene/ros2_ws/install/my_sphere_pkg:/home/chogene/ros2_ws/install/my_environment_pkg:/home/chogene/ros2_ws/install/my_doosan_pkg:/opt/ros/jazzy DEBUGINFOD_URLS=https://debuginfod.ubuntu.com /usr/local/bin/cmake /home/chogene/turtlebot_ws/src/my_robot_bringup -DAMENT_CMAKE_SYMLINK_INSTALL=1 -DCMAKE_INSTALL_PREFIX=/home/chogene/turtlebot_ws/install/my_robot_bringup
[1.866s] Invoking command in '/home/chogene/turtlebot_ws/build/my_robot_bringup': CMAKE_PREFIX_PATH=${CMAKE_PREFIX_PATH}:/home/chogene/moveit_ws/install/moveit_configs_utils:/home/chogene/ros2_ws/install/turtle_control_pkg:/home/chogene/ros2_ws/install/robotic_arms_control:/home/chogene/ros2_ws/install/my_py_pkg:/home/chogene/ros2_ws/install/my_sphere_pkg:/home/chogene/ros2_ws/install/my_environment_pkg:/home/chogene/ros2_ws/install/my_doosan_pkg:/opt/ros/jazzy DEBUGINFOD_URLS=https://debuginfod.ubuntu.com /usr/local/bin/cmake --build /home/chogene/turtlebot_ws/build/my_robot_bringup -- -j4 -l4
[1.900s] Invoked command in '/home/chogene/turtlebot_ws/build/my_robot_bringup' returned '0': CMAKE_PREFIX_PATH=${CMAKE_PREFIX_PATH}:/home/chogene/moveit_ws/install/moveit_configs_utils:/home/chogene/ros2_ws/install/turtle_control_pkg:/home/chogene/ros2_ws/install/robotic_arms_control:/home/chogene/ros2_ws/install/my_py_pkg:/home/chogene/ros2_ws/install/my_sphere_pkg:/home/chogene/ros2_ws/install/my_environment_pkg:/home/chogene/ros2_ws/install/my_doosan_pkg:/opt/ros/jazzy DEBUGINFOD_URLS=https://debuginfod.ubuntu.com /usr/local/bin/cmake --build /home/chogene/turtlebot_ws/build/my_robot_bringup -- -j4 -l4
[1.902s] Invoking command in '/home/chogene/turtlebot_ws/build/my_robot_bringup': CMAKE_PREFIX_PATH=${CMAKE_PREFIX_PATH}:/home/chogene/moveit_ws/install/moveit_configs_utils:/home/chogene/ros2_ws/install/turtle_control_pkg:/home/chogene/ros2_ws/install/robotic_arms_control:/home/chogene/ros2_ws/install/my_py_pkg:/home/chogene/ros2_ws/install/my_sphere_pkg:/home/chogene/ros2_ws/install/my_environment_pkg:/home/chogene/ros2_ws/install/my_doosan_pkg:/opt/ros/jazzy DEBUGINFOD_URLS=https://debuginfod.ubuntu.com /usr/local/bin/cmake --install /home/chogene/turtlebot_ws/build/my_robot_bringup
[1.912s] -- Install configuration: ""
[1.914s] -- Execute custom install script
[1.916s] -- Symlinking: /home/chogene/turtlebot_ws/install/my_robot_bringup/share/my_robot_bringup//launch/my_robot.launch.xml
[1.925s] -- Symlinking: /home/chogene/turtlebot_ws/install/my_robot_bringup/share/ament_index/resource_index/package_run_dependencies/my_robot_bringup
[1.931s] -- Symlinking: /home/chogene/turtlebot_ws/install/my_robot_bringup/share/ament_index/resource_index/parent_prefix_path/my_robot_bringup
[1.936s] -- Symlinking: /home/chogene/turtlebot_ws/install/my_robot_bringup/share/my_robot_bringup/environment/ament_prefix_path.sh
[1.943s] -- Symlinking: /home/chogene/turtlebot_ws/install/my_robot_bringup/share/my_robot_bringup/environment/ament_prefix_path.dsv
[1.949s] -- Symlinking: /home/chogene/turtlebot_ws/install/my_robot_bringup/share/my_robot_bringup/environment/path.sh
[1.954s] -- Symlinking: /home/chogene/turtlebot_ws/install/my_robot_bringup/share/my_robot_bringup/environment/path.dsv
[1.961s] -- Symlinking: /home/chogene/turtlebot_ws/install/my_robot_bringup/share/my_robot_bringup/local_setup.bash
[1.966s] -- Symlinking: /home/chogene/turtlebot_ws/install/my_robot_bringup/share/my_robot_bringup/local_setup.sh
[1.971s] -- Symlinking: /home/chogene/turtlebot_ws/install/my_robot_bringup/share/my_robot_bringup/local_setup.zsh
[1.976s] -- Symlinking: /home/chogene/turtlebot_ws/install/my_robot_bringup/share/my_robot_bringup/local_setup.dsv
[1.981s] -- Symlinking: /home/chogene/turtlebot_ws/install/my_robot_bringup/share/my_robot_bringup/package.dsv
[1.987s] -- Symlinking: /home/chogene/turtlebot_ws/install/my_robot_bringup/share/ament_index/resource_index/packages/my_robot_bringup
[1.992s] -- Symlinking: /home/chogene/turtlebot_ws/install/my_robot_bringup/share/my_robot_bringup/cmake/my_robot_bringupConfig.cmake
[1.997s] -- Symlinking: /home/chogene/turtlebot_ws/install/my_robot_bringup/share/my_robot_bringup/cmake/my_robot_bringupConfig-version.cmake
[2.002s] -- Symlinking: /home/chogene/turtlebot_ws/install/my_robot_bringup/share/my_robot_bringup/package.xml
[2.013s] Invoked command in '/home/chogene/turtlebot_ws/build/my_robot_bringup' returned '0': CMAKE_PREFIX_PATH=${CMAKE_PREFIX_PATH}:/home/chogene/moveit_ws/install/moveit_configs_utils:/home/chogene/ros2_ws/install/turtle_control_pkg:/home/chogene/ros2_ws/install/robotic_arms_control:/home/chogene/ros2_ws/install/my_py_pkg:/home/chogene/ros2_ws/install/my_sphere_pkg:/home/chogene/ros2_ws/install/my_environment_pkg:/home/chogene/ros2_ws/install/my_doosan_pkg:/opt/ros/jazzy DEBUGINFOD_URLS=https://debuginfod.ubuntu.com /usr/local/bin/cmake --install /home/chogene/turtlebot_ws/build/my_robot_bringup
