[0.223s] Invoking command in '/home/chogene/turtlebot_ws/build/my_robot_bringup': CMAKE_PREFIX_PATH=${CMAKE_PREFIX_PATH}:/home/chogene/moveit_ws/install/moveit_configs_utils:/home/chogene/ros2_ws/install/turtle_control_pkg:/home/chogene/ros2_ws/install/robotic_arms_control:/home/chogene/ros2_ws/install/my_py_pkg:/home/chogene/ros2_ws/install/my_sphere_pkg:/home/chogene/ros2_ws/install/my_environment_pkg:/home/chogene/ros2_ws/install/my_doosan_pkg:/opt/ros/jazzy DEBUGINFOD_URLS=https://debuginfod.ubuntu.com /usr/local/bin/cmake --build /home/chogene/turtlebot_ws/build/my_robot_bringup -- -j4 -l4
[0.390s] Invoked command in '/home/chogene/turtlebot_ws/build/my_robot_bringup' returned '0': CMAKE_PREFIX_PATH=${CMAKE_PREFIX_PATH}:/home/chogene/moveit_ws/install/moveit_configs_utils:/home/chogene/ros2_ws/install/turtle_control_pkg:/home/chogene/ros2_ws/install/robotic_arms_control:/home/chogene/ros2_ws/install/my_py_pkg:/home/chogene/ros2_ws/install/my_sphere_pkg:/home/chogene/ros2_ws/install/my_environment_pkg:/home/chogene/ros2_ws/install/my_doosan_pkg:/opt/ros/jazzy DEBUGINFOD_URLS=https://debuginfod.ubuntu.com /usr/local/bin/cmake --build /home/chogene/turtlebot_ws/build/my_robot_bringup -- -j4 -l4
[0.425s] Invoking command in '/home/chogene/turtlebot_ws/build/my_robot_bringup': CMAKE_PREFIX_PATH=${CMAKE_PREFIX_PATH}:/home/chogene/moveit_ws/install/moveit_configs_utils:/home/chogene/ros2_ws/install/turtle_control_pkg:/home/chogene/ros2_ws/install/robotic_arms_control:/home/chogene/ros2_ws/install/my_py_pkg:/home/chogene/ros2_ws/install/my_sphere_pkg:/home/chogene/ros2_ws/install/my_environment_pkg:/home/chogene/ros2_ws/install/my_doosan_pkg:/opt/ros/jazzy DEBUGINFOD_URLS=https://debuginfod.ubuntu.com /usr/local/bin/cmake --install /home/chogene/turtlebot_ws/build/my_robot_bringup
[0.477s] -- Install configuration: ""
[0.478s] -- Execute custom install script
[0.485s] -- Up-to-date symlink: /home/chogene/turtlebot_ws/install/my_robot_bringup/share/my_robot_bringup//launch/my_robot.launch.xml
[0.486s] -- Up-to-date symlink: /home/chogene/turtlebot_ws/install/my_robot_bringup/share/my_robot_bringup//config/gazebo_bridge.yaml
[0.491s] -- Up-to-date symlink: /home/chogene/turtlebot_ws/install/my_robot_bringup/share/ament_index/resource_index/package_run_dependencies/my_robot_bringup
[0.494s] -- Up-to-date symlink: /home/chogene/turtlebot_ws/install/my_robot_bringup/share/ament_index/resource_index/parent_prefix_path/my_robot_bringup
[0.501s] -- Up-to-date symlink: /home/chogene/turtlebot_ws/install/my_robot_bringup/share/my_robot_bringup/environment/ament_prefix_path.sh
[0.501s] -- Up-to-date symlink: /home/chogene/turtlebot_ws/install/my_robot_bringup/share/my_robot_bringup/environment/ament_prefix_path.dsv
[0.505s] -- Up-to-date symlink: /home/chogene/turtlebot_ws/install/my_robot_bringup/share/my_robot_bringup/environment/path.sh
[0.506s] -- Up-to-date symlink: /home/chogene/turtlebot_ws/install/my_robot_bringup/share/my_robot_bringup/environment/path.dsv
[0.545s] -- Up-to-date symlink: /home/chogene/turtlebot_ws/install/my_robot_bringup/share/my_robot_bringup/local_setup.bash
[0.546s] -- Up-to-date symlink: /home/chogene/turtlebot_ws/install/my_robot_bringup/share/my_robot_bringup/local_setup.sh
[0.547s] -- Up-to-date symlink: /home/chogene/turtlebot_ws/install/my_robot_bringup/share/my_robot_bringup/local_setup.zsh
[0.552s] -- Up-to-date symlink: /home/chogene/turtlebot_ws/install/my_robot_bringup/share/my_robot_bringup/local_setup.dsv
[0.552s] -- Symlinking: /home/chogene/turtlebot_ws/install/my_robot_bringup/share/my_robot_bringup/package.dsv
[0.575s] -- Up-to-date symlink: /home/chogene/turtlebot_ws/install/my_robot_bringup/share/ament_index/resource_index/packages/my_robot_bringup
[0.576s] -- Up-to-date symlink: /home/chogene/turtlebot_ws/install/my_robot_bringup/share/my_robot_bringup/cmake/my_robot_bringupConfig.cmake
[0.578s] -- Up-to-date symlink: /home/chogene/turtlebot_ws/install/my_robot_bringup/share/my_robot_bringup/cmake/my_robot_bringupConfig-version.cmake
[0.579s] -- Up-to-date symlink: /home/chogene/turtlebot_ws/install/my_robot_bringup/share/my_robot_bringup/package.xml
[0.740s] Invoked command in '/home/chogene/turtlebot_ws/build/my_robot_bringup' returned '0': CMAKE_PREFIX_PATH=${CMAKE_PREFIX_PATH}:/home/chogene/moveit_ws/install/moveit_configs_utils:/home/chogene/ros2_ws/install/turtle_control_pkg:/home/chogene/ros2_ws/install/robotic_arms_control:/home/chogene/ros2_ws/install/my_py_pkg:/home/chogene/ros2_ws/install/my_sphere_pkg:/home/chogene/ros2_ws/install/my_environment_pkg:/home/chogene/ros2_ws/install/my_doosan_pkg:/opt/ros/jazzy DEBUGINFOD_URLS=https://debuginfod.ubuntu.com /usr/local/bin/cmake --install /home/chogene/turtlebot_ws/build/my_robot_bringup
