[0.040s] Invoking command in '/home/chogene/turtlebot_ws/build/turtlebot_description': CMAKE_PREFIX_PATH=${CMAKE_PREFIX_PATH}:/home/chogene/moveit_ws/install/moveit_configs_utils:/opt/ros/jazzy DEBUGINFOD_URLS=https://debuginfod.ubuntu.com /usr/bin/cmake --build /home/chogene/turtlebot_ws/build/turtlebot_description -- -j8 -l8
[0.114s] -- Found ament_cmake: 2.5.3 (/opt/ros/jazzy/share/ament_cmake/cmake)
[0.651s] -- Override CMake install command with custom implementation using symlinks instead of copying resources
[0.939s] -- Configuring done (0.8s)
[0.954s] -- Generating done (0.0s)
[0.958s] -- Build files have been written to: /home/chogene/turtlebot_ws/build/turtlebot_description
[1.019s] Invoked command in '/home/chogene/turtlebot_ws/build/turtlebot_description' returned '0': CMAKE_PREFIX_PATH=${CMAKE_PREFIX_PATH}:/home/chogene/moveit_ws/install/moveit_configs_utils:/opt/ros/jazzy DEBUGINFOD_URLS=https://debuginfod.ubuntu.com /usr/bin/cmake --build /home/chogene/turtlebot_ws/build/turtlebot_description -- -j8 -l8
[1.046s] Invoking command in '/home/chogene/turtlebot_ws/build/turtlebot_description': CMAKE_PREFIX_PATH=${CMAKE_PREFIX_PATH}:/home/chogene/moveit_ws/install/moveit_configs_utils:/opt/ros/jazzy DEBUGINFOD_URLS=https://debuginfod.ubuntu.com /usr/bin/cmake --install /home/chogene/turtlebot_ws/build/turtlebot_description
[1.067s] -- Install configuration: ""
[1.068s] -- Execute custom install script
[1.068s] -- Symlinking: /home/chogene/turtlebot_ws/install/turtlebot_description/share/turtlebot_description//urdf/];common_properties.xacro;gazebo_mobile.xacro;lidar.xacro;mobile_base.xacro;turtlebot.urdf.xacro
[1.091s] [31mCMake Error at ament_cmake_symlink_install/ament_cmake_symlink_install.cmake:302 (message):
[1.091s]   Could not create symlink
[1.092s]   '/home/chogene/turtlebot_ws/install/turtlebot_description/share/turtlebot_description//urdf/];common_properties.xacro;gazebo_mobile.xacro;lidar.xacro;mobile_base.xacro;turtlebot.urdf.xacro'
[1.092s]   pointing to
[1.092s]   '/home/chogene/turtlebot_ws/src/turtlebot_description/urdf/];common_properties.xacro;gazebo_mobile.xacro;lidar.xacro;mobile_base.xacro;turtlebot.urdf.xacro'
[1.092s] Call Stack (most recent call first):
[1.094s]   ament_cmake_symlink_install/ament_cmake_symlink_install.cmake:96 (_ament_cmake_symlink_install_create_symlink)
[1.094s]   ament_cmake_symlink_install/ament_cmake_symlink_install.cmake:314 (ament_cmake_symlink_install_directory)
[1.094s]   cmake_install.cmake:46 (include)
[1.094s] 
[1.094s] [0m
[1.096s] Invoked command in '/home/chogene/turtlebot_ws/build/turtlebot_description' returned '1': CMAKE_PREFIX_PATH=${CMAKE_PREFIX_PATH}:/home/chogene/moveit_ws/install/moveit_configs_utils:/opt/ros/jazzy DEBUGINFOD_URLS=https://debuginfod.ubuntu.com /usr/bin/cmake --install /home/chogene/turtlebot_ws/build/turtlebot_description
