-- Install configuration: ""
-- Execute custom install script
-- Up-to-date symlink: /home/chogene/turtlebot_ws/install/turtlebot_description/share/turtlebot_description//urdf/common_properties.xacro
-- Up-to-date symlink: /home/chogene/turtlebot_ws/install/turtlebot_description/share/turtlebot_description//urdf/gazebo_mobile.xacro
-- Up-to-date symlink: /home/chogene/turtlebot_ws/install/turtlebot_description/share/turtlebot_description//urdf/lidar.xacro
-- Up-to-date symlink: /home/chogene/turtlebot_ws/install/turtlebot_description/share/turtlebot_description//urdf/mobile_base.xacro
-- Up-to-date symlink: /home/chogene/turtlebot_ws/install/turtlebot_description/share/turtlebot_description//urdf/turtlebot.urdf.xacro
-- Up-to-date symlink: /home/chogene/turtlebot_ws/install/turtlebot_description/share/turtlebot_description//rviz/urdf_config.rviz
-- Up-to-date symlink: /home/chogene/turtlebot_ws/install/turtlebot_description/share/turtlebot_description//launch/robot.launch.py
-- Up-to-date symlink: /home/chogene/turtlebot_ws/install/turtlebot_description/share/turtlebot_description//launch/rsp.launch.py
-- Up-to-date symlink: /home/chogene/turtlebot_ws/install/turtlebot_description/share/turtlebot_description//launch/turtlebot.launch.py
-- Up-to-date symlink: /home/chogene/turtlebot_ws/install/turtlebot_description/share/turtlebot_description//config/gazebo_bridge.yaml
-- Up-to-date symlink: /home/chogene/turtlebot_ws/install/turtlebot_description/share/turtlebot_description//worlds/obstacles.world
-- Up-to-date symlink: /home/chogene/turtlebot_ws/install/turtlebot_description/share/ament_index/resource_index/package_run_dependencies/turtlebot_description
-- Up-to-date symlink: /home/chogene/turtlebot_ws/install/turtlebot_description/share/ament_index/resource_index/parent_prefix_path/turtlebot_description
-- Up-to-date symlink: /home/chogene/turtlebot_ws/install/turtlebot_description/share/turtlebot_description/environment/ament_prefix_path.sh
-- Up-to-date symlink: /home/chogene/turtlebot_ws/install/turtlebot_description/share/turtlebot_description/environment/ament_prefix_path.dsv
-- Up-to-date symlink: /home/chogene/turtlebot_ws/install/turtlebot_description/share/turtlebot_description/environment/path.sh
-- Up-to-date symlink: /home/chogene/turtlebot_ws/install/turtlebot_description/share/turtlebot_description/environment/path.dsv
-- Up-to-date symlink: /home/chogene/turtlebot_ws/install/turtlebot_description/share/turtlebot_description/local_setup.bash
-- Up-to-date symlink: /home/chogene/turtlebot_ws/install/turtlebot_description/share/turtlebot_description/local_setup.sh
-- Up-to-date symlink: /home/chogene/turtlebot_ws/install/turtlebot_description/share/turtlebot_description/local_setup.zsh
-- Up-to-date symlink: /home/chogene/turtlebot_ws/install/turtlebot_description/share/turtlebot_description/local_setup.dsv
-- Symlinking: /home/chogene/turtlebot_ws/install/turtlebot_description/share/turtlebot_description/package.dsv
-- Up-to-date symlink: /home/chogene/turtlebot_ws/install/turtlebot_description/share/ament_index/resource_index/packages/turtlebot_description
-- Up-to-date symlink: /home/chogene/turtlebot_ws/install/turtlebot_description/share/turtlebot_description/cmake/turtlebot_descriptionConfig.cmake
-- Up-to-date symlink: /home/chogene/turtlebot_ws/install/turtlebot_description/share/turtlebot_description/cmake/turtlebot_descriptionConfig-version.cmake
-- Up-to-date symlink: /home/chogene/turtlebot_ws/install/turtlebot_description/share/turtlebot_description/package.xml
