[0.029s] Invoking command in '/home/chogene/turtlebot_ws/build/turtlebot_description': CMAKE_PREFIX_PATH=${CMAKE_PREFIX_PATH}:/home/chogene/moveit_ws/install/moveit_configs_utils:/home/chogene/ros2_ws/install/turtle_control_pkg:/home/chogene/ros2_ws/install/robotic_arms_control:/home/chogene/ros2_ws/install/my_py_pkg:/home/chogene/ros2_ws/install/my_sphere_pkg:/home/chogene/ros2_ws/install/my_environment_pkg:/home/chogene/ros2_ws/install/my_doosan_pkg:/opt/ros/jazzy DEBUGINFOD_URLS=https://debuginfod.ubuntu.com /usr/local/bin/cmake --build /home/chogene/turtlebot_ws/build/turtlebot_description -- -j4 -l4
[0.042s] [0mCMake Deprecation Warning at CMakeLists.txt:1 (cmake_minimum_required):
[0.042s]   Compatibility with CMake < 3.10 will be removed from a future version of
[0.042s]   CMake.
[0.043s] 
[0.043s]   Update the VERSION argument <min> value.  Or, use the <min>...<max> syntax
[0.043s]   to tell CMake that the project requires at least <min> but has been updated
[0.043s]   to work with policies introduced by <max> or earlier.
[0.043s] 
[0.043s] [0m
[0.057s] -- Found ament_cmake: 2.5.3 (/opt/ros/jazzy/share/ament_cmake/cmake)
[0.355s] -- Override CMake install command with custom implementation using symlinks instead of copying resources
[0.484s] -- Configuring done (0.4s)
[0.487s] -- Generating done (0.0s)
[0.488s] -- Build files have been written to: /home/chogene/turtlebot_ws/build/turtlebot_description
[0.504s] Invoked command in '/home/chogene/turtlebot_ws/build/turtlebot_description' returned '0': CMAKE_PREFIX_PATH=${CMAKE_PREFIX_PATH}:/home/chogene/moveit_ws/install/moveit_configs_utils:/home/chogene/ros2_ws/install/turtle_control_pkg:/home/chogene/ros2_ws/install/robotic_arms_control:/home/chogene/ros2_ws/install/my_py_pkg:/home/chogene/ros2_ws/install/my_sphere_pkg:/home/chogene/ros2_ws/install/my_environment_pkg:/home/chogene/ros2_ws/install/my_doosan_pkg:/opt/ros/jazzy DEBUGINFOD_URLS=https://debuginfod.ubuntu.com /usr/local/bin/cmake --build /home/chogene/turtlebot_ws/build/turtlebot_description -- -j4 -l4
[0.512s] Invoking command in '/home/chogene/turtlebot_ws/build/turtlebot_description': CMAKE_PREFIX_PATH=${CMAKE_PREFIX_PATH}:/home/chogene/moveit_ws/install/moveit_configs_utils:/home/chogene/ros2_ws/install/turtle_control_pkg:/home/chogene/ros2_ws/install/robotic_arms_control:/home/chogene/ros2_ws/install/my_py_pkg:/home/chogene/ros2_ws/install/my_sphere_pkg:/home/chogene/ros2_ws/install/my_environment_pkg:/home/chogene/ros2_ws/install/my_doosan_pkg:/opt/ros/jazzy DEBUGINFOD_URLS=https://debuginfod.ubuntu.com /usr/local/bin/cmake --install /home/chogene/turtlebot_ws/build/turtlebot_description
[0.516s] -- Install configuration: ""
[0.517s] -- Execute custom install script
[0.517s] -- Up-to-date symlink: /home/chogene/turtlebot_ws/install/turtlebot_description/share/turtlebot_description//urdf/common_properties.xacro
[0.517s] -- Up-to-date symlink: /home/chogene/turtlebot_ws/install/turtlebot_description/share/turtlebot_description//urdf/gazebo_mobile.xacro
[0.518s] -- Up-to-date symlink: /home/chogene/turtlebot_ws/install/turtlebot_description/share/turtlebot_description//urdf/lidar.xacro
[0.518s] -- Up-to-date symlink: /home/chogene/turtlebot_ws/install/turtlebot_description/share/turtlebot_description//urdf/mobile_base.xacro
[0.518s] -- Up-to-date symlink: /home/chogene/turtlebot_ws/install/turtlebot_description/share/turtlebot_description//urdf/turtlebot.urdf.xacro
[0.518s] -- Up-to-date symlink: /home/chogene/turtlebot_ws/install/turtlebot_description/share/turtlebot_description//rviz/urdf_config.rviz
[0.518s] -- Up-to-date symlink: /home/chogene/turtlebot_ws/install/turtlebot_description/share/turtlebot_description//launch/display.launch.xml
[0.519s] -- Up-to-date symlink: /home/chogene/turtlebot_ws/install/turtlebot_description/share/ament_index/resource_index/package_run_dependencies/turtlebot_description
[0.519s] -- Up-to-date symlink: /home/chogene/turtlebot_ws/install/turtlebot_description/share/ament_index/resource_index/parent_prefix_path/turtlebot_description
[0.519s] -- Up-to-date symlink: /home/chogene/turtlebot_ws/install/turtlebot_description/share/turtlebot_description/environment/ament_prefix_path.sh
[0.519s] -- Up-to-date symlink: /home/chogene/turtlebot_ws/install/turtlebot_description/share/turtlebot_description/environment/ament_prefix_path.dsv
[0.520s] -- Up-to-date symlink: /home/chogene/turtlebot_ws/install/turtlebot_description/share/turtlebot_description/environment/path.sh
[0.520s] -- Up-to-date symlink: /home/chogene/turtlebot_ws/install/turtlebot_description/share/turtlebot_description/environment/path.dsv
[0.520s] -- Up-to-date symlink: /home/chogene/turtlebot_ws/install/turtlebot_description/share/turtlebot_description/local_setup.bash
[0.520s] -- Up-to-date symlink: /home/chogene/turtlebot_ws/install/turtlebot_description/share/turtlebot_description/local_setup.sh
[0.520s] -- Up-to-date symlink: /home/chogene/turtlebot_ws/install/turtlebot_description/share/turtlebot_description/local_setup.zsh
[0.520s] -- Up-to-date symlink: /home/chogene/turtlebot_ws/install/turtlebot_description/share/turtlebot_description/local_setup.dsv
[0.521s] -- Symlinking: /home/chogene/turtlebot_ws/install/turtlebot_description/share/turtlebot_description/package.dsv
[0.527s] -- Up-to-date symlink: /home/chogene/turtlebot_ws/install/turtlebot_description/share/ament_index/resource_index/packages/turtlebot_description
[0.527s] -- Up-to-date symlink: /home/chogene/turtlebot_ws/install/turtlebot_description/share/turtlebot_description/cmake/turtlebot_descriptionConfig.cmake
[0.527s] -- Up-to-date symlink: /home/chogene/turtlebot_ws/install/turtlebot_description/share/turtlebot_description/cmake/turtlebot_descriptionConfig-version.cmake
[0.527s] -- Up-to-date symlink: /home/chogene/turtlebot_ws/install/turtlebot_description/share/turtlebot_description/package.xml
[0.529s] Invoked command in '/home/chogene/turtlebot_ws/build/turtlebot_description' returned '0': CMAKE_PREFIX_PATH=${CMAKE_PREFIX_PATH}:/home/chogene/moveit_ws/install/moveit_configs_utils:/home/chogene/ros2_ws/install/turtle_control_pkg:/home/chogene/ros2_ws/install/robotic_arms_control:/home/chogene/ros2_ws/install/my_py_pkg:/home/chogene/ros2_ws/install/my_sphere_pkg:/home/chogene/ros2_ws/install/my_environment_pkg:/home/chogene/ros2_ws/install/my_doosan_pkg:/opt/ros/jazzy DEBUGINFOD_URLS=https://debuginfod.ubuntu.com /usr/local/bin/cmake --install /home/chogene/turtlebot_ws/build/turtlebot_description
