[0.268s] DEBUG:colcon:Command line arguments: ['/usr/bin/colcon', 'build', '--symlink-install']
[0.268s] DEBUG:colcon:Parsed command line arguments: Namespace(log_base=None, log_level=None, verb_name='build', build_base='build', install_base='install', merge_install=False, symlink_install=True, test_result_base=None, continue_on_error=False, executor='parallel', parallel_workers=8, event_handlers=None, ignore_user_meta=False, metas=['./colcon.meta'], base_paths=['.'], packages_ignore=None, packages_ignore_regex=None, paths=None, packages_up_to=None, packages_up_to_regex=None, packages_above=None, packages_above_and_dependencies=None, packages_above_depth=None, packages_select_by_dep=None, packages_skip_by_dep=None, packages_skip_up_to=None, packages_select_build_failed=False, packages_skip_build_finished=False, packages_select_test_failures=False, packages_skip_test_passed=False, packages_select=None, packages_skip=None, packages_select_regex=None, packages_skip_regex=None, packages_start=None, packages_end=None, allow_overriding=[], cmake_args=None, cmake_target=None, cmake_target_skip_unavailable=False, cmake_clean_cache=False, cmake_clean_first=False, cmake_force_configure=False, ament_cmake_args=None, catkin_cmake_args=None, catkin_skip_building_tests=False, mixin_files=None, mixin=None, verb_parser=<colcon_mixin.mixin.mixin_argument.MixinArgumentDecorator object at 0x7f4582eb7350>, verb_extension=<colcon_core.verb.build.BuildVerb object at 0x7f4581fd2840>, main=<bound method BuildVerb.main of <colcon_core.verb.build.BuildVerb object at 0x7f4581fd2840>>, mixin_verb=('build',))
[0.327s] Level 1:colcon.colcon_core.package_discovery:discover_packages(colcon_meta) check parameters
[0.327s] Level 1:colcon.colcon_core.package_discovery:discover_packages(recursive) check parameters
[0.327s] Level 1:colcon.colcon_core.package_discovery:discover_packages(ignore) check parameters
[0.327s] Level 1:colcon.colcon_core.package_discovery:discover_packages(path) check parameters
[0.327s] Level 1:colcon.colcon_core.package_discovery:discover_packages(colcon_meta) discover
[0.327s] Level 1:colcon.colcon_core.package_discovery:discover_packages(recursive) discover
[0.327s] INFO:colcon.colcon_core.package_discovery:Crawling recursively for packages in '/home/chogene/turtlebot_ws'
[0.327s] Level 1:colcon.colcon_core.package_identification:_identify(.) by extensions ['ignore', 'ignore_ament_install']
[0.327s] Level 1:colcon.colcon_core.package_identification:_identify(.) by extension 'ignore'
[0.327s] Level 1:colcon.colcon_core.package_identification:_identify(.) by extension 'ignore_ament_install'
[0.327s] Level 1:colcon.colcon_core.package_identification:_identify(.) by extensions ['colcon_pkg']
[0.327s] Level 1:colcon.colcon_core.package_identification:_identify(.) by extension 'colcon_pkg'
[0.327s] Level 1:colcon.colcon_core.package_identification:_identify(.) by extensions ['colcon_meta']
[0.327s] Level 1:colcon.colcon_core.package_identification:_identify(.) by extension 'colcon_meta'
[0.328s] Level 1:colcon.colcon_core.package_identification:_identify(.) by extensions ['ros']
[0.328s] Level 1:colcon.colcon_core.package_identification:_identify(.) by extension 'ros'
[0.367s] Level 1:colcon.colcon_core.package_identification:_identify(.) by extensions ['cmake', 'python']
[0.367s] Level 1:colcon.colcon_core.package_identification:_identify(.) by extension 'cmake'
[0.367s] Level 1:colcon.colcon_core.package_identification:_identify(.) by extension 'python'
[0.367s] Level 1:colcon.colcon_core.package_identification:_identify(.) by extensions ['python_setup_py']
[0.367s] Level 1:colcon.colcon_core.package_identification:_identify(.) by extension 'python_setup_py'
[0.368s] Level 1:colcon.colcon_core.package_identification:_identify(build) by extensions ['ignore', 'ignore_ament_install']
[0.368s] Level 1:colcon.colcon_core.package_identification:_identify(build) by extension 'ignore'
[0.368s] Level 1:colcon.colcon_core.package_identification:_identify(build) ignored
[0.368s] Level 1:colcon.colcon_core.package_identification:_identify(install) by extensions ['ignore', 'ignore_ament_install']
[0.368s] Level 1:colcon.colcon_core.package_identification:_identify(install) by extension 'ignore'
[0.368s] Level 1:colcon.colcon_core.package_identification:_identify(install) ignored
[0.368s] Level 1:colcon.colcon_core.package_identification:_identify(log) by extensions ['ignore', 'ignore_ament_install']
[0.369s] Level 1:colcon.colcon_core.package_identification:_identify(log) by extension 'ignore'
[0.369s] Level 1:colcon.colcon_core.package_identification:_identify(log) ignored
[0.369s] Level 1:colcon.colcon_core.package_identification:_identify(src) by extensions ['ignore', 'ignore_ament_install']
[0.369s] Level 1:colcon.colcon_core.package_identification:_identify(src) by extension 'ignore'
[0.369s] Level 1:colcon.colcon_core.package_identification:_identify(src) by extension 'ignore_ament_install'
[0.369s] Level 1:colcon.colcon_core.package_identification:_identify(src) by extensions ['colcon_pkg']
[0.369s] Level 1:colcon.colcon_core.package_identification:_identify(src) by extension 'colcon_pkg'
[0.370s] Level 1:colcon.colcon_core.package_identification:_identify(src) by extensions ['colcon_meta']
[0.370s] Level 1:colcon.colcon_core.package_identification:_identify(src) by extension 'colcon_meta'
[0.370s] Level 1:colcon.colcon_core.package_identification:_identify(src) by extensions ['ros']
[0.370s] Level 1:colcon.colcon_core.package_identification:_identify(src) by extension 'ros'
[0.370s] Level 1:colcon.colcon_core.package_identification:_identify(src) by extensions ['cmake', 'python']
[0.370s] Level 1:colcon.colcon_core.package_identification:_identify(src) by extension 'cmake'
[0.370s] Level 1:colcon.colcon_core.package_identification:_identify(src) by extension 'python'
[0.370s] Level 1:colcon.colcon_core.package_identification:_identify(src) by extensions ['python_setup_py']
[0.370s] Level 1:colcon.colcon_core.package_identification:_identify(src) by extension 'python_setup_py'
[0.370s] Level 1:colcon.colcon_core.package_identification:_identify(src/my_robot_bringup) by extensions ['ignore', 'ignore_ament_install']
[0.371s] Level 1:colcon.colcon_core.package_identification:_identify(src/my_robot_bringup) by extension 'ignore'
[0.371s] Level 1:colcon.colcon_core.package_identification:_identify(src/my_robot_bringup) by extension 'ignore_ament_install'
[0.371s] Level 1:colcon.colcon_core.package_identification:_identify(src/my_robot_bringup) by extensions ['colcon_pkg']
[0.371s] Level 1:colcon.colcon_core.package_identification:_identify(src/my_robot_bringup) by extension 'colcon_pkg'
[0.371s] Level 1:colcon.colcon_core.package_identification:_identify(src/my_robot_bringup) by extensions ['colcon_meta']
[0.371s] Level 1:colcon.colcon_core.package_identification:_identify(src/my_robot_bringup) by extension 'colcon_meta'
[0.371s] Level 1:colcon.colcon_core.package_identification:_identify(src/my_robot_bringup) by extensions ['ros']
[0.371s] Level 1:colcon.colcon_core.package_identification:_identify(src/my_robot_bringup) by extension 'ros'
[0.374s] DEBUG:colcon.colcon_core.package_identification:Package 'src/my_robot_bringup' with type 'ros.ament_cmake' and name 'my_robot_bringup'
[0.374s] Level 1:colcon.colcon_core.package_identification:_identify(src/turtlebot_description) by extensions ['ignore', 'ignore_ament_install']
[0.374s] Level 1:colcon.colcon_core.package_identification:_identify(src/turtlebot_description) by extension 'ignore'
[0.375s] Level 1:colcon.colcon_core.package_identification:_identify(src/turtlebot_description) by extension 'ignore_ament_install'
[0.375s] Level 1:colcon.colcon_core.package_identification:_identify(src/turtlebot_description) by extensions ['colcon_pkg']
[0.375s] Level 1:colcon.colcon_core.package_identification:_identify(src/turtlebot_description) by extension 'colcon_pkg'
[0.375s] Level 1:colcon.colcon_core.package_identification:_identify(src/turtlebot_description) by extensions ['colcon_meta']
[0.375s] Level 1:colcon.colcon_core.package_identification:_identify(src/turtlebot_description) by extension 'colcon_meta'
[0.375s] Level 1:colcon.colcon_core.package_identification:_identify(src/turtlebot_description) by extensions ['ros']
[0.375s] Level 1:colcon.colcon_core.package_identification:_identify(src/turtlebot_description) by extension 'ros'
[0.376s] DEBUG:colcon.colcon_core.package_identification:Package 'src/turtlebot_description' with type 'ros.ament_cmake' and name 'turtlebot_description'
[0.376s] Level 1:colcon.colcon_core.package_discovery:discover_packages(recursive) using defaults
[0.376s] Level 1:colcon.colcon_core.package_discovery:discover_packages(ignore) discover
[0.376s] Level 1:colcon.colcon_core.package_discovery:discover_packages(ignore) using defaults
[0.376s] Level 1:colcon.colcon_core.package_discovery:discover_packages(path) discover
[0.376s] Level 1:colcon.colcon_core.package_discovery:discover_packages(path) using defaults
[0.401s] Level 1:colcon.colcon_core.package_discovery:discover_packages(prefix_path) check parameters
[0.402s] Level 1:colcon.colcon_core.package_discovery:discover_packages(prefix_path) discover
[0.408s] DEBUG:colcon.colcon_installed_package_information.package_discovery:Found 2 installed packages in /home/chogene/turtlebot_ws/install
[0.412s] DEBUG:colcon.colcon_installed_package_information.package_discovery:Found 73 installed packages in /home/chogene/moveit_ws/install
[0.413s] DEBUG:colcon.colcon_installed_package_information.package_discovery:Found 1 installed packages in /home/chogene/ros2_ws/install
[0.416s] DEBUG:colcon.colcon_installed_package_information.package_discovery:Found 389 installed packages in /opt/ros/jazzy
[0.419s] Level 1:colcon.colcon_core.package_discovery:discover_packages(prefix_path) using defaults
[0.514s] Level 5:colcon.colcon_core.verb:set package 'turtlebot_description' build argument 'cmake_args' from command line to 'None'
[0.514s] Level 5:colcon.colcon_core.verb:set package 'turtlebot_description' build argument 'cmake_target' from command line to 'None'
[0.514s] Level 5:colcon.colcon_core.verb:set package 'turtlebot_description' build argument 'cmake_target_skip_unavailable' from command line to 'False'
[0.514s] Level 5:colcon.colcon_core.verb:set package 'turtlebot_description' build argument 'cmake_clean_cache' from command line to 'False'
[0.514s] Level 5:colcon.colcon_core.verb:set package 'turtlebot_description' build argument 'cmake_clean_first' from command line to 'False'
[0.514s] Level 5:colcon.colcon_core.verb:set package 'turtlebot_description' build argument 'cmake_force_configure' from command line to 'False'
[0.514s] Level 5:colcon.colcon_core.verb:set package 'turtlebot_description' build argument 'ament_cmake_args' from command line to 'None'
[0.514s] Level 5:colcon.colcon_core.verb:set package 'turtlebot_description' build argument 'catkin_cmake_args' from command line to 'None'
[0.514s] Level 5:colcon.colcon_core.verb:set package 'turtlebot_description' build argument 'catkin_skip_building_tests' from command line to 'False'
[0.514s] DEBUG:colcon.colcon_core.verb:Building package 'turtlebot_description' with the following arguments: {'ament_cmake_args': None, 'build_base': '/home/chogene/turtlebot_ws/build/turtlebot_description', 'catkin_cmake_args': None, 'catkin_skip_building_tests': False, 'cmake_args': None, 'cmake_clean_cache': False, 'cmake_clean_first': False, 'cmake_force_configure': False, 'cmake_target': None, 'cmake_target_skip_unavailable': False, 'install_base': '/home/chogene/turtlebot_ws/install/turtlebot_description', 'merge_install': False, 'path': '/home/chogene/turtlebot_ws/src/turtlebot_description', 'symlink_install': True, 'test_result_base': None}
[0.514s] Level 5:colcon.colcon_core.verb:set package 'my_robot_bringup' build argument 'cmake_args' from command line to 'None'
[0.514s] Level 5:colcon.colcon_core.verb:set package 'my_robot_bringup' build argument 'cmake_target' from command line to 'None'
[0.514s] Level 5:colcon.colcon_core.verb:set package 'my_robot_bringup' build argument 'cmake_target_skip_unavailable' from command line to 'False'
[0.514s] Level 5:colcon.colcon_core.verb:set package 'my_robot_bringup' build argument 'cmake_clean_cache' from command line to 'False'
[0.514s] Level 5:colcon.colcon_core.verb:set package 'my_robot_bringup' build argument 'cmake_clean_first' from command line to 'False'
[0.514s] Level 5:colcon.colcon_core.verb:set package 'my_robot_bringup' build argument 'cmake_force_configure' from command line to 'False'
[0.514s] Level 5:colcon.colcon_core.verb:set package 'my_robot_bringup' build argument 'ament_cmake_args' from command line to 'None'
[0.514s] Level 5:colcon.colcon_core.verb:set package 'my_robot_bringup' build argument 'catkin_cmake_args' from command line to 'None'
[0.515s] Level 5:colcon.colcon_core.verb:set package 'my_robot_bringup' build argument 'catkin_skip_building_tests' from command line to 'False'
[0.515s] DEBUG:colcon.colcon_core.verb:Building package 'my_robot_bringup' with the following arguments: {'ament_cmake_args': None, 'build_base': '/home/chogene/turtlebot_ws/build/my_robot_bringup', 'catkin_cmake_args': None, 'catkin_skip_building_tests': False, 'cmake_args': None, 'cmake_clean_cache': False, 'cmake_clean_first': False, 'cmake_force_configure': False, 'cmake_target': None, 'cmake_target_skip_unavailable': False, 'install_base': '/home/chogene/turtlebot_ws/install/my_robot_bringup', 'merge_install': False, 'path': '/home/chogene/turtlebot_ws/src/my_robot_bringup', 'symlink_install': True, 'test_result_base': None}
[0.515s] INFO:colcon.colcon_core.executor:Executing jobs using 'parallel' executor
[0.516s] DEBUG:colcon.colcon_parallel_executor.executor.parallel:run_until_complete
[0.516s] INFO:colcon.colcon_ros.task.ament_cmake.build:Building ROS package in '/home/chogene/turtlebot_ws/src/turtlebot_description' with build type 'ament_cmake'
[0.516s] INFO:colcon.colcon_cmake.task.cmake.build:Building CMake package in '/home/chogene/turtlebot_ws/src/turtlebot_description'
[0.520s] INFO:colcon.colcon_core.plugin_system:Skipping extension 'colcon_core.shell.bat': Not used on non-Windows systems
[0.520s] INFO:colcon.colcon_core.shell:Skip shell extension 'powershell' for command environment: Not usable outside of PowerShell
[0.520s] DEBUG:colcon.colcon_core.shell:Skip shell extension 'dsv' for command environment
[0.542s] DEBUG:colcon.colcon_core.event_handler.log_command:Invoking command in '/home/chogene/turtlebot_ws/build/turtlebot_description': CMAKE_PREFIX_PATH=${CMAKE_PREFIX_PATH}:/home/chogene/moveit_ws/install/moveit_configs_utils:/opt/ros/jazzy DEBUGINFOD_URLS=https://debuginfod.ubuntu.com /usr/bin/cmake --build /home/chogene/turtlebot_ws/build/turtlebot_description -- -j8 -l8
[0.606s] DEBUG:colcon.colcon_core.event_handler.log_command:Invoked command in '/home/chogene/turtlebot_ws/build/turtlebot_description' returned '0': CMAKE_PREFIX_PATH=${CMAKE_PREFIX_PATH}:/home/chogene/moveit_ws/install/moveit_configs_utils:/opt/ros/jazzy DEBUGINFOD_URLS=https://debuginfod.ubuntu.com /usr/bin/cmake --build /home/chogene/turtlebot_ws/build/turtlebot_description -- -j8 -l8
[0.623s] DEBUG:colcon.colcon_core.event_handler.log_command:Invoking command in '/home/chogene/turtlebot_ws/build/turtlebot_description': CMAKE_PREFIX_PATH=${CMAKE_PREFIX_PATH}:/home/chogene/moveit_ws/install/moveit_configs_utils:/opt/ros/jazzy DEBUGINFOD_URLS=https://debuginfod.ubuntu.com /usr/bin/cmake --install /home/chogene/turtlebot_ws/build/turtlebot_description
[0.663s] Level 1:colcon.colcon_core.environment:create_environment_scripts_only(turtlebot_description)
[0.663s] DEBUG:colcon.colcon_core.event_handler.log_command:Invoked command in '/home/chogene/turtlebot_ws/build/turtlebot_description' returned '0': CMAKE_PREFIX_PATH=${CMAKE_PREFIX_PATH}:/home/chogene/moveit_ws/install/moveit_configs_utils:/opt/ros/jazzy DEBUGINFOD_URLS=https://debuginfod.ubuntu.com /usr/bin/cmake --install /home/chogene/turtlebot_ws/build/turtlebot_description
[0.667s] Level 1:colcon.colcon_core.environment:checking '/home/chogene/turtlebot_ws/install/turtlebot_description' for CMake module files
[0.668s] Level 1:colcon.colcon_core.environment:checking '/home/chogene/turtlebot_ws/install/turtlebot_description' for CMake config files
[0.668s] Level 1:colcon.colcon_core.shell:create_environment_hook('turtlebot_description', 'cmake_prefix_path')
[0.669s] INFO:colcon.colcon_core.shell:Creating environment hook '/home/chogene/turtlebot_ws/install/turtlebot_description/share/turtlebot_description/hook/cmake_prefix_path.ps1'
[0.669s] INFO:colcon.colcon_core.shell:Creating environment descriptor '/home/chogene/turtlebot_ws/install/turtlebot_description/share/turtlebot_description/hook/cmake_prefix_path.dsv'
[0.670s] INFO:colcon.colcon_core.shell:Creating environment hook '/home/chogene/turtlebot_ws/install/turtlebot_description/share/turtlebot_description/hook/cmake_prefix_path.sh'
[0.671s] Level 1:colcon.colcon_core.environment:checking '/home/chogene/turtlebot_ws/install/turtlebot_description/bin'
[0.671s] Level 1:colcon.colcon_core.environment:checking '/home/chogene/turtlebot_ws/install/turtlebot_description/lib/pkgconfig/turtlebot_description.pc'
[0.671s] Level 1:colcon.colcon_core.environment:checking '/home/chogene/turtlebot_ws/install/turtlebot_description/lib/python3.12/site-packages'
[0.672s] Level 1:colcon.colcon_core.environment:checking '/home/chogene/turtlebot_ws/install/turtlebot_description/bin'
[0.672s] INFO:colcon.colcon_core.shell:Creating package script '/home/chogene/turtlebot_ws/install/turtlebot_description/share/turtlebot_description/package.ps1'
[0.673s] INFO:colcon.colcon_core.shell:Creating package descriptor '/home/chogene/turtlebot_ws/install/turtlebot_description/share/turtlebot_description/package.dsv'
[0.674s] INFO:colcon.colcon_core.shell:Creating package script '/home/chogene/turtlebot_ws/install/turtlebot_description/share/turtlebot_description/package.sh'
[0.675s] INFO:colcon.colcon_core.shell:Creating package script '/home/chogene/turtlebot_ws/install/turtlebot_description/share/turtlebot_description/package.bash'
[0.676s] INFO:colcon.colcon_core.shell:Creating package script '/home/chogene/turtlebot_ws/install/turtlebot_description/share/turtlebot_description/package.zsh'
[0.677s] Level 1:colcon.colcon_core.environment:create_file_with_runtime_dependencies(/home/chogene/turtlebot_ws/install/turtlebot_description/share/colcon-core/packages/turtlebot_description)
[0.677s] Level 1:colcon.colcon_core.environment:create_environment_scripts_only(turtlebot_description)
[0.678s] Level 1:colcon.colcon_core.environment:checking '/home/chogene/turtlebot_ws/install/turtlebot_description' for CMake module files
[0.678s] Level 1:colcon.colcon_core.environment:checking '/home/chogene/turtlebot_ws/install/turtlebot_description' for CMake config files
[0.679s] Level 1:colcon.colcon_core.shell:create_environment_hook('turtlebot_description', 'cmake_prefix_path')
[0.679s] INFO:colcon.colcon_core.shell:Creating environment hook '/home/chogene/turtlebot_ws/install/turtlebot_description/share/turtlebot_description/hook/cmake_prefix_path.ps1'
[0.679s] INFO:colcon.colcon_core.shell:Creating environment descriptor '/home/chogene/turtlebot_ws/install/turtlebot_description/share/turtlebot_description/hook/cmake_prefix_path.dsv'
[0.680s] INFO:colcon.colcon_core.shell:Creating environment hook '/home/chogene/turtlebot_ws/install/turtlebot_description/share/turtlebot_description/hook/cmake_prefix_path.sh'
[0.680s] Level 1:colcon.colcon_core.environment:checking '/home/chogene/turtlebot_ws/install/turtlebot_description/bin'
[0.680s] Level 1:colcon.colcon_core.environment:checking '/home/chogene/turtlebot_ws/install/turtlebot_description/lib/pkgconfig/turtlebot_description.pc'
[0.681s] Level 1:colcon.colcon_core.environment:checking '/home/chogene/turtlebot_ws/install/turtlebot_description/lib/python3.12/site-packages'
[0.681s] Level 1:colcon.colcon_core.environment:checking '/home/chogene/turtlebot_ws/install/turtlebot_description/bin'
[0.681s] INFO:colcon.colcon_core.shell:Creating package script '/home/chogene/turtlebot_ws/install/turtlebot_description/share/turtlebot_description/package.ps1'
[0.682s] INFO:colcon.colcon_core.shell:Creating package descriptor '/home/chogene/turtlebot_ws/install/turtlebot_description/share/turtlebot_description/package.dsv'
[0.683s] INFO:colcon.colcon_core.shell:Creating package script '/home/chogene/turtlebot_ws/install/turtlebot_description/share/turtlebot_description/package.sh'
[0.683s] INFO:colcon.colcon_core.shell:Creating package script '/home/chogene/turtlebot_ws/install/turtlebot_description/share/turtlebot_description/package.bash'
[0.684s] INFO:colcon.colcon_core.shell:Creating package script '/home/chogene/turtlebot_ws/install/turtlebot_description/share/turtlebot_description/package.zsh'
[0.684s] Level 1:colcon.colcon_core.environment:create_file_with_runtime_dependencies(/home/chogene/turtlebot_ws/install/turtlebot_description/share/colcon-core/packages/turtlebot_description)
[0.685s] INFO:colcon.colcon_ros.task.ament_cmake.build:Building ROS package in '/home/chogene/turtlebot_ws/src/my_robot_bringup' with build type 'ament_cmake'
[0.685s] INFO:colcon.colcon_cmake.task.cmake.build:Building CMake package in '/home/chogene/turtlebot_ws/src/my_robot_bringup'
[0.685s] INFO:colcon.colcon_core.shell:Skip shell extension 'powershell' for command environment: Not usable outside of PowerShell
[0.685s] DEBUG:colcon.colcon_core.shell:Skip shell extension 'dsv' for command environment
[0.765s] DEBUG:colcon.colcon_core.event_handler.log_command:Invoking command in '/home/chogene/turtlebot_ws/build/my_robot_bringup': CMAKE_PREFIX_PATH=/home/chogene/turtlebot_ws/install/turtlebot_description:/home/chogene/turtlebot_ws/install/my_robot_bringup:/home/chogene/moveit_ws/install/robotiq_hardware_tests:/home/chogene/moveit_ws/install/robotiq_driver:/home/chogene/moveit_ws/install/serial:/home/chogene/moveit_ws/install/moveit2_tutorials:/home/chogene/moveit_ws/install/moveit_visual_tools:/home/chogene/moveit_ws/install/rviz_visual_tools:/home/chogene/moveit_ws/install/moveit_task_constructor_visualization:/home/chogene/moveit_ws/install/moveit_task_constructor_demo:/home/chogene/moveit_ws/install/moveit_task_constructor_capabilities:/home/chogene/moveit_ws/install/moveit_task_constructor_core:/home/chogene/moveit_ws/install/rviz_marker_tools:/home/chogene/moveit_ws/install/kortex_bringup:/home/chogene/moveit_ws/install/kinova_gen3_lite_moveit_config:/home/chogene/moveit_ws/install/kinova_gen3_7dof_robotiq_2f_85_moveit_config:/home/chogene/moveit_ws/install/kinova_gen3_6dof_robotiq_2f_85_moveit_config:/home/chogene/moveit_ws/install/kortex_description:/home/chogene/moveit_ws/install/robotiq_description:/home/chogene/moveit_ws/install/robotiq_controllers:/home/chogene/moveit_ws/install/pilz_industrial_motion_planner_testutils:/home/chogene/moveit_ws/install/moveit_runtime:/home/chogene/moveit_ws/install/moveit:/home/chogene/moveit_ws/install/moveit_planners:/home/chogene/moveit_ws/install/pilz_industrial_motion_planner:/home/chogene/moveit_ws/install/moveit_task_constructor_msgs:/home/chogene/moveit_ws/install/moveit_ros_control_interface:/home/chogene/moveit_ws/install/moveit_plugins:/home/chogene/moveit_ws/install/moveit_simple_controller_manager:/home/chogene/moveit_ws/install/moveit_setup_assistant:/home/chogene/moveit_ws/install/moveit_setup_srdf_plugins:/home/chogene/moveit_ws/install/moveit_setup_core_plugins:/home/chogene/moveit_ws/install/moveit_setup_controllers:/home/chogene/moveit_ws/install/moveit_setup_app_plugins:/home/chogene/moveit_ws/install/moveit_setup_framework:/home/chogene/moveit_ws/install/moveit_servo:/home/chogene/moveit_ws/install/moveit_ros_trajectory_cache:/home/chogene/moveit_ws/install/moveit_ros:/home/chogene/moveit_ws/install/moveit_ros_visualization:/home/chogene/moveit_ws/install/moveit_py:/home/chogene/moveit_ws/install/moveit_hybrid_planning:/home/chogene/moveit_ws/install/moveit_ros_planning_interface:/home/chogene/moveit_ws/install/moveit_ros_benchmarks:/home/chogene/moveit_ws/install/moveit_ros_warehouse:/home/chogene/moveit_ws/install/moveit_ros_robot_interaction:/home/chogene/moveit_ws/install/moveit_ros_perception:/home/chogene/moveit_ws/install/moveit_resources_prbt_pg70_support:/home/chogene/moveit_ws/install/moveit_resources_prbt_moveit_config:/home/chogene/moveit_ws/install/moveit_ros_move_group:/home/chogene/moveit_ws/install/moveit_planners_ompl:/home/chogene/moveit_ws/install/moveit_kinematics:/home/chogene/moveit_ws/install/moveit_ros_planning:/home/chogene/moveit_ws/install/moveit_ros_occupancy_map_monitor:/home/chogene/moveit_ws/install/moveit_resources_prbt_support:/home/chogene/moveit_ws/install/moveit_resources_prbt_ikfast_manipulator_plugin:/home/chogene/moveit_ws/install/moveit_resources:/home/chogene/moveit_ws/install/moveit_resources_pr2_description:/home/chogene/moveit_ws/install/moveit_resources_panda_moveit_config:/home/chogene/moveit_ws/install/dual_arm_panda_moveit_config:/home/chogene/moveit_ws/install/moveit_resources_panda_description:/home/chogene/moveit_ws/install/moveit_resources_fanuc_moveit_config:/home/chogene/moveit_ws/install/moveit_resources_fanuc_description:/home/chogene/moveit_ws/install/moveit_planners_stomp:/home/chogene/moveit_ws/install/moveit_planners_chomp:/home/chogene/moveit_ws/install/chomp_motion_planner:/home/chogene/moveit_ws/install/moveit_core:/home/chogene/moveit_ws/install/moveit_msgs:/home/chogene/moveit_ws/install/moveit_common:/home/chogene/moveit_ws/install/kortex_driver:/home/chogene/moveit_ws/install/kortex_api:/home/chogene/moveit_ws/install/gz_ros2_control_tests:/home/chogene/moveit_ws/install/gz_ros2_control_demos:/home/chogene/moveit_ws/install/gz_ros2_control:/home/chogene/ros2_ws/install/my_robot_interfaces:/opt/ros/jazzy/opt/gz_sim_vendor:/opt/ros/jazzy/opt/gz_sensors_vendor:/opt/ros/jazzy/opt/gz_physics_vendor:/opt/ros/jazzy/opt/sdformat_vendor:/opt/ros/jazzy/opt/gz_gui_vendor:/opt/ros/jazzy/opt/gz_transport_vendor:/opt/ros/jazzy/opt/gz_rendering_vendor:/opt/ros/jazzy/opt/gz_plugin_vendor:/opt/ros/jazzy/opt/gz_fuel_tools_vendor:/opt/ros/jazzy/opt/gz_msgs_vendor:/opt/ros/jazzy/opt/gz_common_vendor:/opt/ros/jazzy/opt/gz_math_vendor:/opt/ros/jazzy/opt/gz_utils_vendor:/opt/ros/jazzy/opt/gz_tools_vendor:/opt/ros/jazzy/opt/gz_ogre_next_vendor:/opt/ros/jazzy/opt/gz_dartsim_vendor:/opt/ros/jazzy/opt/gz_cmake_vendor:/home/chogene/moveit_ws/install/moveit_configs_utils:/opt/ros/jazzy DEBUGINFOD_URLS=https://debuginfod.ubuntu.com /usr/bin/cmake --build /home/chogene/turtlebot_ws/build/my_robot_bringup -- -j8 -l8
[0.831s] DEBUG:colcon.colcon_core.event_handler.log_command:Invoked command in '/home/chogene/turtlebot_ws/build/my_robot_bringup' returned '0': CMAKE_PREFIX_PATH=/home/chogene/turtlebot_ws/install/turtlebot_description:/home/chogene/turtlebot_ws/install/my_robot_bringup:/home/chogene/moveit_ws/install/robotiq_hardware_tests:/home/chogene/moveit_ws/install/robotiq_driver:/home/chogene/moveit_ws/install/serial:/home/chogene/moveit_ws/install/moveit2_tutorials:/home/chogene/moveit_ws/install/moveit_visual_tools:/home/chogene/moveit_ws/install/rviz_visual_tools:/home/chogene/moveit_ws/install/moveit_task_constructor_visualization:/home/chogene/moveit_ws/install/moveit_task_constructor_demo:/home/chogene/moveit_ws/install/moveit_task_constructor_capabilities:/home/chogene/moveit_ws/install/moveit_task_constructor_core:/home/chogene/moveit_ws/install/rviz_marker_tools:/home/chogene/moveit_ws/install/kortex_bringup:/home/chogene/moveit_ws/install/kinova_gen3_lite_moveit_config:/home/chogene/moveit_ws/install/kinova_gen3_7dof_robotiq_2f_85_moveit_config:/home/chogene/moveit_ws/install/kinova_gen3_6dof_robotiq_2f_85_moveit_config:/home/chogene/moveit_ws/install/kortex_description:/home/chogene/moveit_ws/install/robotiq_description:/home/chogene/moveit_ws/install/robotiq_controllers:/home/chogene/moveit_ws/install/pilz_industrial_motion_planner_testutils:/home/chogene/moveit_ws/install/moveit_runtime:/home/chogene/moveit_ws/install/moveit:/home/chogene/moveit_ws/install/moveit_planners:/home/chogene/moveit_ws/install/pilz_industrial_motion_planner:/home/chogene/moveit_ws/install/moveit_task_constructor_msgs:/home/chogene/moveit_ws/install/moveit_ros_control_interface:/home/chogene/moveit_ws/install/moveit_plugins:/home/chogene/moveit_ws/install/moveit_simple_controller_manager:/home/chogene/moveit_ws/install/moveit_setup_assistant:/home/chogene/moveit_ws/install/moveit_setup_srdf_plugins:/home/chogene/moveit_ws/install/moveit_setup_core_plugins:/home/chogene/moveit_ws/install/moveit_setup_controllers:/home/chogene/moveit_ws/install/moveit_setup_app_plugins:/home/chogene/moveit_ws/install/moveit_setup_framework:/home/chogene/moveit_ws/install/moveit_servo:/home/chogene/moveit_ws/install/moveit_ros_trajectory_cache:/home/chogene/moveit_ws/install/moveit_ros:/home/chogene/moveit_ws/install/moveit_ros_visualization:/home/chogene/moveit_ws/install/moveit_py:/home/chogene/moveit_ws/install/moveit_hybrid_planning:/home/chogene/moveit_ws/install/moveit_ros_planning_interface:/home/chogene/moveit_ws/install/moveit_ros_benchmarks:/home/chogene/moveit_ws/install/moveit_ros_warehouse:/home/chogene/moveit_ws/install/moveit_ros_robot_interaction:/home/chogene/moveit_ws/install/moveit_ros_perception:/home/chogene/moveit_ws/install/moveit_resources_prbt_pg70_support:/home/chogene/moveit_ws/install/moveit_resources_prbt_moveit_config:/home/chogene/moveit_ws/install/moveit_ros_move_group:/home/chogene/moveit_ws/install/moveit_planners_ompl:/home/chogene/moveit_ws/install/moveit_kinematics:/home/chogene/moveit_ws/install/moveit_ros_planning:/home/chogene/moveit_ws/install/moveit_ros_occupancy_map_monitor:/home/chogene/moveit_ws/install/moveit_resources_prbt_support:/home/chogene/moveit_ws/install/moveit_resources_prbt_ikfast_manipulator_plugin:/home/chogene/moveit_ws/install/moveit_resources:/home/chogene/moveit_ws/install/moveit_resources_pr2_description:/home/chogene/moveit_ws/install/moveit_resources_panda_moveit_config:/home/chogene/moveit_ws/install/dual_arm_panda_moveit_config:/home/chogene/moveit_ws/install/moveit_resources_panda_description:/home/chogene/moveit_ws/install/moveit_resources_fanuc_moveit_config:/home/chogene/moveit_ws/install/moveit_resources_fanuc_description:/home/chogene/moveit_ws/install/moveit_planners_stomp:/home/chogene/moveit_ws/install/moveit_planners_chomp:/home/chogene/moveit_ws/install/chomp_motion_planner:/home/chogene/moveit_ws/install/moveit_core:/home/chogene/moveit_ws/install/moveit_msgs:/home/chogene/moveit_ws/install/moveit_common:/home/chogene/moveit_ws/install/kortex_driver:/home/chogene/moveit_ws/install/kortex_api:/home/chogene/moveit_ws/install/gz_ros2_control_tests:/home/chogene/moveit_ws/install/gz_ros2_control_demos:/home/chogene/moveit_ws/install/gz_ros2_control:/home/chogene/ros2_ws/install/my_robot_interfaces:/opt/ros/jazzy/opt/gz_sim_vendor:/opt/ros/jazzy/opt/gz_sensors_vendor:/opt/ros/jazzy/opt/gz_physics_vendor:/opt/ros/jazzy/opt/sdformat_vendor:/opt/ros/jazzy/opt/gz_gui_vendor:/opt/ros/jazzy/opt/gz_transport_vendor:/opt/ros/jazzy/opt/gz_rendering_vendor:/opt/ros/jazzy/opt/gz_plugin_vendor:/opt/ros/jazzy/opt/gz_fuel_tools_vendor:/opt/ros/jazzy/opt/gz_msgs_vendor:/opt/ros/jazzy/opt/gz_common_vendor:/opt/ros/jazzy/opt/gz_math_vendor:/opt/ros/jazzy/opt/gz_utils_vendor:/opt/ros/jazzy/opt/gz_tools_vendor:/opt/ros/jazzy/opt/gz_ogre_next_vendor:/opt/ros/jazzy/opt/gz_dartsim_vendor:/opt/ros/jazzy/opt/gz_cmake_vendor:/home/chogene/moveit_ws/install/moveit_configs_utils:/opt/ros/jazzy DEBUGINFOD_URLS=https://debuginfod.ubuntu.com /usr/bin/cmake --build /home/chogene/turtlebot_ws/build/my_robot_bringup -- -j8 -l8
[0.832s] DEBUG:colcon.colcon_core.event_handler.log_command:Invoking command in '/home/chogene/turtlebot_ws/build/my_robot_bringup': CMAKE_PREFIX_PATH=/home/chogene/turtlebot_ws/install/turtlebot_description:/home/chogene/turtlebot_ws/install/my_robot_bringup:/home/chogene/moveit_ws/install/robotiq_hardware_tests:/home/chogene/moveit_ws/install/robotiq_driver:/home/chogene/moveit_ws/install/serial:/home/chogene/moveit_ws/install/moveit2_tutorials:/home/chogene/moveit_ws/install/moveit_visual_tools:/home/chogene/moveit_ws/install/rviz_visual_tools:/home/chogene/moveit_ws/install/moveit_task_constructor_visualization:/home/chogene/moveit_ws/install/moveit_task_constructor_demo:/home/chogene/moveit_ws/install/moveit_task_constructor_capabilities:/home/chogene/moveit_ws/install/moveit_task_constructor_core:/home/chogene/moveit_ws/install/rviz_marker_tools:/home/chogene/moveit_ws/install/kortex_bringup:/home/chogene/moveit_ws/install/kinova_gen3_lite_moveit_config:/home/chogene/moveit_ws/install/kinova_gen3_7dof_robotiq_2f_85_moveit_config:/home/chogene/moveit_ws/install/kinova_gen3_6dof_robotiq_2f_85_moveit_config:/home/chogene/moveit_ws/install/kortex_description:/home/chogene/moveit_ws/install/robotiq_description:/home/chogene/moveit_ws/install/robotiq_controllers:/home/chogene/moveit_ws/install/pilz_industrial_motion_planner_testutils:/home/chogene/moveit_ws/install/moveit_runtime:/home/chogene/moveit_ws/install/moveit:/home/chogene/moveit_ws/install/moveit_planners:/home/chogene/moveit_ws/install/pilz_industrial_motion_planner:/home/chogene/moveit_ws/install/moveit_task_constructor_msgs:/home/chogene/moveit_ws/install/moveit_ros_control_interface:/home/chogene/moveit_ws/install/moveit_plugins:/home/chogene/moveit_ws/install/moveit_simple_controller_manager:/home/chogene/moveit_ws/install/moveit_setup_assistant:/home/chogene/moveit_ws/install/moveit_setup_srdf_plugins:/home/chogene/moveit_ws/install/moveit_setup_core_plugins:/home/chogene/moveit_ws/install/moveit_setup_controllers:/home/chogene/moveit_ws/install/moveit_setup_app_plugins:/home/chogene/moveit_ws/install/moveit_setup_framework:/home/chogene/moveit_ws/install/moveit_servo:/home/chogene/moveit_ws/install/moveit_ros_trajectory_cache:/home/chogene/moveit_ws/install/moveit_ros:/home/chogene/moveit_ws/install/moveit_ros_visualization:/home/chogene/moveit_ws/install/moveit_py:/home/chogene/moveit_ws/install/moveit_hybrid_planning:/home/chogene/moveit_ws/install/moveit_ros_planning_interface:/home/chogene/moveit_ws/install/moveit_ros_benchmarks:/home/chogene/moveit_ws/install/moveit_ros_warehouse:/home/chogene/moveit_ws/install/moveit_ros_robot_interaction:/home/chogene/moveit_ws/install/moveit_ros_perception:/home/chogene/moveit_ws/install/moveit_resources_prbt_pg70_support:/home/chogene/moveit_ws/install/moveit_resources_prbt_moveit_config:/home/chogene/moveit_ws/install/moveit_ros_move_group:/home/chogene/moveit_ws/install/moveit_planners_ompl:/home/chogene/moveit_ws/install/moveit_kinematics:/home/chogene/moveit_ws/install/moveit_ros_planning:/home/chogene/moveit_ws/install/moveit_ros_occupancy_map_monitor:/home/chogene/moveit_ws/install/moveit_resources_prbt_support:/home/chogene/moveit_ws/install/moveit_resources_prbt_ikfast_manipulator_plugin:/home/chogene/moveit_ws/install/moveit_resources:/home/chogene/moveit_ws/install/moveit_resources_pr2_description:/home/chogene/moveit_ws/install/moveit_resources_panda_moveit_config:/home/chogene/moveit_ws/install/dual_arm_panda_moveit_config:/home/chogene/moveit_ws/install/moveit_resources_panda_description:/home/chogene/moveit_ws/install/moveit_resources_fanuc_moveit_config:/home/chogene/moveit_ws/install/moveit_resources_fanuc_description:/home/chogene/moveit_ws/install/moveit_planners_stomp:/home/chogene/moveit_ws/install/moveit_planners_chomp:/home/chogene/moveit_ws/install/chomp_motion_planner:/home/chogene/moveit_ws/install/moveit_core:/home/chogene/moveit_ws/install/moveit_msgs:/home/chogene/moveit_ws/install/moveit_common:/home/chogene/moveit_ws/install/kortex_driver:/home/chogene/moveit_ws/install/kortex_api:/home/chogene/moveit_ws/install/gz_ros2_control_tests:/home/chogene/moveit_ws/install/gz_ros2_control_demos:/home/chogene/moveit_ws/install/gz_ros2_control:/home/chogene/ros2_ws/install/my_robot_interfaces:/opt/ros/jazzy/opt/gz_sim_vendor:/opt/ros/jazzy/opt/gz_sensors_vendor:/opt/ros/jazzy/opt/gz_physics_vendor:/opt/ros/jazzy/opt/sdformat_vendor:/opt/ros/jazzy/opt/gz_gui_vendor:/opt/ros/jazzy/opt/gz_transport_vendor:/opt/ros/jazzy/opt/gz_rendering_vendor:/opt/ros/jazzy/opt/gz_plugin_vendor:/opt/ros/jazzy/opt/gz_fuel_tools_vendor:/opt/ros/jazzy/opt/gz_msgs_vendor:/opt/ros/jazzy/opt/gz_common_vendor:/opt/ros/jazzy/opt/gz_math_vendor:/opt/ros/jazzy/opt/gz_utils_vendor:/opt/ros/jazzy/opt/gz_tools_vendor:/opt/ros/jazzy/opt/gz_ogre_next_vendor:/opt/ros/jazzy/opt/gz_dartsim_vendor:/opt/ros/jazzy/opt/gz_cmake_vendor:/home/chogene/moveit_ws/install/moveit_configs_utils:/opt/ros/jazzy DEBUGINFOD_URLS=https://debuginfod.ubuntu.com /usr/bin/cmake --install /home/chogene/turtlebot_ws/build/my_robot_bringup
[0.870s] Level 1:colcon.colcon_core.environment:create_environment_scripts_only(my_robot_bringup)
[0.871s] Level 1:colcon.colcon_core.environment:checking '/home/chogene/turtlebot_ws/install/my_robot_bringup' for CMake module files
[0.872s] DEBUG:colcon.colcon_core.event_handler.log_command:Invoked command in '/home/chogene/turtlebot_ws/build/my_robot_bringup' returned '0': CMAKE_PREFIX_PATH=/home/chogene/turtlebot_ws/install/turtlebot_description:/home/chogene/turtlebot_ws/install/my_robot_bringup:/home/chogene/moveit_ws/install/robotiq_hardware_tests:/home/chogene/moveit_ws/install/robotiq_driver:/home/chogene/moveit_ws/install/serial:/home/chogene/moveit_ws/install/moveit2_tutorials:/home/chogene/moveit_ws/install/moveit_visual_tools:/home/chogene/moveit_ws/install/rviz_visual_tools:/home/chogene/moveit_ws/install/moveit_task_constructor_visualization:/home/chogene/moveit_ws/install/moveit_task_constructor_demo:/home/chogene/moveit_ws/install/moveit_task_constructor_capabilities:/home/chogene/moveit_ws/install/moveit_task_constructor_core:/home/chogene/moveit_ws/install/rviz_marker_tools:/home/chogene/moveit_ws/install/kortex_bringup:/home/chogene/moveit_ws/install/kinova_gen3_lite_moveit_config:/home/chogene/moveit_ws/install/kinova_gen3_7dof_robotiq_2f_85_moveit_config:/home/chogene/moveit_ws/install/kinova_gen3_6dof_robotiq_2f_85_moveit_config:/home/chogene/moveit_ws/install/kortex_description:/home/chogene/moveit_ws/install/robotiq_description:/home/chogene/moveit_ws/install/robotiq_controllers:/home/chogene/moveit_ws/install/pilz_industrial_motion_planner_testutils:/home/chogene/moveit_ws/install/moveit_runtime:/home/chogene/moveit_ws/install/moveit:/home/chogene/moveit_ws/install/moveit_planners:/home/chogene/moveit_ws/install/pilz_industrial_motion_planner:/home/chogene/moveit_ws/install/moveit_task_constructor_msgs:/home/chogene/moveit_ws/install/moveit_ros_control_interface:/home/chogene/moveit_ws/install/moveit_plugins:/home/chogene/moveit_ws/install/moveit_simple_controller_manager:/home/chogene/moveit_ws/install/moveit_setup_assistant:/home/chogene/moveit_ws/install/moveit_setup_srdf_plugins:/home/chogene/moveit_ws/install/moveit_setup_core_plugins:/home/chogene/moveit_ws/install/moveit_setup_controllers:/home/chogene/moveit_ws/install/moveit_setup_app_plugins:/home/chogene/moveit_ws/install/moveit_setup_framework:/home/chogene/moveit_ws/install/moveit_servo:/home/chogene/moveit_ws/install/moveit_ros_trajectory_cache:/home/chogene/moveit_ws/install/moveit_ros:/home/chogene/moveit_ws/install/moveit_ros_visualization:/home/chogene/moveit_ws/install/moveit_py:/home/chogene/moveit_ws/install/moveit_hybrid_planning:/home/chogene/moveit_ws/install/moveit_ros_planning_interface:/home/chogene/moveit_ws/install/moveit_ros_benchmarks:/home/chogene/moveit_ws/install/moveit_ros_warehouse:/home/chogene/moveit_ws/install/moveit_ros_robot_interaction:/home/chogene/moveit_ws/install/moveit_ros_perception:/home/chogene/moveit_ws/install/moveit_resources_prbt_pg70_support:/home/chogene/moveit_ws/install/moveit_resources_prbt_moveit_config:/home/chogene/moveit_ws/install/moveit_ros_move_group:/home/chogene/moveit_ws/install/moveit_planners_ompl:/home/chogene/moveit_ws/install/moveit_kinematics:/home/chogene/moveit_ws/install/moveit_ros_planning:/home/chogene/moveit_ws/install/moveit_ros_occupancy_map_monitor:/home/chogene/moveit_ws/install/moveit_resources_prbt_support:/home/chogene/moveit_ws/install/moveit_resources_prbt_ikfast_manipulator_plugin:/home/chogene/moveit_ws/install/moveit_resources:/home/chogene/moveit_ws/install/moveit_resources_pr2_description:/home/chogene/moveit_ws/install/moveit_resources_panda_moveit_config:/home/chogene/moveit_ws/install/dual_arm_panda_moveit_config:/home/chogene/moveit_ws/install/moveit_resources_panda_description:/home/chogene/moveit_ws/install/moveit_resources_fanuc_moveit_config:/home/chogene/moveit_ws/install/moveit_resources_fanuc_description:/home/chogene/moveit_ws/install/moveit_planners_stomp:/home/chogene/moveit_ws/install/moveit_planners_chomp:/home/chogene/moveit_ws/install/chomp_motion_planner:/home/chogene/moveit_ws/install/moveit_core:/home/chogene/moveit_ws/install/moveit_msgs:/home/chogene/moveit_ws/install/moveit_common:/home/chogene/moveit_ws/install/kortex_driver:/home/chogene/moveit_ws/install/kortex_api:/home/chogene/moveit_ws/install/gz_ros2_control_tests:/home/chogene/moveit_ws/install/gz_ros2_control_demos:/home/chogene/moveit_ws/install/gz_ros2_control:/home/chogene/ros2_ws/install/my_robot_interfaces:/opt/ros/jazzy/opt/gz_sim_vendor:/opt/ros/jazzy/opt/gz_sensors_vendor:/opt/ros/jazzy/opt/gz_physics_vendor:/opt/ros/jazzy/opt/sdformat_vendor:/opt/ros/jazzy/opt/gz_gui_vendor:/opt/ros/jazzy/opt/gz_transport_vendor:/opt/ros/jazzy/opt/gz_rendering_vendor:/opt/ros/jazzy/opt/gz_plugin_vendor:/opt/ros/jazzy/opt/gz_fuel_tools_vendor:/opt/ros/jazzy/opt/gz_msgs_vendor:/opt/ros/jazzy/opt/gz_common_vendor:/opt/ros/jazzy/opt/gz_math_vendor:/opt/ros/jazzy/opt/gz_utils_vendor:/opt/ros/jazzy/opt/gz_tools_vendor:/opt/ros/jazzy/opt/gz_ogre_next_vendor:/opt/ros/jazzy/opt/gz_dartsim_vendor:/opt/ros/jazzy/opt/gz_cmake_vendor:/home/chogene/moveit_ws/install/moveit_configs_utils:/opt/ros/jazzy DEBUGINFOD_URLS=https://debuginfod.ubuntu.com /usr/bin/cmake --install /home/chogene/turtlebot_ws/build/my_robot_bringup
[0.872s] Level 1:colcon.colcon_core.environment:checking '/home/chogene/turtlebot_ws/install/my_robot_bringup' for CMake config files
[0.873s] Level 1:colcon.colcon_core.shell:create_environment_hook('my_robot_bringup', 'cmake_prefix_path')
[0.873s] INFO:colcon.colcon_core.shell:Creating environment hook '/home/chogene/turtlebot_ws/install/my_robot_bringup/share/my_robot_bringup/hook/cmake_prefix_path.ps1'
[0.874s] INFO:colcon.colcon_core.shell:Creating environment descriptor '/home/chogene/turtlebot_ws/install/my_robot_bringup/share/my_robot_bringup/hook/cmake_prefix_path.dsv'
[0.874s] INFO:colcon.colcon_core.shell:Creating environment hook '/home/chogene/turtlebot_ws/install/my_robot_bringup/share/my_robot_bringup/hook/cmake_prefix_path.sh'
[0.875s] Level 1:colcon.colcon_core.environment:checking '/home/chogene/turtlebot_ws/install/my_robot_bringup/bin'
[0.875s] Level 1:colcon.colcon_core.environment:checking '/home/chogene/turtlebot_ws/install/my_robot_bringup/lib/pkgconfig/my_robot_bringup.pc'
[0.875s] Level 1:colcon.colcon_core.environment:checking '/home/chogene/turtlebot_ws/install/my_robot_bringup/lib/python3.12/site-packages'
[0.875s] Level 1:colcon.colcon_core.environment:checking '/home/chogene/turtlebot_ws/install/my_robot_bringup/bin'
[0.876s] INFO:colcon.colcon_core.shell:Creating package script '/home/chogene/turtlebot_ws/install/my_robot_bringup/share/my_robot_bringup/package.ps1'
[0.876s] INFO:colcon.colcon_core.shell:Creating package descriptor '/home/chogene/turtlebot_ws/install/my_robot_bringup/share/my_robot_bringup/package.dsv'
[0.877s] INFO:colcon.colcon_core.shell:Creating package script '/home/chogene/turtlebot_ws/install/my_robot_bringup/share/my_robot_bringup/package.sh'
[0.877s] INFO:colcon.colcon_core.shell:Creating package script '/home/chogene/turtlebot_ws/install/my_robot_bringup/share/my_robot_bringup/package.bash'
[0.878s] INFO:colcon.colcon_core.shell:Creating package script '/home/chogene/turtlebot_ws/install/my_robot_bringup/share/my_robot_bringup/package.zsh'
[0.878s] Level 1:colcon.colcon_core.environment:create_file_with_runtime_dependencies(/home/chogene/turtlebot_ws/install/my_robot_bringup/share/colcon-core/packages/my_robot_bringup)
[0.879s] Level 1:colcon.colcon_core.environment:create_environment_scripts_only(my_robot_bringup)
[0.879s] Level 1:colcon.colcon_core.environment:checking '/home/chogene/turtlebot_ws/install/my_robot_bringup' for CMake module files
[0.879s] Level 1:colcon.colcon_core.environment:checking '/home/chogene/turtlebot_ws/install/my_robot_bringup' for CMake config files
[0.880s] Level 1:colcon.colcon_core.shell:create_environment_hook('my_robot_bringup', 'cmake_prefix_path')
[0.880s] INFO:colcon.colcon_core.shell:Creating environment hook '/home/chogene/turtlebot_ws/install/my_robot_bringup/share/my_robot_bringup/hook/cmake_prefix_path.ps1'
[0.880s] INFO:colcon.colcon_core.shell:Creating environment descriptor '/home/chogene/turtlebot_ws/install/my_robot_bringup/share/my_robot_bringup/hook/cmake_prefix_path.dsv'
[0.881s] INFO:colcon.colcon_core.shell:Creating environment hook '/home/chogene/turtlebot_ws/install/my_robot_bringup/share/my_robot_bringup/hook/cmake_prefix_path.sh'
[0.881s] Level 1:colcon.colcon_core.environment:checking '/home/chogene/turtlebot_ws/install/my_robot_bringup/bin'
[0.881s] Level 1:colcon.colcon_core.environment:checking '/home/chogene/turtlebot_ws/install/my_robot_bringup/lib/pkgconfig/my_robot_bringup.pc'
[0.882s] Level 1:colcon.colcon_core.environment:checking '/home/chogene/turtlebot_ws/install/my_robot_bringup/lib/python3.12/site-packages'
[0.882s] Level 1:colcon.colcon_core.environment:checking '/home/chogene/turtlebot_ws/install/my_robot_bringup/bin'
[0.883s] INFO:colcon.colcon_core.shell:Creating package script '/home/chogene/turtlebot_ws/install/my_robot_bringup/share/my_robot_bringup/package.ps1'
[0.884s] INFO:colcon.colcon_core.shell:Creating package descriptor '/home/chogene/turtlebot_ws/install/my_robot_bringup/share/my_robot_bringup/package.dsv'
[0.884s] INFO:colcon.colcon_core.shell:Creating package script '/home/chogene/turtlebot_ws/install/my_robot_bringup/share/my_robot_bringup/package.sh'
[0.885s] INFO:colcon.colcon_core.shell:Creating package script '/home/chogene/turtlebot_ws/install/my_robot_bringup/share/my_robot_bringup/package.bash'
[0.885s] INFO:colcon.colcon_core.shell:Creating package script '/home/chogene/turtlebot_ws/install/my_robot_bringup/share/my_robot_bringup/package.zsh'
[0.886s] Level 1:colcon.colcon_core.environment:create_file_with_runtime_dependencies(/home/chogene/turtlebot_ws/install/my_robot_bringup/share/colcon-core/packages/my_robot_bringup)
[0.886s] DEBUG:colcon.colcon_parallel_executor.executor.parallel:closing loop
[0.887s] DEBUG:colcon.colcon_parallel_executor.executor.parallel:loop closed
[0.887s] DEBUG:colcon.colcon_parallel_executor.executor.parallel:run_until_complete finished with '0'
[0.887s] DEBUG:colcon.colcon_core.event_reactor:joining thread
[0.945s] INFO:colcon.colcon_core.plugin_system:Skipping extension 'colcon_notification.desktop_notification.notify_send': Could not find 'notify-send'
[0.945s] INFO:colcon.colcon_core.plugin_system:Skipping extension 'colcon_notification.desktop_notification.terminal_notifier': Not used on non-Darwin systems
[0.945s] INFO:colcon.colcon_core.plugin_system:Skipping extension 'colcon_notification.desktop_notification.win32': Not used on non-Windows systems
[0.945s] INFO:colcon.colcon_notification.desktop_notification:Sending desktop notification using 'notify2'
[0.946s] DEBUG:colcon.colcon_notification.desktop_notification.notify2:Failed to initialize notify2: org.freedesktop.DBus.Error.ServiceUnknown: The name org.freedesktop.Notifications was not provided by any .service files
[0.947s] DEBUG:colcon.colcon_core.event_reactor:joined thread
[0.947s] INFO:colcon.colcon_core.shell:Creating prefix script '/home/chogene/turtlebot_ws/install/local_setup.ps1'
[0.948s] INFO:colcon.colcon_core.shell:Creating prefix util module '/home/chogene/turtlebot_ws/install/_local_setup_util_ps1.py'
[0.949s] INFO:colcon.colcon_core.shell:Creating prefix chain script '/home/chogene/turtlebot_ws/install/setup.ps1'
[0.954s] INFO:colcon.colcon_core.shell:Creating prefix script '/home/chogene/turtlebot_ws/install/local_setup.sh'
[0.954s] INFO:colcon.colcon_core.shell:Creating prefix util module '/home/chogene/turtlebot_ws/install/_local_setup_util_sh.py'
[0.955s] INFO:colcon.colcon_core.shell:Creating prefix chain script '/home/chogene/turtlebot_ws/install/setup.sh'
[0.960s] INFO:colcon.colcon_core.shell:Creating prefix script '/home/chogene/turtlebot_ws/install/local_setup.bash'
[0.976s] INFO:colcon.colcon_core.shell:Creating prefix chain script '/home/chogene/turtlebot_ws/install/setup.bash'
[0.981s] INFO:colcon.colcon_core.shell:Creating prefix script '/home/chogene/turtlebot_ws/install/local_setup.zsh'
[0.981s] INFO:colcon.colcon_core.shell:Creating prefix chain script '/home/chogene/turtlebot_ws/install/setup.zsh'
