[0.053s] Invoking command in '/home/chogene/turtlebot_ws/build/turtlebot_description': CMAKE_PREFIX_PATH=${CMAKE_PREFIX_PATH}:/home/chogene/moveit_ws/install/moveit_configs_utils:/opt/ros/jazzy DEBUGINFOD_URLS=https://debuginfod.ubuntu.com /usr/bin/cmake --build /home/chogene/turtlebot_ws/build/turtlebot_description -- -j8 -l8
[0.146s] -- Found ament_cmake: 2.5.3 (/opt/ros/jazzy/share/ament_cmake/cmake)
[0.646s] -- Override CMake install command with custom implementation using symlinks instead of copying resources
[0.892s] -- Configuring done (0.8s)
[0.896s] -- Generating done (0.0s)
[0.899s] -- Build files have been written to: /home/chogene/turtlebot_ws/build/turtlebot_description
[0.973s] Invoked command in '/home/chogene/turtlebot_ws/build/turtlebot_description' returned '0': CMAKE_PREFIX_PATH=${CMAKE_PREFIX_PATH}:/home/chogene/moveit_ws/install/moveit_configs_utils:/opt/ros/jazzy DEBUGINFOD_URLS=https://debuginfod.ubuntu.com /usr/bin/cmake --build /home/chogene/turtlebot_ws/build/turtlebot_description -- -j8 -l8
[1.001s] Invoking command in '/home/chogene/turtlebot_ws/build/turtlebot_description': CMAKE_PREFIX_PATH=${CMAKE_PREFIX_PATH}:/home/chogene/moveit_ws/install/moveit_configs_utils:/opt/ros/jazzy DEBUGINFOD_URLS=https://debuginfod.ubuntu.com /usr/bin/cmake --install /home/chogene/turtlebot_ws/build/turtlebot_description
[1.042s] -- Install configuration: ""
[1.042s] -- Execute custom install script
[1.043s] -- Symlinking: /home/chogene/turtlebot_ws/install/turtlebot_description/share/turtlebot_description//urdf/];common_properties.xacro;gazebo_mobile.xacro;lidar.xacro;mobile_base.xacro;turtlebot.urdf.xacro
[1.076s] [31mCMake Error at ament_cmake_symlink_install/ament_cmake_symlink_install.cmake:302 (message):
[1.076s]   Could not create symlink
[1.077s]   '/home/chogene/turtlebot_ws/install/turtlebot_description/share/turtlebot_description//urdf/];common_properties.xacro;gazebo_mobile.xacro;lidar.xacro;mobile_base.xacro;turtlebot.urdf.xacro'
[1.077s]   pointing to
[1.078s]   '/home/chogene/turtlebot_ws/src/turtlebot_description/urdf/];common_properties.xacro;gazebo_mobile.xacro;lidar.xacro;mobile_base.xacro;turtlebot.urdf.xacro'
[1.078s] Call Stack (most recent call first):
[1.078s]   ament_cmake_symlink_install/ament_cmake_symlink_install.cmake:96 (_ament_cmake_symlink_install_create_symlink)
[1.078s]   ament_cmake_symlink_install/ament_cmake_symlink_install.cmake:314 (ament_cmake_symlink_install_directory)
[1.079s]   cmake_install.cmake:46 (include)
[1.079s] 
[1.079s] [0m
[1.085s] Invoked command in '/home/chogene/turtlebot_ws/build/turtlebot_description' returned '1': CMAKE_PREFIX_PATH=${CMAKE_PREFIX_PATH}:/home/chogene/moveit_ws/install/moveit_configs_utils:/opt/ros/jazzy DEBUGINFOD_URLS=https://debuginfod.ubuntu.com /usr/bin/cmake --install /home/chogene/turtlebot_ws/build/turtlebot_description
