[0.151s] DEBUG:colcon:Command line arguments: ['/usr/bin/colcon', 'build', '--symlink-install']
[0.151s] DEBUG:colcon:Parsed command line arguments: Namespace(log_base=None, log_level=None, verb_name='build', build_base='build', install_base='install', merge_install=False, symlink_install=True, test_result_base=None, continue_on_error=False, executor='parallel', parallel_workers=4, event_handlers=None, ignore_user_meta=False, metas=['./colcon.meta'], base_paths=['.'], packages_ignore=None, packages_ignore_regex=None, paths=None, packages_up_to=None, packages_up_to_regex=None, packages_above=None, packages_above_and_dependencies=None, packages_above_depth=None, packages_select_by_dep=None, packages_skip_by_dep=None, packages_skip_up_to=None, packages_select_build_failed=False, packages_skip_build_finished=False, packages_select_test_failures=False, packages_skip_test_passed=False, packages_select=None, packages_skip=None, packages_select_regex=None, packages_skip_regex=None, packages_start=None, packages_end=None, allow_overriding=[], cmake_args=None, cmake_target=None, cmake_target_skip_unavailable=False, cmake_clean_cache=False, cmake_clean_first=False, cmake_force_configure=False, ament_cmake_args=None, catkin_cmake_args=None, catkin_skip_building_tests=False, mixin_files=None, mixin=None, verb_parser=<colcon_mixin.mixin.mixin_argument.MixinArgumentDecorator object at 0x7a336f2daae0>, verb_extension=<colcon_core.verb.build.BuildVerb object at 0x7a336f202ff0>, main=<bound method BuildVerb.main of <colcon_core.verb.build.BuildVerb object at 0x7a336f202ff0>>, mixin_verb=('build',))
[0.197s] Level 1:colcon.colcon_core.package_discovery:discover_packages(colcon_meta) check parameters
[0.197s] Level 1:colcon.colcon_core.package_discovery:discover_packages(recursive) check parameters
[0.197s] Level 1:colcon.colcon_core.package_discovery:discover_packages(ignore) check parameters
[0.197s] Level 1:colcon.colcon_core.package_discovery:discover_packages(path) check parameters
[0.197s] Level 1:colcon.colcon_core.package_discovery:discover_packages(colcon_meta) discover
[0.197s] Level 1:colcon.colcon_core.package_discovery:discover_packages(recursive) discover
[0.197s] INFO:colcon.colcon_core.package_discovery:Crawling recursively for packages in '/home/chogene/turtlebot_ws'
[0.198s] Level 1:colcon.colcon_core.package_identification:_identify(.) by extensions ['ignore', 'ignore_ament_install']
[0.198s] Level 1:colcon.colcon_core.package_identification:_identify(.) by extension 'ignore'
[0.198s] Level 1:colcon.colcon_core.package_identification:_identify(.) by extension 'ignore_ament_install'
[0.198s] Level 1:colcon.colcon_core.package_identification:_identify(.) by extensions ['colcon_pkg']
[0.198s] Level 1:colcon.colcon_core.package_identification:_identify(.) by extension 'colcon_pkg'
[0.198s] Level 1:colcon.colcon_core.package_identification:_identify(.) by extensions ['colcon_meta']
[0.198s] Level 1:colcon.colcon_core.package_identification:_identify(.) by extension 'colcon_meta'
[0.198s] Level 1:colcon.colcon_core.package_identification:_identify(.) by extensions ['ros']
[0.198s] Level 1:colcon.colcon_core.package_identification:_identify(.) by extension 'ros'
[0.228s] Level 1:colcon.colcon_core.package_identification:_identify(.) by extensions ['cmake', 'python']
[0.228s] Level 1:colcon.colcon_core.package_identification:_identify(.) by extension 'cmake'
[0.228s] Level 1:colcon.colcon_core.package_identification:_identify(.) by extension 'python'
[0.228s] Level 1:colcon.colcon_core.package_identification:_identify(.) by extensions ['python_setup_py']
[0.228s] Level 1:colcon.colcon_core.package_identification:_identify(.) by extension 'python_setup_py'
[0.228s] Level 1:colcon.colcon_core.package_identification:_identify(build) by extensions ['ignore', 'ignore_ament_install']
[0.228s] Level 1:colcon.colcon_core.package_identification:_identify(build) by extension 'ignore'
[0.228s] Level 1:colcon.colcon_core.package_identification:_identify(build) ignored
[0.229s] Level 1:colcon.colcon_core.package_identification:_identify(install) by extensions ['ignore', 'ignore_ament_install']
[0.229s] Level 1:colcon.colcon_core.package_identification:_identify(install) by extension 'ignore'
[0.229s] Level 1:colcon.colcon_core.package_identification:_identify(install) ignored
[0.229s] Level 1:colcon.colcon_core.package_identification:_identify(log) by extensions ['ignore', 'ignore_ament_install']
[0.229s] Level 1:colcon.colcon_core.package_identification:_identify(log) by extension 'ignore'
[0.229s] Level 1:colcon.colcon_core.package_identification:_identify(log) ignored
[0.229s] Level 1:colcon.colcon_core.package_identification:_identify(src) by extensions ['ignore', 'ignore_ament_install']
[0.229s] Level 1:colcon.colcon_core.package_identification:_identify(src) by extension 'ignore'
[0.229s] Level 1:colcon.colcon_core.package_identification:_identify(src) by extension 'ignore_ament_install'
[0.229s] Level 1:colcon.colcon_core.package_identification:_identify(src) by extensions ['colcon_pkg']
[0.230s] Level 1:colcon.colcon_core.package_identification:_identify(src) by extension 'colcon_pkg'
[0.230s] Level 1:colcon.colcon_core.package_identification:_identify(src) by extensions ['colcon_meta']
[0.230s] Level 1:colcon.colcon_core.package_identification:_identify(src) by extension 'colcon_meta'
[0.230s] Level 1:colcon.colcon_core.package_identification:_identify(src) by extensions ['ros']
[0.230s] Level 1:colcon.colcon_core.package_identification:_identify(src) by extension 'ros'
[0.230s] Level 1:colcon.colcon_core.package_identification:_identify(src) by extensions ['cmake', 'python']
[0.230s] Level 1:colcon.colcon_core.package_identification:_identify(src) by extension 'cmake'
[0.230s] Level 1:colcon.colcon_core.package_identification:_identify(src) by extension 'python'
[0.230s] Level 1:colcon.colcon_core.package_identification:_identify(src) by extensions ['python_setup_py']
[0.230s] Level 1:colcon.colcon_core.package_identification:_identify(src) by extension 'python_setup_py'
[0.230s] Level 1:colcon.colcon_core.package_identification:_identify(src/turtlebot_description) by extensions ['ignore', 'ignore_ament_install']
[0.230s] Level 1:colcon.colcon_core.package_identification:_identify(src/turtlebot_description) by extension 'ignore'
[0.230s] Level 1:colcon.colcon_core.package_identification:_identify(src/turtlebot_description) by extension 'ignore_ament_install'
[0.230s] Level 1:colcon.colcon_core.package_identification:_identify(src/turtlebot_description) by extensions ['colcon_pkg']
[0.230s] Level 1:colcon.colcon_core.package_identification:_identify(src/turtlebot_description) by extension 'colcon_pkg'
[0.230s] Level 1:colcon.colcon_core.package_identification:_identify(src/turtlebot_description) by extensions ['colcon_meta']
[0.230s] Level 1:colcon.colcon_core.package_identification:_identify(src/turtlebot_description) by extension 'colcon_meta'
[0.230s] Level 1:colcon.colcon_core.package_identification:_identify(src/turtlebot_description) by extensions ['ros']
[0.231s] Level 1:colcon.colcon_core.package_identification:_identify(src/turtlebot_description) by extension 'ros'
[0.234s] DEBUG:colcon.colcon_core.package_identification:Package 'src/turtlebot_description' with type 'ros.ament_cmake' and name 'turtlebot_description'
[0.234s] Level 1:colcon.colcon_core.package_discovery:discover_packages(recursive) using defaults
[0.234s] Level 1:colcon.colcon_core.package_discovery:discover_packages(ignore) discover
[0.234s] Level 1:colcon.colcon_core.package_discovery:discover_packages(ignore) using defaults
[0.234s] Level 1:colcon.colcon_core.package_discovery:discover_packages(path) discover
[0.234s] Level 1:colcon.colcon_core.package_discovery:discover_packages(path) using defaults
[0.262s] Level 1:colcon.colcon_core.package_discovery:discover_packages(prefix_path) check parameters
[0.262s] Level 1:colcon.colcon_core.package_discovery:discover_packages(prefix_path) discover
[0.271s] DEBUG:colcon.colcon_installed_package_information.package_discovery:Found 1 installed packages in /home/chogene/turtlebot_ws/install
[0.275s] DEBUG:colcon.colcon_installed_package_information.package_discovery:Found 73 installed packages in /home/chogene/moveit_ws/install
[0.278s] DEBUG:colcon.colcon_installed_package_information.package_discovery:Found 2 installed packages in /home/chogene/robot_ws/install
[0.279s] DEBUG:colcon.colcon_installed_package_information.package_discovery:Found 11 installed packages in /home/chogene/ros2_ws/install
[0.282s] DEBUG:colcon.colcon_installed_package_information.package_discovery:Found 404 installed packages in /opt/ros/jazzy
[0.284s] Level 1:colcon.colcon_core.package_discovery:discover_packages(prefix_path) using defaults
[0.350s] Level 5:colcon.colcon_core.verb:set package 'turtlebot_description' build argument 'cmake_args' from command line to 'None'
[0.350s] Level 5:colcon.colcon_core.verb:set package 'turtlebot_description' build argument 'cmake_target' from command line to 'None'
[0.350s] Level 5:colcon.colcon_core.verb:set package 'turtlebot_description' build argument 'cmake_target_skip_unavailable' from command line to 'False'
[0.350s] Level 5:colcon.colcon_core.verb:set package 'turtlebot_description' build argument 'cmake_clean_cache' from command line to 'False'
[0.350s] Level 5:colcon.colcon_core.verb:set package 'turtlebot_description' build argument 'cmake_clean_first' from command line to 'False'
[0.350s] Level 5:colcon.colcon_core.verb:set package 'turtlebot_description' build argument 'cmake_force_configure' from command line to 'False'
[0.350s] Level 5:colcon.colcon_core.verb:set package 'turtlebot_description' build argument 'ament_cmake_args' from command line to 'None'
[0.350s] Level 5:colcon.colcon_core.verb:set package 'turtlebot_description' build argument 'catkin_cmake_args' from command line to 'None'
[0.350s] Level 5:colcon.colcon_core.verb:set package 'turtlebot_description' build argument 'catkin_skip_building_tests' from command line to 'False'
[0.350s] DEBUG:colcon.colcon_core.verb:Building package 'turtlebot_description' with the following arguments: {'ament_cmake_args': None, 'build_base': '/home/chogene/turtlebot_ws/build/turtlebot_description', 'catkin_cmake_args': None, 'catkin_skip_building_tests': False, 'cmake_args': None, 'cmake_clean_cache': False, 'cmake_clean_first': False, 'cmake_force_configure': False, 'cmake_target': None, 'cmake_target_skip_unavailable': False, 'install_base': '/home/chogene/turtlebot_ws/install/turtlebot_description', 'merge_install': False, 'path': '/home/chogene/turtlebot_ws/src/turtlebot_description', 'symlink_install': True, 'test_result_base': None}
[0.351s] INFO:colcon.colcon_core.executor:Executing jobs using 'parallel' executor
[0.352s] DEBUG:colcon.colcon_parallel_executor.executor.parallel:run_until_complete
[0.352s] INFO:colcon.colcon_ros.task.ament_cmake.build:Building ROS package in '/home/chogene/turtlebot_ws/src/turtlebot_description' with build type 'ament_cmake'
[0.352s] INFO:colcon.colcon_cmake.task.cmake.build:Building CMake package in '/home/chogene/turtlebot_ws/src/turtlebot_description'
[0.356s] INFO:colcon.colcon_core.plugin_system:Skipping extension 'colcon_core.shell.bat': Not used on non-Windows systems
[0.356s] INFO:colcon.colcon_core.shell:Skip shell extension 'powershell' for command environment: Not usable outside of PowerShell
[0.356s] DEBUG:colcon.colcon_core.shell:Skip shell extension 'dsv' for command environment
[0.382s] DEBUG:colcon.colcon_core.event_handler.log_command:Invoking command in '/home/chogene/turtlebot_ws/build/turtlebot_description': CMAKE_PREFIX_PATH=${CMAKE_PREFIX_PATH}:/home/chogene/moveit_ws/install/moveit_configs_utils:/home/chogene/ros2_ws/install/turtle_control_pkg:/home/chogene/ros2_ws/install/robotic_arms_control:/home/chogene/ros2_ws/install/my_py_pkg:/home/chogene/ros2_ws/install/my_sphere_pkg:/home/chogene/ros2_ws/install/my_environment_pkg:/home/chogene/ros2_ws/install/my_doosan_pkg:/opt/ros/jazzy DEBUGINFOD_URLS=https://debuginfod.ubuntu.com /usr/local/bin/cmake /home/chogene/turtlebot_ws/src/turtlebot_description -DAMENT_CMAKE_SYMLINK_INSTALL=1 -DCMAKE_INSTALL_PREFIX=/home/chogene/turtlebot_ws/install/turtlebot_description
[0.880s] DEBUG:colcon.colcon_core.event_handler.log_command:Invoked command in '/home/chogene/turtlebot_ws/build/turtlebot_description' returned '0': CMAKE_PREFIX_PATH=${CMAKE_PREFIX_PATH}:/home/chogene/moveit_ws/install/moveit_configs_utils:/home/chogene/ros2_ws/install/turtle_control_pkg:/home/chogene/ros2_ws/install/robotic_arms_control:/home/chogene/ros2_ws/install/my_py_pkg:/home/chogene/ros2_ws/install/my_sphere_pkg:/home/chogene/ros2_ws/install/my_environment_pkg:/home/chogene/ros2_ws/install/my_doosan_pkg:/opt/ros/jazzy DEBUGINFOD_URLS=https://debuginfod.ubuntu.com /usr/local/bin/cmake /home/chogene/turtlebot_ws/src/turtlebot_description -DAMENT_CMAKE_SYMLINK_INSTALL=1 -DCMAKE_INSTALL_PREFIX=/home/chogene/turtlebot_ws/install/turtlebot_description
[0.882s] DEBUG:colcon.colcon_core.event_handler.log_command:Invoking command in '/home/chogene/turtlebot_ws/build/turtlebot_description': CMAKE_PREFIX_PATH=${CMAKE_PREFIX_PATH}:/home/chogene/moveit_ws/install/moveit_configs_utils:/home/chogene/ros2_ws/install/turtle_control_pkg:/home/chogene/ros2_ws/install/robotic_arms_control:/home/chogene/ros2_ws/install/my_py_pkg:/home/chogene/ros2_ws/install/my_sphere_pkg:/home/chogene/ros2_ws/install/my_environment_pkg:/home/chogene/ros2_ws/install/my_doosan_pkg:/opt/ros/jazzy DEBUGINFOD_URLS=https://debuginfod.ubuntu.com /usr/local/bin/cmake --build /home/chogene/turtlebot_ws/build/turtlebot_description -- -j4 -l4
[0.912s] DEBUG:colcon.colcon_core.event_handler.log_command:Invoked command in '/home/chogene/turtlebot_ws/build/turtlebot_description' returned '0': CMAKE_PREFIX_PATH=${CMAKE_PREFIX_PATH}:/home/chogene/moveit_ws/install/moveit_configs_utils:/home/chogene/ros2_ws/install/turtle_control_pkg:/home/chogene/ros2_ws/install/robotic_arms_control:/home/chogene/ros2_ws/install/my_py_pkg:/home/chogene/ros2_ws/install/my_sphere_pkg:/home/chogene/ros2_ws/install/my_environment_pkg:/home/chogene/ros2_ws/install/my_doosan_pkg:/opt/ros/jazzy DEBUGINFOD_URLS=https://debuginfod.ubuntu.com /usr/local/bin/cmake --build /home/chogene/turtlebot_ws/build/turtlebot_description -- -j4 -l4
[0.921s] DEBUG:colcon.colcon_core.event_handler.log_command:Invoking command in '/home/chogene/turtlebot_ws/build/turtlebot_description': CMAKE_PREFIX_PATH=${CMAKE_PREFIX_PATH}:/home/chogene/moveit_ws/install/moveit_configs_utils:/home/chogene/ros2_ws/install/turtle_control_pkg:/home/chogene/ros2_ws/install/robotic_arms_control:/home/chogene/ros2_ws/install/my_py_pkg:/home/chogene/ros2_ws/install/my_sphere_pkg:/home/chogene/ros2_ws/install/my_environment_pkg:/home/chogene/ros2_ws/install/my_doosan_pkg:/opt/ros/jazzy DEBUGINFOD_URLS=https://debuginfod.ubuntu.com /usr/local/bin/cmake --install /home/chogene/turtlebot_ws/build/turtlebot_description
[1.069s] Level 1:colcon.colcon_core.environment:create_environment_scripts_only(turtlebot_description)
[1.070s] DEBUG:colcon.colcon_core.event_handler.log_command:Invoked command in '/home/chogene/turtlebot_ws/build/turtlebot_description' returned '0': CMAKE_PREFIX_PATH=${CMAKE_PREFIX_PATH}:/home/chogene/moveit_ws/install/moveit_configs_utils:/home/chogene/ros2_ws/install/turtle_control_pkg:/home/chogene/ros2_ws/install/robotic_arms_control:/home/chogene/ros2_ws/install/my_py_pkg:/home/chogene/ros2_ws/install/my_sphere_pkg:/home/chogene/ros2_ws/install/my_environment_pkg:/home/chogene/ros2_ws/install/my_doosan_pkg:/opt/ros/jazzy DEBUGINFOD_URLS=https://debuginfod.ubuntu.com /usr/local/bin/cmake --install /home/chogene/turtlebot_ws/build/turtlebot_description
[1.073s] Level 1:colcon.colcon_core.environment:checking '/home/chogene/turtlebot_ws/install/turtlebot_description' for CMake module files
[1.074s] Level 1:colcon.colcon_core.environment:checking '/home/chogene/turtlebot_ws/install/turtlebot_description' for CMake config files
[1.074s] Level 1:colcon.colcon_core.shell:create_environment_hook('turtlebot_description', 'cmake_prefix_path')
[1.074s] INFO:colcon.colcon_core.shell:Creating environment hook '/home/chogene/turtlebot_ws/install/turtlebot_description/share/turtlebot_description/hook/cmake_prefix_path.ps1'
[1.075s] INFO:colcon.colcon_core.shell:Creating environment descriptor '/home/chogene/turtlebot_ws/install/turtlebot_description/share/turtlebot_description/hook/cmake_prefix_path.dsv'
[1.076s] INFO:colcon.colcon_core.shell:Creating environment hook '/home/chogene/turtlebot_ws/install/turtlebot_description/share/turtlebot_description/hook/cmake_prefix_path.sh'
[1.077s] Level 1:colcon.colcon_core.environment:checking '/home/chogene/turtlebot_ws/install/turtlebot_description/bin'
[1.077s] Level 1:colcon.colcon_core.environment:checking '/home/chogene/turtlebot_ws/install/turtlebot_description/lib/pkgconfig/turtlebot_description.pc'
[1.078s] Level 1:colcon.colcon_core.environment:checking '/home/chogene/turtlebot_ws/install/turtlebot_description/lib/python3.12/site-packages'
[1.078s] Level 1:colcon.colcon_core.environment:checking '/home/chogene/turtlebot_ws/install/turtlebot_description/bin'
[1.078s] INFO:colcon.colcon_core.shell:Creating package script '/home/chogene/turtlebot_ws/install/turtlebot_description/share/turtlebot_description/package.ps1'
[1.079s] INFO:colcon.colcon_core.shell:Creating package descriptor '/home/chogene/turtlebot_ws/install/turtlebot_description/share/turtlebot_description/package.dsv'
[1.080s] INFO:colcon.colcon_core.shell:Creating package script '/home/chogene/turtlebot_ws/install/turtlebot_description/share/turtlebot_description/package.sh'
[1.081s] INFO:colcon.colcon_core.shell:Creating package script '/home/chogene/turtlebot_ws/install/turtlebot_description/share/turtlebot_description/package.bash'
[1.083s] INFO:colcon.colcon_core.shell:Creating package script '/home/chogene/turtlebot_ws/install/turtlebot_description/share/turtlebot_description/package.zsh'
[1.084s] Level 1:colcon.colcon_core.environment:create_file_with_runtime_dependencies(/home/chogene/turtlebot_ws/install/turtlebot_description/share/colcon-core/packages/turtlebot_description)
[1.085s] Level 1:colcon.colcon_core.environment:create_environment_scripts_only(turtlebot_description)
[1.086s] Level 1:colcon.colcon_core.environment:checking '/home/chogene/turtlebot_ws/install/turtlebot_description' for CMake module files
[1.086s] Level 1:colcon.colcon_core.environment:checking '/home/chogene/turtlebot_ws/install/turtlebot_description' for CMake config files
[1.087s] Level 1:colcon.colcon_core.shell:create_environment_hook('turtlebot_description', 'cmake_prefix_path')
[1.087s] INFO:colcon.colcon_core.shell:Creating environment hook '/home/chogene/turtlebot_ws/install/turtlebot_description/share/turtlebot_description/hook/cmake_prefix_path.ps1'
[1.088s] INFO:colcon.colcon_core.shell:Creating environment descriptor '/home/chogene/turtlebot_ws/install/turtlebot_description/share/turtlebot_description/hook/cmake_prefix_path.dsv'
[1.088s] INFO:colcon.colcon_core.shell:Creating environment hook '/home/chogene/turtlebot_ws/install/turtlebot_description/share/turtlebot_description/hook/cmake_prefix_path.sh'
[1.089s] Level 1:colcon.colcon_core.environment:checking '/home/chogene/turtlebot_ws/install/turtlebot_description/bin'
[1.089s] Level 1:colcon.colcon_core.environment:checking '/home/chogene/turtlebot_ws/install/turtlebot_description/lib/pkgconfig/turtlebot_description.pc'
[1.090s] Level 1:colcon.colcon_core.environment:checking '/home/chogene/turtlebot_ws/install/turtlebot_description/lib/python3.12/site-packages'
[1.090s] Level 1:colcon.colcon_core.environment:checking '/home/chogene/turtlebot_ws/install/turtlebot_description/bin'
[1.090s] INFO:colcon.colcon_core.shell:Creating package script '/home/chogene/turtlebot_ws/install/turtlebot_description/share/turtlebot_description/package.ps1'
[1.091s] INFO:colcon.colcon_core.shell:Creating package descriptor '/home/chogene/turtlebot_ws/install/turtlebot_description/share/turtlebot_description/package.dsv'
[1.092s] INFO:colcon.colcon_core.shell:Creating package script '/home/chogene/turtlebot_ws/install/turtlebot_description/share/turtlebot_description/package.sh'
[1.092s] INFO:colcon.colcon_core.shell:Creating package script '/home/chogene/turtlebot_ws/install/turtlebot_description/share/turtlebot_description/package.bash'
[1.093s] INFO:colcon.colcon_core.shell:Creating package script '/home/chogene/turtlebot_ws/install/turtlebot_description/share/turtlebot_description/package.zsh'
[1.093s] Level 1:colcon.colcon_core.environment:create_file_with_runtime_dependencies(/home/chogene/turtlebot_ws/install/turtlebot_description/share/colcon-core/packages/turtlebot_description)
[1.093s] DEBUG:colcon.colcon_parallel_executor.executor.parallel:closing loop
[1.094s] DEBUG:colcon.colcon_parallel_executor.executor.parallel:loop closed
[1.094s] DEBUG:colcon.colcon_parallel_executor.executor.parallel:run_until_complete finished with '0'
[1.094s] DEBUG:colcon.colcon_core.event_reactor:joining thread
[1.127s] INFO:colcon.colcon_core.plugin_system:Skipping extension 'colcon_notification.desktop_notification.terminal_notifier': Not used on non-Darwin systems
[1.127s] INFO:colcon.colcon_core.plugin_system:Skipping extension 'colcon_notification.desktop_notification.win32': Not used on non-Windows systems
[1.127s] INFO:colcon.colcon_notification.desktop_notification:Sending desktop notification using 'notify2'
[1.144s] DEBUG:colcon.colcon_core.event_reactor:joined thread
[1.145s] INFO:colcon.colcon_core.shell:Creating prefix script '/home/chogene/turtlebot_ws/install/local_setup.ps1'
[1.146s] INFO:colcon.colcon_core.shell:Creating prefix util module '/home/chogene/turtlebot_ws/install/_local_setup_util_ps1.py'
[1.148s] INFO:colcon.colcon_core.shell:Creating prefix chain script '/home/chogene/turtlebot_ws/install/setup.ps1'
[1.155s] INFO:colcon.colcon_core.shell:Creating prefix script '/home/chogene/turtlebot_ws/install/local_setup.sh'
[1.155s] INFO:colcon.colcon_core.shell:Creating prefix util module '/home/chogene/turtlebot_ws/install/_local_setup_util_sh.py'
[1.156s] INFO:colcon.colcon_core.shell:Creating prefix chain script '/home/chogene/turtlebot_ws/install/setup.sh'
[1.164s] INFO:colcon.colcon_core.shell:Creating prefix script '/home/chogene/turtlebot_ws/install/local_setup.bash'
[1.165s] INFO:colcon.colcon_core.shell:Creating prefix chain script '/home/chogene/turtlebot_ws/install/setup.bash'
[1.170s] INFO:colcon.colcon_core.shell:Creating prefix script '/home/chogene/turtlebot_ws/install/local_setup.zsh'
[1.170s] INFO:colcon.colcon_core.shell:Creating prefix chain script '/home/chogene/turtlebot_ws/install/setup.zsh'
