[0.035s] Invoking command in '/home/chogene/turtlebot_ws/build/turtlebot_description': CMAKE_PREFIX_PATH=${CMAKE_PREFIX_PATH}:/home/chogene/moveit_ws/install/moveit_configs_utils:/opt/ros/jazzy DEBUGINFOD_URLS=https://debuginfod.ubuntu.com /usr/bin/cmake --build /home/chogene/turtlebot_ws/build/turtlebot_description -- -j8 -l8
[0.128s] Invoked command in '/home/chogene/turtlebot_ws/build/turtlebot_description' returned '0': CMAKE_PREFIX_PATH=${CMAKE_PREFIX_PATH}:/home/chogene/moveit_ws/install/moveit_configs_utils:/opt/ros/jazzy DEBUGINFOD_URLS=https://debuginfod.ubuntu.com /usr/bin/cmake --build /home/chogene/turtlebot_ws/build/turtlebot_description -- -j8 -l8
[0.146s] Invoking command in '/home/chogene/turtlebot_ws/build/turtlebot_description': CMAKE_PREFIX_PATH=${CMAKE_PREFIX_PATH}:/home/chogene/moveit_ws/install/moveit_configs_utils:/opt/ros/jazzy DEBUGINFOD_URLS=https://debuginfod.ubuntu.com /usr/bin/cmake --install /home/chogene/turtlebot_ws/build/turtlebot_description
[0.161s] -- Install configuration: ""
[0.163s] -- Execute custom install script
[0.165s] -- Up-to-date symlink: /home/chogene/turtlebot_ws/install/turtlebot_description/share/turtlebot_description//urdf/common_properties.xacro
[0.165s] -- Up-to-date symlink: /home/chogene/turtlebot_ws/install/turtlebot_description/share/turtlebot_description//urdf/gazebo_mobile.xacro
[0.165s] -- Up-to-date symlink: /home/chogene/turtlebot_ws/install/turtlebot_description/share/turtlebot_description//urdf/lidar.xacro
[0.165s] -- Up-to-date symlink: /home/chogene/turtlebot_ws/install/turtlebot_description/share/turtlebot_description//urdf/mobile_base.xacro
[0.166s] -- Up-to-date symlink: /home/chogene/turtlebot_ws/install/turtlebot_description/share/turtlebot_description//urdf/turtlebot.urdf.xacro
[0.166s] -- Up-to-date symlink: /home/chogene/turtlebot_ws/install/turtlebot_description/share/turtlebot_description//rviz/urdf_config.rviz
[0.166s] -- Up-to-date symlink: /home/chogene/turtlebot_ws/install/turtlebot_description/share/turtlebot_description//launch/robot.launch.py
[0.166s] -- Up-to-date symlink: /home/chogene/turtlebot_ws/install/turtlebot_description/share/turtlebot_description//launch/rsp.launch.py
[0.166s] -- Up-to-date symlink: /home/chogene/turtlebot_ws/install/turtlebot_description/share/turtlebot_description//launch/turtlebot.launch.py
[0.167s] -- Up-to-date symlink: /home/chogene/turtlebot_ws/install/turtlebot_description/share/turtlebot_description//config/gazebo_bridge.yaml
[0.167s] -- Up-to-date symlink: /home/chogene/turtlebot_ws/install/turtlebot_description/share/turtlebot_description//worlds/obstacles.world
[0.167s] -- Up-to-date symlink: /home/chogene/turtlebot_ws/install/turtlebot_description/share/ament_index/resource_index/package_run_dependencies/turtlebot_description
[0.168s] -- Up-to-date symlink: /home/chogene/turtlebot_ws/install/turtlebot_description/share/ament_index/resource_index/parent_prefix_path/turtlebot_description
[0.169s] -- Up-to-date symlink: /home/chogene/turtlebot_ws/install/turtlebot_description/share/turtlebot_description/environment/ament_prefix_path.sh
[0.169s] -- Up-to-date symlink: /home/chogene/turtlebot_ws/install/turtlebot_description/share/turtlebot_description/environment/ament_prefix_path.dsv
[0.169s] -- Up-to-date symlink: /home/chogene/turtlebot_ws/install/turtlebot_description/share/turtlebot_description/environment/path.sh
[0.170s] -- Up-to-date symlink: /home/chogene/turtlebot_ws/install/turtlebot_description/share/turtlebot_description/environment/path.dsv
[0.170s] -- Up-to-date symlink: /home/chogene/turtlebot_ws/install/turtlebot_description/share/turtlebot_description/local_setup.bash
[0.170s] -- Up-to-date symlink: /home/chogene/turtlebot_ws/install/turtlebot_description/share/turtlebot_description/local_setup.sh
[0.170s] -- Up-to-date symlink: /home/chogene/turtlebot_ws/install/turtlebot_description/share/turtlebot_description/local_setup.zsh
[0.171s] -- Up-to-date symlink: /home/chogene/turtlebot_ws/install/turtlebot_description/share/turtlebot_description/local_setup.dsv
[0.171s] -- Symlinking: /home/chogene/turtlebot_ws/install/turtlebot_description/share/turtlebot_description/package.dsv
[0.188s] -- Up-to-date symlink: /home/chogene/turtlebot_ws/install/turtlebot_description/share/ament_index/resource_index/packages/turtlebot_description
[0.188s] -- Up-to-date symlink: /home/chogene/turtlebot_ws/install/turtlebot_description/share/turtlebot_description/cmake/turtlebot_descriptionConfig.cmake
[0.188s] -- Up-to-date symlink: /home/chogene/turtlebot_ws/install/turtlebot_description/share/turtlebot_description/cmake/turtlebot_descriptionConfig-version.cmake
[0.189s] -- Up-to-date symlink: /home/chogene/turtlebot_ws/install/turtlebot_description/share/turtlebot_description/package.xml
[0.191s] Invoked command in '/home/chogene/turtlebot_ws/build/turtlebot_description' returned '0': CMAKE_PREFIX_PATH=${CMAKE_PREFIX_PATH}:/home/chogene/moveit_ws/install/moveit_configs_utils:/opt/ros/jazzy DEBUGINFOD_URLS=https://debuginfod.ubuntu.com /usr/bin/cmake --install /home/chogene/turtlebot_ws/build/turtlebot_description
