[0.215s] DEBUG:colcon:Command line arguments: ['/usr/bin/colcon', 'build']
[0.215s] DEBUG:colcon:Parsed command line arguments: Namespace(log_base=None, log_level=None, verb_name='build', build_base='build', install_base='install', merge_install=False, symlink_install=False, test_result_base=None, continue_on_error=False, executor='parallel', parallel_workers=4, event_handlers=None, ignore_user_meta=False, metas=['./colcon.meta'], base_paths=['.'], packages_ignore=None, packages_ignore_regex=None, paths=None, packages_up_to=None, packages_up_to_regex=None, packages_above=None, packages_above_and_dependencies=None, packages_above_depth=None, packages_select_by_dep=None, packages_skip_by_dep=None, packages_skip_up_to=None, packages_select_build_failed=False, packages_skip_build_finished=False, packages_select_test_failures=False, packages_skip_test_passed=False, packages_select=None, packages_skip=None, packages_select_regex=None, packages_skip_regex=None, packages_start=None, packages_end=None, allow_overriding=[], cmake_args=None, cmake_target=None, cmake_target_skip_unavailable=False, cmake_clean_cache=False, cmake_clean_first=False, cmake_force_configure=False, ament_cmake_args=None, catkin_cmake_args=None, catkin_skip_building_tests=False, mixin_files=None, mixin=None, verb_parser=<colcon_mixin.mixin.mixin_argument.MixinArgumentDecorator object at 0x76812b9de870>, verb_extension=<colcon_core.verb.build.BuildVerb object at 0x76812b9070e0>, main=<bound method BuildVerb.main of <colcon_core.verb.build.BuildVerb object at 0x76812b9070e0>>, mixin_verb=('build',))
[0.282s] Level 1:colcon.colcon_core.package_discovery:discover_packages(colcon_meta) check parameters
[0.283s] Level 1:colcon.colcon_core.package_discovery:discover_packages(recursive) check parameters
[0.283s] Level 1:colcon.colcon_core.package_discovery:discover_packages(ignore) check parameters
[0.283s] Level 1:colcon.colcon_core.package_discovery:discover_packages(path) check parameters
[0.283s] Level 1:colcon.colcon_core.package_discovery:discover_packages(colcon_meta) discover
[0.283s] Level 1:colcon.colcon_core.package_discovery:discover_packages(recursive) discover
[0.283s] INFO:colcon.colcon_core.package_discovery:Crawling recursively for packages in '/home/chogene/turtlebot_ws'
[0.283s] Level 1:colcon.colcon_core.package_identification:_identify(.) by extensions ['ignore', 'ignore_ament_install']
[0.283s] Level 1:colcon.colcon_core.package_identification:_identify(.) by extension 'ignore'
[0.283s] Level 1:colcon.colcon_core.package_identification:_identify(.) by extension 'ignore_ament_install'
[0.284s] Level 1:colcon.colcon_core.package_identification:_identify(.) by extensions ['colcon_pkg']
[0.284s] Level 1:colcon.colcon_core.package_identification:_identify(.) by extension 'colcon_pkg'
[0.284s] Level 1:colcon.colcon_core.package_identification:_identify(.) by extensions ['colcon_meta']
[0.284s] Level 1:colcon.colcon_core.package_identification:_identify(.) by extension 'colcon_meta'
[0.284s] Level 1:colcon.colcon_core.package_identification:_identify(.) by extensions ['ros']
[0.284s] Level 1:colcon.colcon_core.package_identification:_identify(.) by extension 'ros'
[0.332s] Level 1:colcon.colcon_core.package_identification:_identify(.) by extensions ['cmake', 'python']
[0.332s] Level 1:colcon.colcon_core.package_identification:_identify(.) by extension 'cmake'
[0.333s] Level 1:colcon.colcon_core.package_identification:_identify(.) by extension 'python'
[0.333s] Level 1:colcon.colcon_core.package_identification:_identify(.) by extensions ['python_setup_py']
[0.333s] Level 1:colcon.colcon_core.package_identification:_identify(.) by extension 'python_setup_py'
[0.333s] Level 1:colcon.colcon_core.package_identification:_identify(build) by extensions ['ignore', 'ignore_ament_install']
[0.333s] Level 1:colcon.colcon_core.package_identification:_identify(build) by extension 'ignore'
[0.333s] Level 1:colcon.colcon_core.package_identification:_identify(build) ignored
[0.333s] Level 1:colcon.colcon_core.package_identification:_identify(install) by extensions ['ignore', 'ignore_ament_install']
[0.333s] Level 1:colcon.colcon_core.package_identification:_identify(install) by extension 'ignore'
[0.333s] Level 1:colcon.colcon_core.package_identification:_identify(install) ignored
[0.334s] Level 1:colcon.colcon_core.package_identification:_identify(log) by extensions ['ignore', 'ignore_ament_install']
[0.334s] Level 1:colcon.colcon_core.package_identification:_identify(log) by extension 'ignore'
[0.334s] Level 1:colcon.colcon_core.package_identification:_identify(log) ignored
[0.334s] Level 1:colcon.colcon_core.package_identification:_identify(src) by extensions ['ignore', 'ignore_ament_install']
[0.334s] Level 1:colcon.colcon_core.package_identification:_identify(src) by extension 'ignore'
[0.334s] Level 1:colcon.colcon_core.package_identification:_identify(src) by extension 'ignore_ament_install'
[0.334s] Level 1:colcon.colcon_core.package_identification:_identify(src) by extensions ['colcon_pkg']
[0.334s] Level 1:colcon.colcon_core.package_identification:_identify(src) by extension 'colcon_pkg'
[0.334s] Level 1:colcon.colcon_core.package_identification:_identify(src) by extensions ['colcon_meta']
[0.334s] Level 1:colcon.colcon_core.package_identification:_identify(src) by extension 'colcon_meta'
[0.334s] Level 1:colcon.colcon_core.package_identification:_identify(src) by extensions ['ros']
[0.334s] Level 1:colcon.colcon_core.package_identification:_identify(src) by extension 'ros'
[0.335s] Level 1:colcon.colcon_core.package_identification:_identify(src) by extensions ['cmake', 'python']
[0.335s] Level 1:colcon.colcon_core.package_identification:_identify(src) by extension 'cmake'
[0.335s] Level 1:colcon.colcon_core.package_identification:_identify(src) by extension 'python'
[0.335s] Level 1:colcon.colcon_core.package_identification:_identify(src) by extensions ['python_setup_py']
[0.335s] Level 1:colcon.colcon_core.package_identification:_identify(src) by extension 'python_setup_py'
[0.335s] Level 1:colcon.colcon_core.package_identification:_identify(src/turtlebot_description) by extensions ['ignore', 'ignore_ament_install']
[0.335s] Level 1:colcon.colcon_core.package_identification:_identify(src/turtlebot_description) by extension 'ignore'
[0.335s] Level 1:colcon.colcon_core.package_identification:_identify(src/turtlebot_description) by extension 'ignore_ament_install'
[0.335s] Level 1:colcon.colcon_core.package_identification:_identify(src/turtlebot_description) by extensions ['colcon_pkg']
[0.335s] Level 1:colcon.colcon_core.package_identification:_identify(src/turtlebot_description) by extension 'colcon_pkg'
[0.336s] Level 1:colcon.colcon_core.package_identification:_identify(src/turtlebot_description) by extensions ['colcon_meta']
[0.336s] Level 1:colcon.colcon_core.package_identification:_identify(src/turtlebot_description) by extension 'colcon_meta'
[0.336s] Level 1:colcon.colcon_core.package_identification:_identify(src/turtlebot_description) by extensions ['ros']
[0.336s] Level 1:colcon.colcon_core.package_identification:_identify(src/turtlebot_description) by extension 'ros'
[0.340s] DEBUG:colcon.colcon_core.package_identification:Package 'src/turtlebot_description' with type 'ros.ament_cmake' and name 'turtlebot_description'
[0.340s] Level 1:colcon.colcon_core.package_discovery:discover_packages(recursive) using defaults
[0.340s] Level 1:colcon.colcon_core.package_discovery:discover_packages(ignore) discover
[0.340s] Level 1:colcon.colcon_core.package_discovery:discover_packages(ignore) using defaults
[0.340s] Level 1:colcon.colcon_core.package_discovery:discover_packages(path) discover
[0.340s] Level 1:colcon.colcon_core.package_discovery:discover_packages(path) using defaults
[0.361s] Level 1:colcon.colcon_core.package_discovery:discover_packages(prefix_path) check parameters
[0.361s] Level 1:colcon.colcon_core.package_discovery:discover_packages(prefix_path) discover
[0.367s] DEBUG:colcon.colcon_installed_package_information.package_discovery:Found 73 installed packages in /home/chogene/moveit_ws/install
[0.370s] DEBUG:colcon.colcon_installed_package_information.package_discovery:Found 2 installed packages in /home/chogene/robot_ws/install
[0.370s] DEBUG:colcon.colcon_installed_package_information.package_discovery:Found 11 installed packages in /home/chogene/ros2_ws/install
[0.372s] DEBUG:colcon.colcon_installed_package_information.package_discovery:Found 404 installed packages in /opt/ros/jazzy
[0.373s] Level 1:colcon.colcon_core.package_discovery:discover_packages(prefix_path) using defaults
[0.441s] Level 5:colcon.colcon_core.verb:set package 'turtlebot_description' build argument 'cmake_args' from command line to 'None'
[0.441s] Level 5:colcon.colcon_core.verb:set package 'turtlebot_description' build argument 'cmake_target' from command line to 'None'
[0.441s] Level 5:colcon.colcon_core.verb:set package 'turtlebot_description' build argument 'cmake_target_skip_unavailable' from command line to 'False'
[0.441s] Level 5:colcon.colcon_core.verb:set package 'turtlebot_description' build argument 'cmake_clean_cache' from command line to 'False'
[0.441s] Level 5:colcon.colcon_core.verb:set package 'turtlebot_description' build argument 'cmake_clean_first' from command line to 'False'
[0.441s] Level 5:colcon.colcon_core.verb:set package 'turtlebot_description' build argument 'cmake_force_configure' from command line to 'False'
[0.441s] Level 5:colcon.colcon_core.verb:set package 'turtlebot_description' build argument 'ament_cmake_args' from command line to 'None'
[0.441s] Level 5:colcon.colcon_core.verb:set package 'turtlebot_description' build argument 'catkin_cmake_args' from command line to 'None'
[0.441s] Level 5:colcon.colcon_core.verb:set package 'turtlebot_description' build argument 'catkin_skip_building_tests' from command line to 'False'
[0.441s] DEBUG:colcon.colcon_core.verb:Building package 'turtlebot_description' with the following arguments: {'ament_cmake_args': None, 'build_base': '/home/chogene/turtlebot_ws/build/turtlebot_description', 'catkin_cmake_args': None, 'catkin_skip_building_tests': False, 'cmake_args': None, 'cmake_clean_cache': False, 'cmake_clean_first': False, 'cmake_force_configure': False, 'cmake_target': None, 'cmake_target_skip_unavailable': False, 'install_base': '/home/chogene/turtlebot_ws/install/turtlebot_description', 'merge_install': False, 'path': '/home/chogene/turtlebot_ws/src/turtlebot_description', 'symlink_install': False, 'test_result_base': None}
[0.441s] INFO:colcon.colcon_core.executor:Executing jobs using 'parallel' executor
[0.443s] DEBUG:colcon.colcon_parallel_executor.executor.parallel:run_until_complete
[0.444s] INFO:colcon.colcon_ros.task.ament_cmake.build:Building ROS package in '/home/chogene/turtlebot_ws/src/turtlebot_description' with build type 'ament_cmake'
[0.444s] INFO:colcon.colcon_cmake.task.cmake.build:Building CMake package in '/home/chogene/turtlebot_ws/src/turtlebot_description'
[0.449s] INFO:colcon.colcon_core.plugin_system:Skipping extension 'colcon_core.shell.bat': Not used on non-Windows systems
[0.449s] INFO:colcon.colcon_core.shell:Skip shell extension 'powershell' for command environment: Not usable outside of PowerShell
[0.449s] DEBUG:colcon.colcon_core.shell:Skip shell extension 'dsv' for command environment
[0.478s] DEBUG:colcon.colcon_core.event_handler.log_command:Invoking command in '/home/chogene/turtlebot_ws/build/turtlebot_description': CMAKE_PREFIX_PATH=${CMAKE_PREFIX_PATH}:/home/chogene/moveit_ws/install/moveit_configs_utils:/home/chogene/ros2_ws/install/turtle_control_pkg:/home/chogene/ros2_ws/install/robotic_arms_control:/home/chogene/ros2_ws/install/my_py_pkg:/home/chogene/ros2_ws/install/my_sphere_pkg:/home/chogene/ros2_ws/install/my_environment_pkg:/home/chogene/ros2_ws/install/my_doosan_pkg:/opt/ros/jazzy DEBUGINFOD_URLS=https://debuginfod.ubuntu.com /usr/local/bin/cmake --build /home/chogene/turtlebot_ws/build/turtlebot_description -- -j4 -l4
[0.512s] DEBUG:colcon.colcon_core.event_handler.log_command:Invoked command in '/home/chogene/turtlebot_ws/build/turtlebot_description' returned '0': CMAKE_PREFIX_PATH=${CMAKE_PREFIX_PATH}:/home/chogene/moveit_ws/install/moveit_configs_utils:/home/chogene/ros2_ws/install/turtle_control_pkg:/home/chogene/ros2_ws/install/robotic_arms_control:/home/chogene/ros2_ws/install/my_py_pkg:/home/chogene/ros2_ws/install/my_sphere_pkg:/home/chogene/ros2_ws/install/my_environment_pkg:/home/chogene/ros2_ws/install/my_doosan_pkg:/opt/ros/jazzy DEBUGINFOD_URLS=https://debuginfod.ubuntu.com /usr/local/bin/cmake --build /home/chogene/turtlebot_ws/build/turtlebot_description -- -j4 -l4
[0.521s] DEBUG:colcon.colcon_core.event_handler.log_command:Invoking command in '/home/chogene/turtlebot_ws/build/turtlebot_description': CMAKE_PREFIX_PATH=${CMAKE_PREFIX_PATH}:/home/chogene/moveit_ws/install/moveit_configs_utils:/home/chogene/ros2_ws/install/turtle_control_pkg:/home/chogene/ros2_ws/install/robotic_arms_control:/home/chogene/ros2_ws/install/my_py_pkg:/home/chogene/ros2_ws/install/my_sphere_pkg:/home/chogene/ros2_ws/install/my_environment_pkg:/home/chogene/ros2_ws/install/my_doosan_pkg:/opt/ros/jazzy DEBUGINFOD_URLS=https://debuginfod.ubuntu.com /usr/local/bin/cmake --install /home/chogene/turtlebot_ws/build/turtlebot_description
[0.532s] Level 1:colcon.colcon_core.environment:create_environment_scripts_only(turtlebot_description)
[0.534s] DEBUG:colcon.colcon_core.event_handler.log_command:Invoked command in '/home/chogene/turtlebot_ws/build/turtlebot_description' returned '0': CMAKE_PREFIX_PATH=${CMAKE_PREFIX_PATH}:/home/chogene/moveit_ws/install/moveit_configs_utils:/home/chogene/ros2_ws/install/turtle_control_pkg:/home/chogene/ros2_ws/install/robotic_arms_control:/home/chogene/ros2_ws/install/my_py_pkg:/home/chogene/ros2_ws/install/my_sphere_pkg:/home/chogene/ros2_ws/install/my_environment_pkg:/home/chogene/ros2_ws/install/my_doosan_pkg:/opt/ros/jazzy DEBUGINFOD_URLS=https://debuginfod.ubuntu.com /usr/local/bin/cmake --install /home/chogene/turtlebot_ws/build/turtlebot_description
[0.538s] Level 1:colcon.colcon_core.environment:checking '/home/chogene/turtlebot_ws/install/turtlebot_description' for CMake module files
[0.539s] Level 1:colcon.colcon_core.environment:checking '/home/chogene/turtlebot_ws/install/turtlebot_description' for CMake config files
[0.540s] Level 1:colcon.colcon_core.shell:create_environment_hook('turtlebot_description', 'cmake_prefix_path')
[0.540s] INFO:colcon.colcon_core.shell:Creating environment hook '/home/chogene/turtlebot_ws/install/turtlebot_description/share/turtlebot_description/hook/cmake_prefix_path.ps1'
[0.542s] INFO:colcon.colcon_core.shell:Creating environment descriptor '/home/chogene/turtlebot_ws/install/turtlebot_description/share/turtlebot_description/hook/cmake_prefix_path.dsv'
[0.544s] INFO:colcon.colcon_core.shell:Creating environment hook '/home/chogene/turtlebot_ws/install/turtlebot_description/share/turtlebot_description/hook/cmake_prefix_path.sh'
[0.548s] Level 1:colcon.colcon_core.environment:checking '/home/chogene/turtlebot_ws/install/turtlebot_description/bin'
[0.549s] Level 1:colcon.colcon_core.environment:checking '/home/chogene/turtlebot_ws/install/turtlebot_description/lib/pkgconfig/turtlebot_description.pc'
[0.549s] Level 1:colcon.colcon_core.environment:checking '/home/chogene/turtlebot_ws/install/turtlebot_description/lib/python3.12/site-packages'
[0.550s] Level 1:colcon.colcon_core.environment:checking '/home/chogene/turtlebot_ws/install/turtlebot_description/bin'
[0.550s] INFO:colcon.colcon_core.shell:Creating package script '/home/chogene/turtlebot_ws/install/turtlebot_description/share/turtlebot_description/package.ps1'
[0.552s] INFO:colcon.colcon_core.shell:Creating package descriptor '/home/chogene/turtlebot_ws/install/turtlebot_description/share/turtlebot_description/package.dsv'
[0.553s] INFO:colcon.colcon_core.shell:Creating package script '/home/chogene/turtlebot_ws/install/turtlebot_description/share/turtlebot_description/package.sh'
[0.555s] INFO:colcon.colcon_core.shell:Creating package script '/home/chogene/turtlebot_ws/install/turtlebot_description/share/turtlebot_description/package.bash'
[0.556s] INFO:colcon.colcon_core.shell:Creating package script '/home/chogene/turtlebot_ws/install/turtlebot_description/share/turtlebot_description/package.zsh'
[0.557s] Level 1:colcon.colcon_core.environment:create_file_with_runtime_dependencies(/home/chogene/turtlebot_ws/install/turtlebot_description/share/colcon-core/packages/turtlebot_description)
[0.558s] Level 1:colcon.colcon_core.environment:create_environment_scripts_only(turtlebot_description)
[0.559s] Level 1:colcon.colcon_core.environment:checking '/home/chogene/turtlebot_ws/install/turtlebot_description' for CMake module files
[0.560s] Level 1:colcon.colcon_core.environment:checking '/home/chogene/turtlebot_ws/install/turtlebot_description' for CMake config files
[0.560s] Level 1:colcon.colcon_core.shell:create_environment_hook('turtlebot_description', 'cmake_prefix_path')
[0.561s] INFO:colcon.colcon_core.shell:Creating environment hook '/home/chogene/turtlebot_ws/install/turtlebot_description/share/turtlebot_description/hook/cmake_prefix_path.ps1'
[0.562s] INFO:colcon.colcon_core.shell:Creating environment descriptor '/home/chogene/turtlebot_ws/install/turtlebot_description/share/turtlebot_description/hook/cmake_prefix_path.dsv'
[0.562s] INFO:colcon.colcon_core.shell:Creating environment hook '/home/chogene/turtlebot_ws/install/turtlebot_description/share/turtlebot_description/hook/cmake_prefix_path.sh'
[0.565s] Level 1:colcon.colcon_core.environment:checking '/home/chogene/turtlebot_ws/install/turtlebot_description/bin'
[0.566s] Level 1:colcon.colcon_core.environment:checking '/home/chogene/turtlebot_ws/install/turtlebot_description/lib/pkgconfig/turtlebot_description.pc'
[0.567s] Level 1:colcon.colcon_core.environment:checking '/home/chogene/turtlebot_ws/install/turtlebot_description/lib/python3.12/site-packages'
[0.568s] Level 1:colcon.colcon_core.environment:checking '/home/chogene/turtlebot_ws/install/turtlebot_description/bin'
[0.569s] INFO:colcon.colcon_core.shell:Creating package script '/home/chogene/turtlebot_ws/install/turtlebot_description/share/turtlebot_description/package.ps1'
[0.570s] INFO:colcon.colcon_core.shell:Creating package descriptor '/home/chogene/turtlebot_ws/install/turtlebot_description/share/turtlebot_description/package.dsv'
[0.570s] INFO:colcon.colcon_core.shell:Creating package script '/home/chogene/turtlebot_ws/install/turtlebot_description/share/turtlebot_description/package.sh'
[0.571s] INFO:colcon.colcon_core.shell:Creating package script '/home/chogene/turtlebot_ws/install/turtlebot_description/share/turtlebot_description/package.bash'
[0.571s] INFO:colcon.colcon_core.shell:Creating package script '/home/chogene/turtlebot_ws/install/turtlebot_description/share/turtlebot_description/package.zsh'
[0.572s] Level 1:colcon.colcon_core.environment:create_file_with_runtime_dependencies(/home/chogene/turtlebot_ws/install/turtlebot_description/share/colcon-core/packages/turtlebot_description)
[0.572s] DEBUG:colcon.colcon_parallel_executor.executor.parallel:closing loop
[0.573s] DEBUG:colcon.colcon_parallel_executor.executor.parallel:loop closed
[0.573s] DEBUG:colcon.colcon_parallel_executor.executor.parallel:run_until_complete finished with '0'
[0.573s] DEBUG:colcon.colcon_core.event_reactor:joining thread
[0.598s] INFO:colcon.colcon_core.plugin_system:Skipping extension 'colcon_notification.desktop_notification.terminal_notifier': Not used on non-Darwin systems
[0.598s] INFO:colcon.colcon_core.plugin_system:Skipping extension 'colcon_notification.desktop_notification.win32': Not used on non-Windows systems
[0.598s] INFO:colcon.colcon_notification.desktop_notification:Sending desktop notification using 'notify2'
[0.623s] DEBUG:colcon.colcon_core.event_reactor:joined thread
[0.624s] INFO:colcon.colcon_core.shell:Creating prefix script '/home/chogene/turtlebot_ws/install/local_setup.ps1'
[0.625s] INFO:colcon.colcon_core.shell:Creating prefix util module '/home/chogene/turtlebot_ws/install/_local_setup_util_ps1.py'
[0.628s] INFO:colcon.colcon_core.shell:Creating prefix chain script '/home/chogene/turtlebot_ws/install/setup.ps1'
[0.640s] INFO:colcon.colcon_core.shell:Creating prefix script '/home/chogene/turtlebot_ws/install/local_setup.sh'
[0.643s] INFO:colcon.colcon_core.shell:Creating prefix util module '/home/chogene/turtlebot_ws/install/_local_setup_util_sh.py'
[0.645s] INFO:colcon.colcon_core.shell:Creating prefix chain script '/home/chogene/turtlebot_ws/install/setup.sh'
[0.655s] INFO:colcon.colcon_core.shell:Creating prefix script '/home/chogene/turtlebot_ws/install/local_setup.bash'
[0.656s] INFO:colcon.colcon_core.shell:Creating prefix chain script '/home/chogene/turtlebot_ws/install/setup.bash'
[0.668s] INFO:colcon.colcon_core.shell:Creating prefix script '/home/chogene/turtlebot_ws/install/local_setup.zsh'
[0.669s] INFO:colcon.colcon_core.shell:Creating prefix chain script '/home/chogene/turtlebot_ws/install/setup.zsh'
