[0.039s] Invoking command in '/home/chogene/turtlebot_ws/build/my_robot_bringup': CMAKE_PREFIX_PATH=${CMAKE_PREFIX_PATH}:/home/chogene/moveit_ws/install/moveit_configs_utils:/home/chogene/ros2_ws/install/turtle_control_pkg:/home/chogene/ros2_ws/install/robotic_arms_control:/home/chogene/ros2_ws/install/my_py_pkg:/home/chogene/ros2_ws/install/my_sphere_pkg:/home/chogene/ros2_ws/install/my_environment_pkg:/home/chogene/ros2_ws/install/my_doosan_pkg:/opt/ros/jazzy DEBUGINFOD_URLS=https://debuginfod.ubuntu.com /usr/local/bin/cmake --build /home/chogene/turtlebot_ws/build/my_robot_bringup -- -j4 -l4
[0.072s] Invoked command in '/home/chogene/turtlebot_ws/build/my_robot_bringup' returned '0': CMAKE_PREFIX_PATH=${CMAKE_PREFIX_PATH}:/home/chogene/moveit_ws/install/moveit_configs_utils:/home/chogene/ros2_ws/install/turtle_control_pkg:/home/chogene/ros2_ws/install/robotic_arms_control:/home/chogene/ros2_ws/install/my_py_pkg:/home/chogene/ros2_ws/install/my_sphere_pkg:/home/chogene/ros2_ws/install/my_environment_pkg:/home/chogene/ros2_ws/install/my_doosan_pkg:/opt/ros/jazzy DEBUGINFOD_URLS=https://debuginfod.ubuntu.com /usr/local/bin/cmake --build /home/chogene/turtlebot_ws/build/my_robot_bringup -- -j4 -l4
[0.080s] Invoking command in '/home/chogene/turtlebot_ws/build/my_robot_bringup': CMAKE_PREFIX_PATH=${CMAKE_PREFIX_PATH}:/home/chogene/moveit_ws/install/moveit_configs_utils:/home/chogene/ros2_ws/install/turtle_control_pkg:/home/chogene/ros2_ws/install/robotic_arms_control:/home/chogene/ros2_ws/install/my_py_pkg:/home/chogene/ros2_ws/install/my_sphere_pkg:/home/chogene/ros2_ws/install/my_environment_pkg:/home/chogene/ros2_ws/install/my_doosan_pkg:/opt/ros/jazzy DEBUGINFOD_URLS=https://debuginfod.ubuntu.com /usr/local/bin/cmake --install /home/chogene/turtlebot_ws/build/my_robot_bringup
[0.086s] -- Install configuration: ""
[0.086s] -- Execute custom install script
[0.087s] -- Up-to-date symlink: /home/chogene/turtlebot_ws/install/my_robot_bringup/share/my_robot_bringup//launch/my_robot.launch.xml
[0.087s] -- Up-to-date symlink: /home/chogene/turtlebot_ws/install/my_robot_bringup/share/ament_index/resource_index/package_run_dependencies/my_robot_bringup
[0.088s] -- Up-to-date symlink: /home/chogene/turtlebot_ws/install/my_robot_bringup/share/ament_index/resource_index/parent_prefix_path/my_robot_bringup
[0.088s] -- Up-to-date symlink: /home/chogene/turtlebot_ws/install/my_robot_bringup/share/my_robot_bringup/environment/ament_prefix_path.sh
[0.088s] -- Up-to-date symlink: /home/chogene/turtlebot_ws/install/my_robot_bringup/share/my_robot_bringup/environment/ament_prefix_path.dsv
[0.089s] -- Up-to-date symlink: /home/chogene/turtlebot_ws/install/my_robot_bringup/share/my_robot_bringup/environment/path.sh
[0.089s] -- Up-to-date symlink: /home/chogene/turtlebot_ws/install/my_robot_bringup/share/my_robot_bringup/environment/path.dsv
[0.089s] -- Up-to-date symlink: /home/chogene/turtlebot_ws/install/my_robot_bringup/share/my_robot_bringup/local_setup.bash
[0.090s] -- Up-to-date symlink: /home/chogene/turtlebot_ws/install/my_robot_bringup/share/my_robot_bringup/local_setup.sh
[0.090s] -- Up-to-date symlink: /home/chogene/turtlebot_ws/install/my_robot_bringup/share/my_robot_bringup/local_setup.zsh
[0.090s] -- Up-to-date symlink: /home/chogene/turtlebot_ws/install/my_robot_bringup/share/my_robot_bringup/local_setup.dsv
[0.090s] -- Symlinking: /home/chogene/turtlebot_ws/install/my_robot_bringup/share/my_robot_bringup/package.dsv
[0.096s] -- Up-to-date symlink: /home/chogene/turtlebot_ws/install/my_robot_bringup/share/ament_index/resource_index/packages/my_robot_bringup
[0.097s] -- Up-to-date symlink: /home/chogene/turtlebot_ws/install/my_robot_bringup/share/my_robot_bringup/cmake/my_robot_bringupConfig.cmake
[0.097s] -- Up-to-date symlink: /home/chogene/turtlebot_ws/install/my_robot_bringup/share/my_robot_bringup/cmake/my_robot_bringupConfig-version.cmake
[0.097s] -- Up-to-date symlink: /home/chogene/turtlebot_ws/install/my_robot_bringup/share/my_robot_bringup/package.xml
[0.103s] Invoked command in '/home/chogene/turtlebot_ws/build/my_robot_bringup' returned '0': CMAKE_PREFIX_PATH=${CMAKE_PREFIX_PATH}:/home/chogene/moveit_ws/install/moveit_configs_utils:/home/chogene/ros2_ws/install/turtle_control_pkg:/home/chogene/ros2_ws/install/robotic_arms_control:/home/chogene/ros2_ws/install/my_py_pkg:/home/chogene/ros2_ws/install/my_sphere_pkg:/home/chogene/ros2_ws/install/my_environment_pkg:/home/chogene/ros2_ws/install/my_doosan_pkg:/opt/ros/jazzy DEBUGINFOD_URLS=https://debuginfod.ubuntu.com /usr/local/bin/cmake --install /home/chogene/turtlebot_ws/build/my_robot_bringup
