[0.177s] DEBUG:colcon:Command line arguments: ['/usr/bin/colcon', 'build', '--symlink-install']
[0.177s] DEBUG:colcon:Parsed command line arguments: Namespace(log_base=None, log_level=None, verb_name='build', build_base='build', install_base='install', merge_install=False, symlink_install=True, test_result_base=None, continue_on_error=False, executor='parallel', parallel_workers=4, event_handlers=None, ignore_user_meta=False, metas=['./colcon.meta'], base_paths=['.'], packages_ignore=None, packages_ignore_regex=None, paths=None, packages_up_to=None, packages_up_to_regex=None, packages_above=None, packages_above_and_dependencies=None, packages_above_depth=None, packages_select_by_dep=None, packages_skip_by_dep=None, packages_skip_up_to=None, packages_select_build_failed=False, packages_skip_build_finished=False, packages_select_test_failures=False, packages_skip_test_passed=False, packages_select=None, packages_skip=None, packages_select_regex=None, packages_skip_regex=None, packages_start=None, packages_end=None, allow_overriding=[], cmake_args=None, cmake_target=None, cmake_target_skip_unavailable=False, cmake_clean_cache=False, cmake_clean_first=False, cmake_force_configure=False, ament_cmake_args=None, catkin_cmake_args=None, catkin_skip_building_tests=False, mixin_files=None, mixin=None, verb_parser=<colcon_mixin.mixin.mixin_argument.MixinArgumentDecorator object at 0x74a1dedd6690>, verb_extension=<colcon_core.verb.build.BuildVerb object at 0x74a1deefeb70>, main=<bound method BuildVerb.main of <colcon_core.verb.build.BuildVerb object at 0x74a1deefeb70>>, mixin_verb=('build',))
[0.222s] Level 1:colcon.colcon_core.package_discovery:discover_packages(colcon_meta) check parameters
[0.222s] Level 1:colcon.colcon_core.package_discovery:discover_packages(recursive) check parameters
[0.222s] Level 1:colcon.colcon_core.package_discovery:discover_packages(ignore) check parameters
[0.222s] Level 1:colcon.colcon_core.package_discovery:discover_packages(path) check parameters
[0.222s] Level 1:colcon.colcon_core.package_discovery:discover_packages(colcon_meta) discover
[0.222s] Level 1:colcon.colcon_core.package_discovery:discover_packages(recursive) discover
[0.222s] INFO:colcon.colcon_core.package_discovery:Crawling recursively for packages in '/home/chogene/turtlebot_ws'
[0.222s] Level 1:colcon.colcon_core.package_identification:_identify(.) by extensions ['ignore', 'ignore_ament_install']
[0.223s] Level 1:colcon.colcon_core.package_identification:_identify(.) by extension 'ignore'
[0.223s] Level 1:colcon.colcon_core.package_identification:_identify(.) by extension 'ignore_ament_install'
[0.223s] Level 1:colcon.colcon_core.package_identification:_identify(.) by extensions ['colcon_pkg']
[0.223s] Level 1:colcon.colcon_core.package_identification:_identify(.) by extension 'colcon_pkg'
[0.223s] Level 1:colcon.colcon_core.package_identification:_identify(.) by extensions ['colcon_meta']
[0.223s] Level 1:colcon.colcon_core.package_identification:_identify(.) by extension 'colcon_meta'
[0.223s] Level 1:colcon.colcon_core.package_identification:_identify(.) by extensions ['ros']
[0.223s] Level 1:colcon.colcon_core.package_identification:_identify(.) by extension 'ros'
[0.252s] Level 1:colcon.colcon_core.package_identification:_identify(.) by extensions ['cmake', 'python']
[0.252s] Level 1:colcon.colcon_core.package_identification:_identify(.) by extension 'cmake'
[0.252s] Level 1:colcon.colcon_core.package_identification:_identify(.) by extension 'python'
[0.252s] Level 1:colcon.colcon_core.package_identification:_identify(.) by extensions ['python_setup_py']
[0.252s] Level 1:colcon.colcon_core.package_identification:_identify(.) by extension 'python_setup_py'
[0.252s] Level 1:colcon.colcon_core.package_identification:_identify(build) by extensions ['ignore', 'ignore_ament_install']
[0.252s] Level 1:colcon.colcon_core.package_identification:_identify(build) by extension 'ignore'
[0.252s] Level 1:colcon.colcon_core.package_identification:_identify(build) ignored
[0.252s] Level 1:colcon.colcon_core.package_identification:_identify(install) by extensions ['ignore', 'ignore_ament_install']
[0.253s] Level 1:colcon.colcon_core.package_identification:_identify(install) by extension 'ignore'
[0.253s] Level 1:colcon.colcon_core.package_identification:_identify(install) ignored
[0.253s] Level 1:colcon.colcon_core.package_identification:_identify(log) by extensions ['ignore', 'ignore_ament_install']
[0.253s] Level 1:colcon.colcon_core.package_identification:_identify(log) by extension 'ignore'
[0.253s] Level 1:colcon.colcon_core.package_identification:_identify(log) ignored
[0.253s] Level 1:colcon.colcon_core.package_identification:_identify(src) by extensions ['ignore', 'ignore_ament_install']
[0.253s] Level 1:colcon.colcon_core.package_identification:_identify(src) by extension 'ignore'
[0.253s] Level 1:colcon.colcon_core.package_identification:_identify(src) by extension 'ignore_ament_install'
[0.253s] Level 1:colcon.colcon_core.package_identification:_identify(src) by extensions ['colcon_pkg']
[0.253s] Level 1:colcon.colcon_core.package_identification:_identify(src) by extension 'colcon_pkg'
[0.253s] Level 1:colcon.colcon_core.package_identification:_identify(src) by extensions ['colcon_meta']
[0.253s] Level 1:colcon.colcon_core.package_identification:_identify(src) by extension 'colcon_meta'
[0.253s] Level 1:colcon.colcon_core.package_identification:_identify(src) by extensions ['ros']
[0.253s] Level 1:colcon.colcon_core.package_identification:_identify(src) by extension 'ros'
[0.253s] Level 1:colcon.colcon_core.package_identification:_identify(src) by extensions ['cmake', 'python']
[0.253s] Level 1:colcon.colcon_core.package_identification:_identify(src) by extension 'cmake'
[0.253s] Level 1:colcon.colcon_core.package_identification:_identify(src) by extension 'python'
[0.253s] Level 1:colcon.colcon_core.package_identification:_identify(src) by extensions ['python_setup_py']
[0.253s] Level 1:colcon.colcon_core.package_identification:_identify(src) by extension 'python_setup_py'
[0.254s] Level 1:colcon.colcon_core.package_identification:_identify(src/my_robot_bringup) by extensions ['ignore', 'ignore_ament_install']
[0.254s] Level 1:colcon.colcon_core.package_identification:_identify(src/my_robot_bringup) by extension 'ignore'
[0.254s] Level 1:colcon.colcon_core.package_identification:_identify(src/my_robot_bringup) by extension 'ignore_ament_install'
[0.254s] Level 1:colcon.colcon_core.package_identification:_identify(src/my_robot_bringup) by extensions ['colcon_pkg']
[0.254s] Level 1:colcon.colcon_core.package_identification:_identify(src/my_robot_bringup) by extension 'colcon_pkg'
[0.254s] Level 1:colcon.colcon_core.package_identification:_identify(src/my_robot_bringup) by extensions ['colcon_meta']
[0.254s] Level 1:colcon.colcon_core.package_identification:_identify(src/my_robot_bringup) by extension 'colcon_meta'
[0.254s] Level 1:colcon.colcon_core.package_identification:_identify(src/my_robot_bringup) by extensions ['ros']
[0.254s] Level 1:colcon.colcon_core.package_identification:_identify(src/my_robot_bringup) by extension 'ros'
[0.256s] DEBUG:colcon.colcon_core.package_identification:Package 'src/my_robot_bringup' with type 'ros.ament_cmake' and name 'my_robot_bringup'
[0.257s] Level 1:colcon.colcon_core.package_identification:_identify(src/turtlebot_description) by extensions ['ignore', 'ignore_ament_install']
[0.257s] Level 1:colcon.colcon_core.package_identification:_identify(src/turtlebot_description) by extension 'ignore'
[0.257s] Level 1:colcon.colcon_core.package_identification:_identify(src/turtlebot_description) by extension 'ignore_ament_install'
[0.257s] Level 1:colcon.colcon_core.package_identification:_identify(src/turtlebot_description) by extensions ['colcon_pkg']
[0.257s] Level 1:colcon.colcon_core.package_identification:_identify(src/turtlebot_description) by extension 'colcon_pkg'
[0.257s] Level 1:colcon.colcon_core.package_identification:_identify(src/turtlebot_description) by extensions ['colcon_meta']
[0.257s] Level 1:colcon.colcon_core.package_identification:_identify(src/turtlebot_description) by extension 'colcon_meta'
[0.257s] Level 1:colcon.colcon_core.package_identification:_identify(src/turtlebot_description) by extensions ['ros']
[0.257s] Level 1:colcon.colcon_core.package_identification:_identify(src/turtlebot_description) by extension 'ros'
[0.258s] DEBUG:colcon.colcon_core.package_identification:Package 'src/turtlebot_description' with type 'ros.ament_cmake' and name 'turtlebot_description'
[0.258s] Level 1:colcon.colcon_core.package_discovery:discover_packages(recursive) using defaults
[0.258s] Level 1:colcon.colcon_core.package_discovery:discover_packages(ignore) discover
[0.258s] Level 1:colcon.colcon_core.package_discovery:discover_packages(ignore) using defaults
[0.258s] Level 1:colcon.colcon_core.package_discovery:discover_packages(path) discover
[0.258s] Level 1:colcon.colcon_core.package_discovery:discover_packages(path) using defaults
[0.278s] Level 1:colcon.colcon_core.package_discovery:discover_packages(prefix_path) check parameters
[0.279s] Level 1:colcon.colcon_core.package_discovery:discover_packages(prefix_path) discover
[0.283s] DEBUG:colcon.colcon_installed_package_information.package_discovery:Found 2 installed packages in /home/chogene/turtlebot_ws/install
[0.285s] DEBUG:colcon.colcon_installed_package_information.package_discovery:Found 73 installed packages in /home/chogene/moveit_ws/install
[0.287s] DEBUG:colcon.colcon_installed_package_information.package_discovery:Found 2 installed packages in /home/chogene/robot_ws/install
[0.287s] DEBUG:colcon.colcon_installed_package_information.package_discovery:Found 11 installed packages in /home/chogene/ros2_ws/install
[0.289s] DEBUG:colcon.colcon_installed_package_information.package_discovery:Found 404 installed packages in /opt/ros/jazzy
[0.290s] Level 1:colcon.colcon_core.package_discovery:discover_packages(prefix_path) using defaults
[0.356s] Level 5:colcon.colcon_core.verb:set package 'turtlebot_description' build argument 'cmake_args' from command line to 'None'
[0.356s] Level 5:colcon.colcon_core.verb:set package 'turtlebot_description' build argument 'cmake_target' from command line to 'None'
[0.356s] Level 5:colcon.colcon_core.verb:set package 'turtlebot_description' build argument 'cmake_target_skip_unavailable' from command line to 'False'
[0.356s] Level 5:colcon.colcon_core.verb:set package 'turtlebot_description' build argument 'cmake_clean_cache' from command line to 'False'
[0.356s] Level 5:colcon.colcon_core.verb:set package 'turtlebot_description' build argument 'cmake_clean_first' from command line to 'False'
[0.356s] Level 5:colcon.colcon_core.verb:set package 'turtlebot_description' build argument 'cmake_force_configure' from command line to 'False'
[0.356s] Level 5:colcon.colcon_core.verb:set package 'turtlebot_description' build argument 'ament_cmake_args' from command line to 'None'
[0.356s] Level 5:colcon.colcon_core.verb:set package 'turtlebot_description' build argument 'catkin_cmake_args' from command line to 'None'
[0.356s] Level 5:colcon.colcon_core.verb:set package 'turtlebot_description' build argument 'catkin_skip_building_tests' from command line to 'False'
[0.356s] DEBUG:colcon.colcon_core.verb:Building package 'turtlebot_description' with the following arguments: {'ament_cmake_args': None, 'build_base': '/home/chogene/turtlebot_ws/build/turtlebot_description', 'catkin_cmake_args': None, 'catkin_skip_building_tests': False, 'cmake_args': None, 'cmake_clean_cache': False, 'cmake_clean_first': False, 'cmake_force_configure': False, 'cmake_target': None, 'cmake_target_skip_unavailable': False, 'install_base': '/home/chogene/turtlebot_ws/install/turtlebot_description', 'merge_install': False, 'path': '/home/chogene/turtlebot_ws/src/turtlebot_description', 'symlink_install': True, 'test_result_base': None}
[0.356s] Level 5:colcon.colcon_core.verb:set package 'my_robot_bringup' build argument 'cmake_args' from command line to 'None'
[0.356s] Level 5:colcon.colcon_core.verb:set package 'my_robot_bringup' build argument 'cmake_target' from command line to 'None'
[0.356s] Level 5:colcon.colcon_core.verb:set package 'my_robot_bringup' build argument 'cmake_target_skip_unavailable' from command line to 'False'
[0.356s] Level 5:colcon.colcon_core.verb:set package 'my_robot_bringup' build argument 'cmake_clean_cache' from command line to 'False'
[0.356s] Level 5:colcon.colcon_core.verb:set package 'my_robot_bringup' build argument 'cmake_clean_first' from command line to 'False'
[0.356s] Level 5:colcon.colcon_core.verb:set package 'my_robot_bringup' build argument 'cmake_force_configure' from command line to 'False'
[0.356s] Level 5:colcon.colcon_core.verb:set package 'my_robot_bringup' build argument 'ament_cmake_args' from command line to 'None'
[0.356s] Level 5:colcon.colcon_core.verb:set package 'my_robot_bringup' build argument 'catkin_cmake_args' from command line to 'None'
[0.356s] Level 5:colcon.colcon_core.verb:set package 'my_robot_bringup' build argument 'catkin_skip_building_tests' from command line to 'False'
[0.356s] DEBUG:colcon.colcon_core.verb:Building package 'my_robot_bringup' with the following arguments: {'ament_cmake_args': None, 'build_base': '/home/chogene/turtlebot_ws/build/my_robot_bringup', 'catkin_cmake_args': None, 'catkin_skip_building_tests': False, 'cmake_args': None, 'cmake_clean_cache': False, 'cmake_clean_first': False, 'cmake_force_configure': False, 'cmake_target': None, 'cmake_target_skip_unavailable': False, 'install_base': '/home/chogene/turtlebot_ws/install/my_robot_bringup', 'merge_install': False, 'path': '/home/chogene/turtlebot_ws/src/my_robot_bringup', 'symlink_install': True, 'test_result_base': None}
[0.357s] INFO:colcon.colcon_core.executor:Executing jobs using 'parallel' executor
[0.358s] DEBUG:colcon.colcon_parallel_executor.executor.parallel:run_until_complete
[0.358s] INFO:colcon.colcon_ros.task.ament_cmake.build:Building ROS package in '/home/chogene/turtlebot_ws/src/turtlebot_description' with build type 'ament_cmake'
[0.358s] INFO:colcon.colcon_cmake.task.cmake.build:Building CMake package in '/home/chogene/turtlebot_ws/src/turtlebot_description'
[0.361s] INFO:colcon.colcon_core.plugin_system:Skipping extension 'colcon_core.shell.bat': Not used on non-Windows systems
[0.361s] INFO:colcon.colcon_core.shell:Skip shell extension 'powershell' for command environment: Not usable outside of PowerShell
[0.361s] DEBUG:colcon.colcon_core.shell:Skip shell extension 'dsv' for command environment
[0.381s] DEBUG:colcon.colcon_core.event_handler.log_command:Invoking command in '/home/chogene/turtlebot_ws/build/turtlebot_description': CMAKE_PREFIX_PATH=${CMAKE_PREFIX_PATH}:/home/chogene/moveit_ws/install/moveit_configs_utils:/home/chogene/ros2_ws/install/turtle_control_pkg:/home/chogene/ros2_ws/install/robotic_arms_control:/home/chogene/ros2_ws/install/my_py_pkg:/home/chogene/ros2_ws/install/my_sphere_pkg:/home/chogene/ros2_ws/install/my_environment_pkg:/home/chogene/ros2_ws/install/my_doosan_pkg:/opt/ros/jazzy DEBUGINFOD_URLS=https://debuginfod.ubuntu.com /usr/local/bin/cmake --build /home/chogene/turtlebot_ws/build/turtlebot_description -- -j4 -l4
[0.409s] DEBUG:colcon.colcon_core.event_handler.log_command:Invoked command in '/home/chogene/turtlebot_ws/build/turtlebot_description' returned '0': CMAKE_PREFIX_PATH=${CMAKE_PREFIX_PATH}:/home/chogene/moveit_ws/install/moveit_configs_utils:/home/chogene/ros2_ws/install/turtle_control_pkg:/home/chogene/ros2_ws/install/robotic_arms_control:/home/chogene/ros2_ws/install/my_py_pkg:/home/chogene/ros2_ws/install/my_sphere_pkg:/home/chogene/ros2_ws/install/my_environment_pkg:/home/chogene/ros2_ws/install/my_doosan_pkg:/opt/ros/jazzy DEBUGINFOD_URLS=https://debuginfod.ubuntu.com /usr/local/bin/cmake --build /home/chogene/turtlebot_ws/build/turtlebot_description -- -j4 -l4
[0.416s] DEBUG:colcon.colcon_core.event_handler.log_command:Invoking command in '/home/chogene/turtlebot_ws/build/turtlebot_description': CMAKE_PREFIX_PATH=${CMAKE_PREFIX_PATH}:/home/chogene/moveit_ws/install/moveit_configs_utils:/home/chogene/ros2_ws/install/turtle_control_pkg:/home/chogene/ros2_ws/install/robotic_arms_control:/home/chogene/ros2_ws/install/my_py_pkg:/home/chogene/ros2_ws/install/my_sphere_pkg:/home/chogene/ros2_ws/install/my_environment_pkg:/home/chogene/ros2_ws/install/my_doosan_pkg:/opt/ros/jazzy DEBUGINFOD_URLS=https://debuginfod.ubuntu.com /usr/local/bin/cmake --install /home/chogene/turtlebot_ws/build/turtlebot_description
[0.433s] Level 1:colcon.colcon_core.environment:create_environment_scripts_only(turtlebot_description)
[0.433s] DEBUG:colcon.colcon_core.event_handler.log_command:Invoked command in '/home/chogene/turtlebot_ws/build/turtlebot_description' returned '0': CMAKE_PREFIX_PATH=${CMAKE_PREFIX_PATH}:/home/chogene/moveit_ws/install/moveit_configs_utils:/home/chogene/ros2_ws/install/turtle_control_pkg:/home/chogene/ros2_ws/install/robotic_arms_control:/home/chogene/ros2_ws/install/my_py_pkg:/home/chogene/ros2_ws/install/my_sphere_pkg:/home/chogene/ros2_ws/install/my_environment_pkg:/home/chogene/ros2_ws/install/my_doosan_pkg:/opt/ros/jazzy DEBUGINFOD_URLS=https://debuginfod.ubuntu.com /usr/local/bin/cmake --install /home/chogene/turtlebot_ws/build/turtlebot_description
[0.436s] Level 1:colcon.colcon_core.environment:checking '/home/chogene/turtlebot_ws/install/turtlebot_description' for CMake module files
[0.437s] Level 1:colcon.colcon_core.environment:checking '/home/chogene/turtlebot_ws/install/turtlebot_description' for CMake config files
[0.437s] Level 1:colcon.colcon_core.shell:create_environment_hook('turtlebot_description', 'cmake_prefix_path')
[0.438s] INFO:colcon.colcon_core.shell:Creating environment hook '/home/chogene/turtlebot_ws/install/turtlebot_description/share/turtlebot_description/hook/cmake_prefix_path.ps1'
[0.438s] INFO:colcon.colcon_core.shell:Creating environment descriptor '/home/chogene/turtlebot_ws/install/turtlebot_description/share/turtlebot_description/hook/cmake_prefix_path.dsv'
[0.439s] INFO:colcon.colcon_core.shell:Creating environment hook '/home/chogene/turtlebot_ws/install/turtlebot_description/share/turtlebot_description/hook/cmake_prefix_path.sh'
[0.440s] Level 1:colcon.colcon_core.environment:checking '/home/chogene/turtlebot_ws/install/turtlebot_description/bin'
[0.440s] Level 1:colcon.colcon_core.environment:checking '/home/chogene/turtlebot_ws/install/turtlebot_description/lib/pkgconfig/turtlebot_description.pc'
[0.440s] Level 1:colcon.colcon_core.environment:checking '/home/chogene/turtlebot_ws/install/turtlebot_description/lib/python3.12/site-packages'
[0.441s] Level 1:colcon.colcon_core.environment:checking '/home/chogene/turtlebot_ws/install/turtlebot_description/bin'
[0.441s] INFO:colcon.colcon_core.shell:Creating package script '/home/chogene/turtlebot_ws/install/turtlebot_description/share/turtlebot_description/package.ps1'
[0.442s] INFO:colcon.colcon_core.shell:Creating package descriptor '/home/chogene/turtlebot_ws/install/turtlebot_description/share/turtlebot_description/package.dsv'
[0.443s] INFO:colcon.colcon_core.shell:Creating package script '/home/chogene/turtlebot_ws/install/turtlebot_description/share/turtlebot_description/package.sh'
[0.444s] INFO:colcon.colcon_core.shell:Creating package script '/home/chogene/turtlebot_ws/install/turtlebot_description/share/turtlebot_description/package.bash'
[0.444s] INFO:colcon.colcon_core.shell:Creating package script '/home/chogene/turtlebot_ws/install/turtlebot_description/share/turtlebot_description/package.zsh'
[0.445s] Level 1:colcon.colcon_core.environment:create_file_with_runtime_dependencies(/home/chogene/turtlebot_ws/install/turtlebot_description/share/colcon-core/packages/turtlebot_description)
[0.446s] Level 1:colcon.colcon_core.environment:create_environment_scripts_only(turtlebot_description)
[0.446s] Level 1:colcon.colcon_core.environment:checking '/home/chogene/turtlebot_ws/install/turtlebot_description' for CMake module files
[0.447s] Level 1:colcon.colcon_core.environment:checking '/home/chogene/turtlebot_ws/install/turtlebot_description' for CMake config files
[0.447s] Level 1:colcon.colcon_core.shell:create_environment_hook('turtlebot_description', 'cmake_prefix_path')
[0.447s] INFO:colcon.colcon_core.shell:Creating environment hook '/home/chogene/turtlebot_ws/install/turtlebot_description/share/turtlebot_description/hook/cmake_prefix_path.ps1'
[0.448s] INFO:colcon.colcon_core.shell:Creating environment descriptor '/home/chogene/turtlebot_ws/install/turtlebot_description/share/turtlebot_description/hook/cmake_prefix_path.dsv'
[0.449s] INFO:colcon.colcon_core.shell:Creating environment hook '/home/chogene/turtlebot_ws/install/turtlebot_description/share/turtlebot_description/hook/cmake_prefix_path.sh'
[0.450s] Level 1:colcon.colcon_core.environment:checking '/home/chogene/turtlebot_ws/install/turtlebot_description/bin'
[0.450s] Level 1:colcon.colcon_core.environment:checking '/home/chogene/turtlebot_ws/install/turtlebot_description/lib/pkgconfig/turtlebot_description.pc'
[0.450s] Level 1:colcon.colcon_core.environment:checking '/home/chogene/turtlebot_ws/install/turtlebot_description/lib/python3.12/site-packages'
[0.451s] Level 1:colcon.colcon_core.environment:checking '/home/chogene/turtlebot_ws/install/turtlebot_description/bin'
[0.451s] INFO:colcon.colcon_core.shell:Creating package script '/home/chogene/turtlebot_ws/install/turtlebot_description/share/turtlebot_description/package.ps1'
[0.452s] INFO:colcon.colcon_core.shell:Creating package descriptor '/home/chogene/turtlebot_ws/install/turtlebot_description/share/turtlebot_description/package.dsv'
[0.453s] INFO:colcon.colcon_core.shell:Creating package script '/home/chogene/turtlebot_ws/install/turtlebot_description/share/turtlebot_description/package.sh'
[0.453s] INFO:colcon.colcon_core.shell:Creating package script '/home/chogene/turtlebot_ws/install/turtlebot_description/share/turtlebot_description/package.bash'
[0.454s] INFO:colcon.colcon_core.shell:Creating package script '/home/chogene/turtlebot_ws/install/turtlebot_description/share/turtlebot_description/package.zsh'
[0.454s] Level 1:colcon.colcon_core.environment:create_file_with_runtime_dependencies(/home/chogene/turtlebot_ws/install/turtlebot_description/share/colcon-core/packages/turtlebot_description)
[0.455s] INFO:colcon.colcon_ros.task.ament_cmake.build:Building ROS package in '/home/chogene/turtlebot_ws/src/my_robot_bringup' with build type 'ament_cmake'
[0.455s] INFO:colcon.colcon_cmake.task.cmake.build:Building CMake package in '/home/chogene/turtlebot_ws/src/my_robot_bringup'
[0.455s] INFO:colcon.colcon_core.shell:Skip shell extension 'powershell' for command environment: Not usable outside of PowerShell
[0.456s] DEBUG:colcon.colcon_core.shell:Skip shell extension 'dsv' for command environment
[0.500s] DEBUG:colcon.colcon_core.event_handler.log_command:Invoking command in '/home/chogene/turtlebot_ws/build/my_robot_bringup': CMAKE_PREFIX_PATH=/home/chogene/turtlebot_ws/install/turtlebot_description:/home/chogene/turtlebot_ws/install/my_robot_bringup:/home/chogene/moveit_ws/install/robotiq_hardware_tests:/home/chogene/moveit_ws/install/robotiq_driver:/home/chogene/moveit_ws/install/serial:/home/chogene/moveit_ws/install/moveit2_tutorials:/home/chogene/moveit_ws/install/moveit_visual_tools:/home/chogene/moveit_ws/install/rviz_visual_tools:/home/chogene/moveit_ws/install/moveit_task_constructor_visualization:/home/chogene/moveit_ws/install/moveit_task_constructor_demo:/home/chogene/moveit_ws/install/moveit_task_constructor_capabilities:/home/chogene/moveit_ws/install/moveit_task_constructor_core:/home/chogene/moveit_ws/install/rviz_marker_tools:/home/chogene/moveit_ws/install/kortex_bringup:/home/chogene/moveit_ws/install/kinova_gen3_lite_moveit_config:/home/chogene/moveit_ws/install/kinova_gen3_7dof_robotiq_2f_85_moveit_config:/home/chogene/moveit_ws/install/kinova_gen3_6dof_robotiq_2f_85_moveit_config:/home/chogene/moveit_ws/install/kortex_description:/home/chogene/moveit_ws/install/robotiq_description:/home/chogene/moveit_ws/install/robotiq_controllers:/home/chogene/moveit_ws/install/pilz_industrial_motion_planner_testutils:/home/chogene/moveit_ws/install/moveit_runtime:/home/chogene/moveit_ws/install/moveit:/home/chogene/moveit_ws/install/moveit_planners:/home/chogene/moveit_ws/install/pilz_industrial_motion_planner:/home/chogene/moveit_ws/install/moveit_task_constructor_msgs:/home/chogene/moveit_ws/install/moveit_ros_control_interface:/home/chogene/moveit_ws/install/moveit_plugins:/home/chogene/moveit_ws/install/moveit_simple_controller_manager:/home/chogene/moveit_ws/install/moveit_setup_assistant:/home/chogene/moveit_ws/install/moveit_setup_srdf_plugins:/home/chogene/moveit_ws/install/moveit_setup_core_plugins:/home/chogene/moveit_ws/install/moveit_setup_controllers:/home/chogene/moveit_ws/install/moveit_setup_app_plugins:/home/chogene/moveit_ws/install/moveit_setup_framework:/home/chogene/moveit_ws/install/moveit_servo:/home/chogene/moveit_ws/install/moveit_ros_trajectory_cache:/home/chogene/moveit_ws/install/moveit_ros:/home/chogene/moveit_ws/install/moveit_ros_visualization:/home/chogene/moveit_ws/install/moveit_py:/home/chogene/moveit_ws/install/moveit_hybrid_planning:/home/chogene/moveit_ws/install/moveit_ros_planning_interface:/home/chogene/moveit_ws/install/moveit_ros_benchmarks:/home/chogene/moveit_ws/install/moveit_ros_warehouse:/home/chogene/moveit_ws/install/moveit_ros_robot_interaction:/home/chogene/moveit_ws/install/moveit_ros_perception:/home/chogene/moveit_ws/install/moveit_resources_prbt_pg70_support:/home/chogene/moveit_ws/install/moveit_resources_prbt_moveit_config:/home/chogene/moveit_ws/install/moveit_ros_move_group:/home/chogene/moveit_ws/install/moveit_planners_ompl:/home/chogene/moveit_ws/install/moveit_kinematics:/home/chogene/moveit_ws/install/moveit_ros_planning:/home/chogene/moveit_ws/install/moveit_ros_occupancy_map_monitor:/home/chogene/moveit_ws/install/moveit_resources_prbt_support:/home/chogene/moveit_ws/install/moveit_resources_prbt_ikfast_manipulator_plugin:/home/chogene/moveit_ws/install/moveit_resources:/home/chogene/moveit_ws/install/moveit_resources_pr2_description:/home/chogene/moveit_ws/install/moveit_resources_panda_moveit_config:/home/chogene/moveit_ws/install/dual_arm_panda_moveit_config:/home/chogene/moveit_ws/install/moveit_resources_panda_description:/home/chogene/moveit_ws/install/moveit_resources_fanuc_moveit_config:/home/chogene/moveit_ws/install/moveit_resources_fanuc_description:/home/chogene/moveit_ws/install/moveit_planners_stomp:/home/chogene/moveit_ws/install/moveit_planners_chomp:/home/chogene/moveit_ws/install/chomp_motion_planner:/home/chogene/moveit_ws/install/moveit_core:/home/chogene/moveit_ws/install/moveit_msgs:/home/chogene/moveit_ws/install/moveit_common:/home/chogene/moveit_ws/install/kortex_driver:/home/chogene/moveit_ws/install/kortex_api:/home/chogene/moveit_ws/install/gz_ros2_control_tests:/home/chogene/moveit_ws/install/gz_ros2_control_demos:/home/chogene/moveit_ws/install/gz_ros2_control:/home/chogene/robot_ws/install/my_robot_bringup:/home/chogene/robot_ws/install/robot_description:/home/chogene/ros2_ws/install/robot_interfaces:/home/chogene/ros2_ws/install/my_cpp_pkg:/home/chogene/ros2_ws/install/franka_description:/home/chogene/ros2_ws/install/cobot_ros2:/home/chogene/ros2_ws/install/cobot_description:/opt/ros/jazzy/opt/gz_sim_vendor:/opt/ros/jazzy/opt/gz_sensors_vendor:/opt/ros/jazzy/opt/gz_physics_vendor:/opt/ros/jazzy/opt/sdformat_vendor:/opt/ros/jazzy/opt/gz_gui_vendor:/opt/ros/jazzy/opt/gz_transport_vendor:/opt/ros/jazzy/opt/gz_rendering_vendor:/opt/ros/jazzy/opt/gz_plugin_vendor:/opt/ros/jazzy/opt/gz_fuel_tools_vendor:/opt/ros/jazzy/opt/gz_msgs_vendor:/opt/ros/jazzy/opt/gz_common_vendor:/opt/ros/jazzy/opt/gz_math_vendor:/opt/ros/jazzy/opt/gz_utils_vendor:/opt/ros/jazzy/opt/gz_tools_vendor:/opt/ros/jazzy/opt/gz_ogre_next_vendor:/opt/ros/jazzy/opt/gz_dartsim_vendor:/opt/ros/jazzy/opt/gz_cmake_vendor:/home/chogene/moveit_ws/install/moveit_configs_utils:/home/chogene/ros2_ws/install/turtle_control_pkg:/home/chogene/ros2_ws/install/robotic_arms_control:/home/chogene/ros2_ws/install/my_py_pkg:/home/chogene/ros2_ws/install/my_sphere_pkg:/home/chogene/ros2_ws/install/my_environment_pkg:/home/chogene/ros2_ws/install/my_doosan_pkg:/opt/ros/jazzy DEBUGINFOD_URLS=https://debuginfod.ubuntu.com /usr/local/bin/cmake --build /home/chogene/turtlebot_ws/build/my_robot_bringup -- -j4 -l4
[0.527s] DEBUG:colcon.colcon_core.event_handler.log_command:Invoked command in '/home/chogene/turtlebot_ws/build/my_robot_bringup' returned '0': CMAKE_PREFIX_PATH=/home/chogene/turtlebot_ws/install/turtlebot_description:/home/chogene/turtlebot_ws/install/my_robot_bringup:/home/chogene/moveit_ws/install/robotiq_hardware_tests:/home/chogene/moveit_ws/install/robotiq_driver:/home/chogene/moveit_ws/install/serial:/home/chogene/moveit_ws/install/moveit2_tutorials:/home/chogene/moveit_ws/install/moveit_visual_tools:/home/chogene/moveit_ws/install/rviz_visual_tools:/home/chogene/moveit_ws/install/moveit_task_constructor_visualization:/home/chogene/moveit_ws/install/moveit_task_constructor_demo:/home/chogene/moveit_ws/install/moveit_task_constructor_capabilities:/home/chogene/moveit_ws/install/moveit_task_constructor_core:/home/chogene/moveit_ws/install/rviz_marker_tools:/home/chogene/moveit_ws/install/kortex_bringup:/home/chogene/moveit_ws/install/kinova_gen3_lite_moveit_config:/home/chogene/moveit_ws/install/kinova_gen3_7dof_robotiq_2f_85_moveit_config:/home/chogene/moveit_ws/install/kinova_gen3_6dof_robotiq_2f_85_moveit_config:/home/chogene/moveit_ws/install/kortex_description:/home/chogene/moveit_ws/install/robotiq_description:/home/chogene/moveit_ws/install/robotiq_controllers:/home/chogene/moveit_ws/install/pilz_industrial_motion_planner_testutils:/home/chogene/moveit_ws/install/moveit_runtime:/home/chogene/moveit_ws/install/moveit:/home/chogene/moveit_ws/install/moveit_planners:/home/chogene/moveit_ws/install/pilz_industrial_motion_planner:/home/chogene/moveit_ws/install/moveit_task_constructor_msgs:/home/chogene/moveit_ws/install/moveit_ros_control_interface:/home/chogene/moveit_ws/install/moveit_plugins:/home/chogene/moveit_ws/install/moveit_simple_controller_manager:/home/chogene/moveit_ws/install/moveit_setup_assistant:/home/chogene/moveit_ws/install/moveit_setup_srdf_plugins:/home/chogene/moveit_ws/install/moveit_setup_core_plugins:/home/chogene/moveit_ws/install/moveit_setup_controllers:/home/chogene/moveit_ws/install/moveit_setup_app_plugins:/home/chogene/moveit_ws/install/moveit_setup_framework:/home/chogene/moveit_ws/install/moveit_servo:/home/chogene/moveit_ws/install/moveit_ros_trajectory_cache:/home/chogene/moveit_ws/install/moveit_ros:/home/chogene/moveit_ws/install/moveit_ros_visualization:/home/chogene/moveit_ws/install/moveit_py:/home/chogene/moveit_ws/install/moveit_hybrid_planning:/home/chogene/moveit_ws/install/moveit_ros_planning_interface:/home/chogene/moveit_ws/install/moveit_ros_benchmarks:/home/chogene/moveit_ws/install/moveit_ros_warehouse:/home/chogene/moveit_ws/install/moveit_ros_robot_interaction:/home/chogene/moveit_ws/install/moveit_ros_perception:/home/chogene/moveit_ws/install/moveit_resources_prbt_pg70_support:/home/chogene/moveit_ws/install/moveit_resources_prbt_moveit_config:/home/chogene/moveit_ws/install/moveit_ros_move_group:/home/chogene/moveit_ws/install/moveit_planners_ompl:/home/chogene/moveit_ws/install/moveit_kinematics:/home/chogene/moveit_ws/install/moveit_ros_planning:/home/chogene/moveit_ws/install/moveit_ros_occupancy_map_monitor:/home/chogene/moveit_ws/install/moveit_resources_prbt_support:/home/chogene/moveit_ws/install/moveit_resources_prbt_ikfast_manipulator_plugin:/home/chogene/moveit_ws/install/moveit_resources:/home/chogene/moveit_ws/install/moveit_resources_pr2_description:/home/chogene/moveit_ws/install/moveit_resources_panda_moveit_config:/home/chogene/moveit_ws/install/dual_arm_panda_moveit_config:/home/chogene/moveit_ws/install/moveit_resources_panda_description:/home/chogene/moveit_ws/install/moveit_resources_fanuc_moveit_config:/home/chogene/moveit_ws/install/moveit_resources_fanuc_description:/home/chogene/moveit_ws/install/moveit_planners_stomp:/home/chogene/moveit_ws/install/moveit_planners_chomp:/home/chogene/moveit_ws/install/chomp_motion_planner:/home/chogene/moveit_ws/install/moveit_core:/home/chogene/moveit_ws/install/moveit_msgs:/home/chogene/moveit_ws/install/moveit_common:/home/chogene/moveit_ws/install/kortex_driver:/home/chogene/moveit_ws/install/kortex_api:/home/chogene/moveit_ws/install/gz_ros2_control_tests:/home/chogene/moveit_ws/install/gz_ros2_control_demos:/home/chogene/moveit_ws/install/gz_ros2_control:/home/chogene/robot_ws/install/my_robot_bringup:/home/chogene/robot_ws/install/robot_description:/home/chogene/ros2_ws/install/robot_interfaces:/home/chogene/ros2_ws/install/my_cpp_pkg:/home/chogene/ros2_ws/install/franka_description:/home/chogene/ros2_ws/install/cobot_ros2:/home/chogene/ros2_ws/install/cobot_description:/opt/ros/jazzy/opt/gz_sim_vendor:/opt/ros/jazzy/opt/gz_sensors_vendor:/opt/ros/jazzy/opt/gz_physics_vendor:/opt/ros/jazzy/opt/sdformat_vendor:/opt/ros/jazzy/opt/gz_gui_vendor:/opt/ros/jazzy/opt/gz_transport_vendor:/opt/ros/jazzy/opt/gz_rendering_vendor:/opt/ros/jazzy/opt/gz_plugin_vendor:/opt/ros/jazzy/opt/gz_fuel_tools_vendor:/opt/ros/jazzy/opt/gz_msgs_vendor:/opt/ros/jazzy/opt/gz_common_vendor:/opt/ros/jazzy/opt/gz_math_vendor:/opt/ros/jazzy/opt/gz_utils_vendor:/opt/ros/jazzy/opt/gz_tools_vendor:/opt/ros/jazzy/opt/gz_ogre_next_vendor:/opt/ros/jazzy/opt/gz_dartsim_vendor:/opt/ros/jazzy/opt/gz_cmake_vendor:/home/chogene/moveit_ws/install/moveit_configs_utils:/home/chogene/ros2_ws/install/turtle_control_pkg:/home/chogene/ros2_ws/install/robotic_arms_control:/home/chogene/ros2_ws/install/my_py_pkg:/home/chogene/ros2_ws/install/my_sphere_pkg:/home/chogene/ros2_ws/install/my_environment_pkg:/home/chogene/ros2_ws/install/my_doosan_pkg:/opt/ros/jazzy DEBUGINFOD_URLS=https://debuginfod.ubuntu.com /usr/local/bin/cmake --build /home/chogene/turtlebot_ws/build/my_robot_bringup -- -j4 -l4
[0.529s] DEBUG:colcon.colcon_core.event_handler.log_command:Invoking command in '/home/chogene/turtlebot_ws/build/my_robot_bringup': CMAKE_PREFIX_PATH=/home/chogene/turtlebot_ws/install/turtlebot_description:/home/chogene/turtlebot_ws/install/my_robot_bringup:/home/chogene/moveit_ws/install/robotiq_hardware_tests:/home/chogene/moveit_ws/install/robotiq_driver:/home/chogene/moveit_ws/install/serial:/home/chogene/moveit_ws/install/moveit2_tutorials:/home/chogene/moveit_ws/install/moveit_visual_tools:/home/chogene/moveit_ws/install/rviz_visual_tools:/home/chogene/moveit_ws/install/moveit_task_constructor_visualization:/home/chogene/moveit_ws/install/moveit_task_constructor_demo:/home/chogene/moveit_ws/install/moveit_task_constructor_capabilities:/home/chogene/moveit_ws/install/moveit_task_constructor_core:/home/chogene/moveit_ws/install/rviz_marker_tools:/home/chogene/moveit_ws/install/kortex_bringup:/home/chogene/moveit_ws/install/kinova_gen3_lite_moveit_config:/home/chogene/moveit_ws/install/kinova_gen3_7dof_robotiq_2f_85_moveit_config:/home/chogene/moveit_ws/install/kinova_gen3_6dof_robotiq_2f_85_moveit_config:/home/chogene/moveit_ws/install/kortex_description:/home/chogene/moveit_ws/install/robotiq_description:/home/chogene/moveit_ws/install/robotiq_controllers:/home/chogene/moveit_ws/install/pilz_industrial_motion_planner_testutils:/home/chogene/moveit_ws/install/moveit_runtime:/home/chogene/moveit_ws/install/moveit:/home/chogene/moveit_ws/install/moveit_planners:/home/chogene/moveit_ws/install/pilz_industrial_motion_planner:/home/chogene/moveit_ws/install/moveit_task_constructor_msgs:/home/chogene/moveit_ws/install/moveit_ros_control_interface:/home/chogene/moveit_ws/install/moveit_plugins:/home/chogene/moveit_ws/install/moveit_simple_controller_manager:/home/chogene/moveit_ws/install/moveit_setup_assistant:/home/chogene/moveit_ws/install/moveit_setup_srdf_plugins:/home/chogene/moveit_ws/install/moveit_setup_core_plugins:/home/chogene/moveit_ws/install/moveit_setup_controllers:/home/chogene/moveit_ws/install/moveit_setup_app_plugins:/home/chogene/moveit_ws/install/moveit_setup_framework:/home/chogene/moveit_ws/install/moveit_servo:/home/chogene/moveit_ws/install/moveit_ros_trajectory_cache:/home/chogene/moveit_ws/install/moveit_ros:/home/chogene/moveit_ws/install/moveit_ros_visualization:/home/chogene/moveit_ws/install/moveit_py:/home/chogene/moveit_ws/install/moveit_hybrid_planning:/home/chogene/moveit_ws/install/moveit_ros_planning_interface:/home/chogene/moveit_ws/install/moveit_ros_benchmarks:/home/chogene/moveit_ws/install/moveit_ros_warehouse:/home/chogene/moveit_ws/install/moveit_ros_robot_interaction:/home/chogene/moveit_ws/install/moveit_ros_perception:/home/chogene/moveit_ws/install/moveit_resources_prbt_pg70_support:/home/chogene/moveit_ws/install/moveit_resources_prbt_moveit_config:/home/chogene/moveit_ws/install/moveit_ros_move_group:/home/chogene/moveit_ws/install/moveit_planners_ompl:/home/chogene/moveit_ws/install/moveit_kinematics:/home/chogene/moveit_ws/install/moveit_ros_planning:/home/chogene/moveit_ws/install/moveit_ros_occupancy_map_monitor:/home/chogene/moveit_ws/install/moveit_resources_prbt_support:/home/chogene/moveit_ws/install/moveit_resources_prbt_ikfast_manipulator_plugin:/home/chogene/moveit_ws/install/moveit_resources:/home/chogene/moveit_ws/install/moveit_resources_pr2_description:/home/chogene/moveit_ws/install/moveit_resources_panda_moveit_config:/home/chogene/moveit_ws/install/dual_arm_panda_moveit_config:/home/chogene/moveit_ws/install/moveit_resources_panda_description:/home/chogene/moveit_ws/install/moveit_resources_fanuc_moveit_config:/home/chogene/moveit_ws/install/moveit_resources_fanuc_description:/home/chogene/moveit_ws/install/moveit_planners_stomp:/home/chogene/moveit_ws/install/moveit_planners_chomp:/home/chogene/moveit_ws/install/chomp_motion_planner:/home/chogene/moveit_ws/install/moveit_core:/home/chogene/moveit_ws/install/moveit_msgs:/home/chogene/moveit_ws/install/moveit_common:/home/chogene/moveit_ws/install/kortex_driver:/home/chogene/moveit_ws/install/kortex_api:/home/chogene/moveit_ws/install/gz_ros2_control_tests:/home/chogene/moveit_ws/install/gz_ros2_control_demos:/home/chogene/moveit_ws/install/gz_ros2_control:/home/chogene/robot_ws/install/my_robot_bringup:/home/chogene/robot_ws/install/robot_description:/home/chogene/ros2_ws/install/robot_interfaces:/home/chogene/ros2_ws/install/my_cpp_pkg:/home/chogene/ros2_ws/install/franka_description:/home/chogene/ros2_ws/install/cobot_ros2:/home/chogene/ros2_ws/install/cobot_description:/opt/ros/jazzy/opt/gz_sim_vendor:/opt/ros/jazzy/opt/gz_sensors_vendor:/opt/ros/jazzy/opt/gz_physics_vendor:/opt/ros/jazzy/opt/sdformat_vendor:/opt/ros/jazzy/opt/gz_gui_vendor:/opt/ros/jazzy/opt/gz_transport_vendor:/opt/ros/jazzy/opt/gz_rendering_vendor:/opt/ros/jazzy/opt/gz_plugin_vendor:/opt/ros/jazzy/opt/gz_fuel_tools_vendor:/opt/ros/jazzy/opt/gz_msgs_vendor:/opt/ros/jazzy/opt/gz_common_vendor:/opt/ros/jazzy/opt/gz_math_vendor:/opt/ros/jazzy/opt/gz_utils_vendor:/opt/ros/jazzy/opt/gz_tools_vendor:/opt/ros/jazzy/opt/gz_ogre_next_vendor:/opt/ros/jazzy/opt/gz_dartsim_vendor:/opt/ros/jazzy/opt/gz_cmake_vendor:/home/chogene/moveit_ws/install/moveit_configs_utils:/home/chogene/ros2_ws/install/turtle_control_pkg:/home/chogene/ros2_ws/install/robotic_arms_control:/home/chogene/ros2_ws/install/my_py_pkg:/home/chogene/ros2_ws/install/my_sphere_pkg:/home/chogene/ros2_ws/install/my_environment_pkg:/home/chogene/ros2_ws/install/my_doosan_pkg:/opt/ros/jazzy DEBUGINFOD_URLS=https://debuginfod.ubuntu.com /usr/local/bin/cmake --install /home/chogene/turtlebot_ws/build/my_robot_bringup
[0.549s] Level 1:colcon.colcon_core.environment:create_environment_scripts_only(my_robot_bringup)
[0.549s] Level 1:colcon.colcon_core.environment:checking '/home/chogene/turtlebot_ws/install/my_robot_bringup' for CMake module files
[0.550s] DEBUG:colcon.colcon_core.event_handler.log_command:Invoked command in '/home/chogene/turtlebot_ws/build/my_robot_bringup' returned '0': CMAKE_PREFIX_PATH=/home/chogene/turtlebot_ws/install/turtlebot_description:/home/chogene/turtlebot_ws/install/my_robot_bringup:/home/chogene/moveit_ws/install/robotiq_hardware_tests:/home/chogene/moveit_ws/install/robotiq_driver:/home/chogene/moveit_ws/install/serial:/home/chogene/moveit_ws/install/moveit2_tutorials:/home/chogene/moveit_ws/install/moveit_visual_tools:/home/chogene/moveit_ws/install/rviz_visual_tools:/home/chogene/moveit_ws/install/moveit_task_constructor_visualization:/home/chogene/moveit_ws/install/moveit_task_constructor_demo:/home/chogene/moveit_ws/install/moveit_task_constructor_capabilities:/home/chogene/moveit_ws/install/moveit_task_constructor_core:/home/chogene/moveit_ws/install/rviz_marker_tools:/home/chogene/moveit_ws/install/kortex_bringup:/home/chogene/moveit_ws/install/kinova_gen3_lite_moveit_config:/home/chogene/moveit_ws/install/kinova_gen3_7dof_robotiq_2f_85_moveit_config:/home/chogene/moveit_ws/install/kinova_gen3_6dof_robotiq_2f_85_moveit_config:/home/chogene/moveit_ws/install/kortex_description:/home/chogene/moveit_ws/install/robotiq_description:/home/chogene/moveit_ws/install/robotiq_controllers:/home/chogene/moveit_ws/install/pilz_industrial_motion_planner_testutils:/home/chogene/moveit_ws/install/moveit_runtime:/home/chogene/moveit_ws/install/moveit:/home/chogene/moveit_ws/install/moveit_planners:/home/chogene/moveit_ws/install/pilz_industrial_motion_planner:/home/chogene/moveit_ws/install/moveit_task_constructor_msgs:/home/chogene/moveit_ws/install/moveit_ros_control_interface:/home/chogene/moveit_ws/install/moveit_plugins:/home/chogene/moveit_ws/install/moveit_simple_controller_manager:/home/chogene/moveit_ws/install/moveit_setup_assistant:/home/chogene/moveit_ws/install/moveit_setup_srdf_plugins:/home/chogene/moveit_ws/install/moveit_setup_core_plugins:/home/chogene/moveit_ws/install/moveit_setup_controllers:/home/chogene/moveit_ws/install/moveit_setup_app_plugins:/home/chogene/moveit_ws/install/moveit_setup_framework:/home/chogene/moveit_ws/install/moveit_servo:/home/chogene/moveit_ws/install/moveit_ros_trajectory_cache:/home/chogene/moveit_ws/install/moveit_ros:/home/chogene/moveit_ws/install/moveit_ros_visualization:/home/chogene/moveit_ws/install/moveit_py:/home/chogene/moveit_ws/install/moveit_hybrid_planning:/home/chogene/moveit_ws/install/moveit_ros_planning_interface:/home/chogene/moveit_ws/install/moveit_ros_benchmarks:/home/chogene/moveit_ws/install/moveit_ros_warehouse:/home/chogene/moveit_ws/install/moveit_ros_robot_interaction:/home/chogene/moveit_ws/install/moveit_ros_perception:/home/chogene/moveit_ws/install/moveit_resources_prbt_pg70_support:/home/chogene/moveit_ws/install/moveit_resources_prbt_moveit_config:/home/chogene/moveit_ws/install/moveit_ros_move_group:/home/chogene/moveit_ws/install/moveit_planners_ompl:/home/chogene/moveit_ws/install/moveit_kinematics:/home/chogene/moveit_ws/install/moveit_ros_planning:/home/chogene/moveit_ws/install/moveit_ros_occupancy_map_monitor:/home/chogene/moveit_ws/install/moveit_resources_prbt_support:/home/chogene/moveit_ws/install/moveit_resources_prbt_ikfast_manipulator_plugin:/home/chogene/moveit_ws/install/moveit_resources:/home/chogene/moveit_ws/install/moveit_resources_pr2_description:/home/chogene/moveit_ws/install/moveit_resources_panda_moveit_config:/home/chogene/moveit_ws/install/dual_arm_panda_moveit_config:/home/chogene/moveit_ws/install/moveit_resources_panda_description:/home/chogene/moveit_ws/install/moveit_resources_fanuc_moveit_config:/home/chogene/moveit_ws/install/moveit_resources_fanuc_description:/home/chogene/moveit_ws/install/moveit_planners_stomp:/home/chogene/moveit_ws/install/moveit_planners_chomp:/home/chogene/moveit_ws/install/chomp_motion_planner:/home/chogene/moveit_ws/install/moveit_core:/home/chogene/moveit_ws/install/moveit_msgs:/home/chogene/moveit_ws/install/moveit_common:/home/chogene/moveit_ws/install/kortex_driver:/home/chogene/moveit_ws/install/kortex_api:/home/chogene/moveit_ws/install/gz_ros2_control_tests:/home/chogene/moveit_ws/install/gz_ros2_control_demos:/home/chogene/moveit_ws/install/gz_ros2_control:/home/chogene/robot_ws/install/my_robot_bringup:/home/chogene/robot_ws/install/robot_description:/home/chogene/ros2_ws/install/robot_interfaces:/home/chogene/ros2_ws/install/my_cpp_pkg:/home/chogene/ros2_ws/install/franka_description:/home/chogene/ros2_ws/install/cobot_ros2:/home/chogene/ros2_ws/install/cobot_description:/opt/ros/jazzy/opt/gz_sim_vendor:/opt/ros/jazzy/opt/gz_sensors_vendor:/opt/ros/jazzy/opt/gz_physics_vendor:/opt/ros/jazzy/opt/sdformat_vendor:/opt/ros/jazzy/opt/gz_gui_vendor:/opt/ros/jazzy/opt/gz_transport_vendor:/opt/ros/jazzy/opt/gz_rendering_vendor:/opt/ros/jazzy/opt/gz_plugin_vendor:/opt/ros/jazzy/opt/gz_fuel_tools_vendor:/opt/ros/jazzy/opt/gz_msgs_vendor:/opt/ros/jazzy/opt/gz_common_vendor:/opt/ros/jazzy/opt/gz_math_vendor:/opt/ros/jazzy/opt/gz_utils_vendor:/opt/ros/jazzy/opt/gz_tools_vendor:/opt/ros/jazzy/opt/gz_ogre_next_vendor:/opt/ros/jazzy/opt/gz_dartsim_vendor:/opt/ros/jazzy/opt/gz_cmake_vendor:/home/chogene/moveit_ws/install/moveit_configs_utils:/home/chogene/ros2_ws/install/turtle_control_pkg:/home/chogene/ros2_ws/install/robotic_arms_control:/home/chogene/ros2_ws/install/my_py_pkg:/home/chogene/ros2_ws/install/my_sphere_pkg:/home/chogene/ros2_ws/install/my_environment_pkg:/home/chogene/ros2_ws/install/my_doosan_pkg:/opt/ros/jazzy DEBUGINFOD_URLS=https://debuginfod.ubuntu.com /usr/local/bin/cmake --install /home/chogene/turtlebot_ws/build/my_robot_bringup
[0.550s] Level 1:colcon.colcon_core.environment:checking '/home/chogene/turtlebot_ws/install/my_robot_bringup' for CMake config files
[0.551s] Level 1:colcon.colcon_core.shell:create_environment_hook('my_robot_bringup', 'cmake_prefix_path')
[0.551s] INFO:colcon.colcon_core.shell:Creating environment hook '/home/chogene/turtlebot_ws/install/my_robot_bringup/share/my_robot_bringup/hook/cmake_prefix_path.ps1'
[0.552s] INFO:colcon.colcon_core.shell:Creating environment descriptor '/home/chogene/turtlebot_ws/install/my_robot_bringup/share/my_robot_bringup/hook/cmake_prefix_path.dsv'
[0.552s] INFO:colcon.colcon_core.shell:Creating environment hook '/home/chogene/turtlebot_ws/install/my_robot_bringup/share/my_robot_bringup/hook/cmake_prefix_path.sh'
[0.553s] Level 1:colcon.colcon_core.environment:checking '/home/chogene/turtlebot_ws/install/my_robot_bringup/bin'
[0.554s] Level 1:colcon.colcon_core.environment:checking '/home/chogene/turtlebot_ws/install/my_robot_bringup/lib/pkgconfig/my_robot_bringup.pc'
[0.554s] Level 1:colcon.colcon_core.environment:checking '/home/chogene/turtlebot_ws/install/my_robot_bringup/lib/python3.12/site-packages'
[0.554s] Level 1:colcon.colcon_core.environment:checking '/home/chogene/turtlebot_ws/install/my_robot_bringup/bin'
[0.554s] INFO:colcon.colcon_core.shell:Creating package script '/home/chogene/turtlebot_ws/install/my_robot_bringup/share/my_robot_bringup/package.ps1'
[0.555s] INFO:colcon.colcon_core.shell:Creating package descriptor '/home/chogene/turtlebot_ws/install/my_robot_bringup/share/my_robot_bringup/package.dsv'
[0.556s] INFO:colcon.colcon_core.shell:Creating package script '/home/chogene/turtlebot_ws/install/my_robot_bringup/share/my_robot_bringup/package.sh'
[0.556s] INFO:colcon.colcon_core.shell:Creating package script '/home/chogene/turtlebot_ws/install/my_robot_bringup/share/my_robot_bringup/package.bash'
[0.557s] INFO:colcon.colcon_core.shell:Creating package script '/home/chogene/turtlebot_ws/install/my_robot_bringup/share/my_robot_bringup/package.zsh'
[0.557s] Level 1:colcon.colcon_core.environment:create_file_with_runtime_dependencies(/home/chogene/turtlebot_ws/install/my_robot_bringup/share/colcon-core/packages/my_robot_bringup)
[0.558s] Level 1:colcon.colcon_core.environment:create_environment_scripts_only(my_robot_bringup)
[0.559s] Level 1:colcon.colcon_core.environment:checking '/home/chogene/turtlebot_ws/install/my_robot_bringup' for CMake module files
[0.560s] Level 1:colcon.colcon_core.environment:checking '/home/chogene/turtlebot_ws/install/my_robot_bringup' for CMake config files
[0.560s] Level 1:colcon.colcon_core.shell:create_environment_hook('my_robot_bringup', 'cmake_prefix_path')
[0.561s] INFO:colcon.colcon_core.shell:Creating environment hook '/home/chogene/turtlebot_ws/install/my_robot_bringup/share/my_robot_bringup/hook/cmake_prefix_path.ps1'
[0.561s] INFO:colcon.colcon_core.shell:Creating environment descriptor '/home/chogene/turtlebot_ws/install/my_robot_bringup/share/my_robot_bringup/hook/cmake_prefix_path.dsv'
[0.562s] INFO:colcon.colcon_core.shell:Creating environment hook '/home/chogene/turtlebot_ws/install/my_robot_bringup/share/my_robot_bringup/hook/cmake_prefix_path.sh'
[0.563s] Level 1:colcon.colcon_core.environment:checking '/home/chogene/turtlebot_ws/install/my_robot_bringup/bin'
[0.563s] Level 1:colcon.colcon_core.environment:checking '/home/chogene/turtlebot_ws/install/my_robot_bringup/lib/pkgconfig/my_robot_bringup.pc'
[0.563s] Level 1:colcon.colcon_core.environment:checking '/home/chogene/turtlebot_ws/install/my_robot_bringup/lib/python3.12/site-packages'
[0.564s] Level 1:colcon.colcon_core.environment:checking '/home/chogene/turtlebot_ws/install/my_robot_bringup/bin'
[0.564s] INFO:colcon.colcon_core.shell:Creating package script '/home/chogene/turtlebot_ws/install/my_robot_bringup/share/my_robot_bringup/package.ps1'
[0.565s] INFO:colcon.colcon_core.shell:Creating package descriptor '/home/chogene/turtlebot_ws/install/my_robot_bringup/share/my_robot_bringup/package.dsv'
[0.566s] INFO:colcon.colcon_core.shell:Creating package script '/home/chogene/turtlebot_ws/install/my_robot_bringup/share/my_robot_bringup/package.sh'
[0.566s] INFO:colcon.colcon_core.shell:Creating package script '/home/chogene/turtlebot_ws/install/my_robot_bringup/share/my_robot_bringup/package.bash'
[0.567s] INFO:colcon.colcon_core.shell:Creating package script '/home/chogene/turtlebot_ws/install/my_robot_bringup/share/my_robot_bringup/package.zsh'
[0.567s] Level 1:colcon.colcon_core.environment:create_file_with_runtime_dependencies(/home/chogene/turtlebot_ws/install/my_robot_bringup/share/colcon-core/packages/my_robot_bringup)
[0.568s] DEBUG:colcon.colcon_parallel_executor.executor.parallel:closing loop
[0.568s] DEBUG:colcon.colcon_parallel_executor.executor.parallel:loop closed
[0.568s] DEBUG:colcon.colcon_parallel_executor.executor.parallel:run_until_complete finished with '0'
[0.568s] DEBUG:colcon.colcon_core.event_reactor:joining thread
[0.576s] INFO:colcon.colcon_core.plugin_system:Skipping extension 'colcon_notification.desktop_notification.terminal_notifier': Not used on non-Darwin systems
[0.576s] INFO:colcon.colcon_core.plugin_system:Skipping extension 'colcon_notification.desktop_notification.win32': Not used on non-Windows systems
[0.576s] INFO:colcon.colcon_notification.desktop_notification:Sending desktop notification using 'notify2'
[0.596s] DEBUG:colcon.colcon_core.event_reactor:joined thread
[0.597s] INFO:colcon.colcon_core.shell:Creating prefix script '/home/chogene/turtlebot_ws/install/local_setup.ps1'
[0.598s] INFO:colcon.colcon_core.shell:Creating prefix util module '/home/chogene/turtlebot_ws/install/_local_setup_util_ps1.py'
[0.600s] INFO:colcon.colcon_core.shell:Creating prefix chain script '/home/chogene/turtlebot_ws/install/setup.ps1'
[0.607s] INFO:colcon.colcon_core.shell:Creating prefix script '/home/chogene/turtlebot_ws/install/local_setup.sh'
[0.608s] INFO:colcon.colcon_core.shell:Creating prefix util module '/home/chogene/turtlebot_ws/install/_local_setup_util_sh.py'
[0.609s] INFO:colcon.colcon_core.shell:Creating prefix chain script '/home/chogene/turtlebot_ws/install/setup.sh'
[0.616s] INFO:colcon.colcon_core.shell:Creating prefix script '/home/chogene/turtlebot_ws/install/local_setup.bash'
[0.617s] INFO:colcon.colcon_core.shell:Creating prefix chain script '/home/chogene/turtlebot_ws/install/setup.bash'
[0.623s] INFO:colcon.colcon_core.shell:Creating prefix script '/home/chogene/turtlebot_ws/install/local_setup.zsh'
[0.624s] INFO:colcon.colcon_core.shell:Creating prefix chain script '/home/chogene/turtlebot_ws/install/setup.zsh'
