[0.346s] DEBUG:colcon:Command line arguments: ['/usr/bin/colcon', 'build', '--symlink-install']
[0.346s] DEBUG:colcon:Parsed command line arguments: Namespace(log_base=None, log_level=None, verb_name='build', build_base='build', install_base='install', merge_install=False, symlink_install=True, test_result_base=None, continue_on_error=False, executor='parallel', parallel_workers=8, event_handlers=None, ignore_user_meta=False, metas=['./colcon.meta'], base_paths=['.'], packages_ignore=None, packages_ignore_regex=None, paths=None, packages_up_to=None, packages_up_to_regex=None, packages_above=None, packages_above_and_dependencies=None, packages_above_depth=None, packages_select_by_dep=None, packages_skip_by_dep=None, packages_skip_up_to=None, packages_select_build_failed=False, packages_skip_build_finished=False, packages_select_test_failures=False, packages_skip_test_passed=False, packages_select=None, packages_skip=None, packages_select_regex=None, packages_skip_regex=None, packages_start=None, packages_end=None, allow_overriding=[], cmake_args=None, cmake_target=None, cmake_target_skip_unavailable=False, cmake_clean_cache=False, cmake_clean_first=False, cmake_force_configure=False, ament_cmake_args=None, catkin_cmake_args=None, catkin_skip_building_tests=False, mixin_files=None, mixin=None, verb_parser=<colcon_mixin.mixin.mixin_argument.MixinArgumentDecorator object at 0x7fc930426d50>, verb_extension=<colcon_core.verb.build.BuildVerb object at 0x7fc9304254f0>, main=<bound method BuildVerb.main of <colcon_core.verb.build.BuildVerb object at 0x7fc9304254f0>>, mixin_verb=('build',))
[0.404s] Level 1:colcon.colcon_core.package_discovery:discover_packages(colcon_meta) check parameters
[0.404s] Level 1:colcon.colcon_core.package_discovery:discover_packages(recursive) check parameters
[0.404s] Level 1:colcon.colcon_core.package_discovery:discover_packages(ignore) check parameters
[0.404s] Level 1:colcon.colcon_core.package_discovery:discover_packages(path) check parameters
[0.404s] Level 1:colcon.colcon_core.package_discovery:discover_packages(colcon_meta) discover
[0.404s] Level 1:colcon.colcon_core.package_discovery:discover_packages(recursive) discover
[0.404s] INFO:colcon.colcon_core.package_discovery:Crawling recursively for packages in '/home/chogene/turtlebot_ws'
[0.404s] Level 1:colcon.colcon_core.package_identification:_identify(.) by extensions ['ignore', 'ignore_ament_install']
[0.404s] Level 1:colcon.colcon_core.package_identification:_identify(.) by extension 'ignore'
[0.404s] Level 1:colcon.colcon_core.package_identification:_identify(.) by extension 'ignore_ament_install'
[0.404s] Level 1:colcon.colcon_core.package_identification:_identify(.) by extensions ['colcon_pkg']
[0.404s] Level 1:colcon.colcon_core.package_identification:_identify(.) by extension 'colcon_pkg'
[0.404s] Level 1:colcon.colcon_core.package_identification:_identify(.) by extensions ['colcon_meta']
[0.404s] Level 1:colcon.colcon_core.package_identification:_identify(.) by extension 'colcon_meta'
[0.404s] Level 1:colcon.colcon_core.package_identification:_identify(.) by extensions ['ros']
[0.404s] Level 1:colcon.colcon_core.package_identification:_identify(.) by extension 'ros'
[0.436s] Level 1:colcon.colcon_core.package_identification:_identify(.) by extensions ['cmake', 'python']
[0.436s] Level 1:colcon.colcon_core.package_identification:_identify(.) by extension 'cmake'
[0.436s] Level 1:colcon.colcon_core.package_identification:_identify(.) by extension 'python'
[0.436s] Level 1:colcon.colcon_core.package_identification:_identify(.) by extensions ['python_setup_py']
[0.436s] Level 1:colcon.colcon_core.package_identification:_identify(.) by extension 'python_setup_py'
[0.437s] Level 1:colcon.colcon_core.package_identification:_identify(build) by extensions ['ignore', 'ignore_ament_install']
[0.437s] Level 1:colcon.colcon_core.package_identification:_identify(build) by extension 'ignore'
[0.437s] Level 1:colcon.colcon_core.package_identification:_identify(build) ignored
[0.437s] Level 1:colcon.colcon_core.package_identification:_identify(install) by extensions ['ignore', 'ignore_ament_install']
[0.437s] Level 1:colcon.colcon_core.package_identification:_identify(install) by extension 'ignore'
[0.437s] Level 1:colcon.colcon_core.package_identification:_identify(install) ignored
[0.437s] Level 1:colcon.colcon_core.package_identification:_identify(log) by extensions ['ignore', 'ignore_ament_install']
[0.437s] Level 1:colcon.colcon_core.package_identification:_identify(log) by extension 'ignore'
[0.437s] Level 1:colcon.colcon_core.package_identification:_identify(log) ignored
[0.437s] Level 1:colcon.colcon_core.package_identification:_identify(src) by extensions ['ignore', 'ignore_ament_install']
[0.437s] Level 1:colcon.colcon_core.package_identification:_identify(src) by extension 'ignore'
[0.438s] Level 1:colcon.colcon_core.package_identification:_identify(src) by extension 'ignore_ament_install'
[0.438s] Level 1:colcon.colcon_core.package_identification:_identify(src) by extensions ['colcon_pkg']
[0.438s] Level 1:colcon.colcon_core.package_identification:_identify(src) by extension 'colcon_pkg'
[0.438s] Level 1:colcon.colcon_core.package_identification:_identify(src) by extensions ['colcon_meta']
[0.438s] Level 1:colcon.colcon_core.package_identification:_identify(src) by extension 'colcon_meta'
[0.438s] Level 1:colcon.colcon_core.package_identification:_identify(src) by extensions ['ros']
[0.438s] Level 1:colcon.colcon_core.package_identification:_identify(src) by extension 'ros'
[0.438s] Level 1:colcon.colcon_core.package_identification:_identify(src) by extensions ['cmake', 'python']
[0.438s] Level 1:colcon.colcon_core.package_identification:_identify(src) by extension 'cmake'
[0.438s] Level 1:colcon.colcon_core.package_identification:_identify(src) by extension 'python'
[0.438s] Level 1:colcon.colcon_core.package_identification:_identify(src) by extensions ['python_setup_py']
[0.438s] Level 1:colcon.colcon_core.package_identification:_identify(src) by extension 'python_setup_py'
[0.438s] Level 1:colcon.colcon_core.package_identification:_identify(src/my_robot_bringup) by extensions ['ignore', 'ignore_ament_install']
[0.438s] Level 1:colcon.colcon_core.package_identification:_identify(src/my_robot_bringup) by extension 'ignore'
[0.438s] Level 1:colcon.colcon_core.package_identification:_identify(src/my_robot_bringup) by extension 'ignore_ament_install'
[0.438s] Level 1:colcon.colcon_core.package_identification:_identify(src/my_robot_bringup) by extensions ['colcon_pkg']
[0.438s] Level 1:colcon.colcon_core.package_identification:_identify(src/my_robot_bringup) by extension 'colcon_pkg'
[0.439s] Level 1:colcon.colcon_core.package_identification:_identify(src/my_robot_bringup) by extensions ['colcon_meta']
[0.439s] Level 1:colcon.colcon_core.package_identification:_identify(src/my_robot_bringup) by extension 'colcon_meta'
[0.439s] Level 1:colcon.colcon_core.package_identification:_identify(src/my_robot_bringup) by extensions ['ros']
[0.439s] Level 1:colcon.colcon_core.package_identification:_identify(src/my_robot_bringup) by extension 'ros'
[0.441s] DEBUG:colcon.colcon_core.package_identification:Package 'src/my_robot_bringup' with type 'ros.ament_cmake' and name 'my_robot_bringup'
[0.441s] Level 1:colcon.colcon_core.package_identification:_identify(src/turtlebot_description) by extensions ['ignore', 'ignore_ament_install']
[0.441s] Level 1:colcon.colcon_core.package_identification:_identify(src/turtlebot_description) by extension 'ignore'
[0.441s] Level 1:colcon.colcon_core.package_identification:_identify(src/turtlebot_description) by extension 'ignore_ament_install'
[0.441s] Level 1:colcon.colcon_core.package_identification:_identify(src/turtlebot_description) by extensions ['colcon_pkg']
[0.442s] Level 1:colcon.colcon_core.package_identification:_identify(src/turtlebot_description) by extension 'colcon_pkg'
[0.442s] Level 1:colcon.colcon_core.package_identification:_identify(src/turtlebot_description) by extensions ['colcon_meta']
[0.442s] Level 1:colcon.colcon_core.package_identification:_identify(src/turtlebot_description) by extension 'colcon_meta'
[0.442s] Level 1:colcon.colcon_core.package_identification:_identify(src/turtlebot_description) by extensions ['ros']
[0.442s] Level 1:colcon.colcon_core.package_identification:_identify(src/turtlebot_description) by extension 'ros'
[0.442s] DEBUG:colcon.colcon_core.package_identification:Package 'src/turtlebot_description' with type 'ros.ament_cmake' and name 'turtlebot_description'
[0.442s] Level 1:colcon.colcon_core.package_discovery:discover_packages(recursive) using defaults
[0.442s] Level 1:colcon.colcon_core.package_discovery:discover_packages(ignore) discover
[0.442s] Level 1:colcon.colcon_core.package_discovery:discover_packages(ignore) using defaults
[0.443s] Level 1:colcon.colcon_core.package_discovery:discover_packages(path) discover
[0.443s] Level 1:colcon.colcon_core.package_discovery:discover_packages(path) using defaults
[0.477s] Level 1:colcon.colcon_core.package_discovery:discover_packages(prefix_path) check parameters
[0.477s] Level 1:colcon.colcon_core.package_discovery:discover_packages(prefix_path) discover
[0.491s] DEBUG:colcon.colcon_installed_package_information.package_discovery:Found 2 installed packages in /home/chogene/turtlebot_ws/install
[0.495s] DEBUG:colcon.colcon_installed_package_information.package_discovery:Found 73 installed packages in /home/chogene/moveit_ws/install
[0.496s] DEBUG:colcon.colcon_installed_package_information.package_discovery:Found 1 installed packages in /home/chogene/ros2_ws/install
[0.499s] DEBUG:colcon.colcon_installed_package_information.package_discovery:Found 389 installed packages in /opt/ros/jazzy
[0.502s] Level 1:colcon.colcon_core.package_discovery:discover_packages(prefix_path) using defaults
[0.623s] Level 5:colcon.colcon_core.verb:set package 'turtlebot_description' build argument 'cmake_args' from command line to 'None'
[0.623s] Level 5:colcon.colcon_core.verb:set package 'turtlebot_description' build argument 'cmake_target' from command line to 'None'
[0.623s] Level 5:colcon.colcon_core.verb:set package 'turtlebot_description' build argument 'cmake_target_skip_unavailable' from command line to 'False'
[0.623s] Level 5:colcon.colcon_core.verb:set package 'turtlebot_description' build argument 'cmake_clean_cache' from command line to 'False'
[0.623s] Level 5:colcon.colcon_core.verb:set package 'turtlebot_description' build argument 'cmake_clean_first' from command line to 'False'
[0.623s] Level 5:colcon.colcon_core.verb:set package 'turtlebot_description' build argument 'cmake_force_configure' from command line to 'False'
[0.623s] Level 5:colcon.colcon_core.verb:set package 'turtlebot_description' build argument 'ament_cmake_args' from command line to 'None'
[0.623s] Level 5:colcon.colcon_core.verb:set package 'turtlebot_description' build argument 'catkin_cmake_args' from command line to 'None'
[0.623s] Level 5:colcon.colcon_core.verb:set package 'turtlebot_description' build argument 'catkin_skip_building_tests' from command line to 'False'
[0.623s] DEBUG:colcon.colcon_core.verb:Building package 'turtlebot_description' with the following arguments: {'ament_cmake_args': None, 'build_base': '/home/chogene/turtlebot_ws/build/turtlebot_description', 'catkin_cmake_args': None, 'catkin_skip_building_tests': False, 'cmake_args': None, 'cmake_clean_cache': False, 'cmake_clean_first': False, 'cmake_force_configure': False, 'cmake_target': None, 'cmake_target_skip_unavailable': False, 'install_base': '/home/chogene/turtlebot_ws/install/turtlebot_description', 'merge_install': False, 'path': '/home/chogene/turtlebot_ws/src/turtlebot_description', 'symlink_install': True, 'test_result_base': None}
[0.624s] Level 5:colcon.colcon_core.verb:set package 'my_robot_bringup' build argument 'cmake_args' from command line to 'None'
[0.624s] Level 5:colcon.colcon_core.verb:set package 'my_robot_bringup' build argument 'cmake_target' from command line to 'None'
[0.624s] Level 5:colcon.colcon_core.verb:set package 'my_robot_bringup' build argument 'cmake_target_skip_unavailable' from command line to 'False'
[0.624s] Level 5:colcon.colcon_core.verb:set package 'my_robot_bringup' build argument 'cmake_clean_cache' from command line to 'False'
[0.624s] Level 5:colcon.colcon_core.verb:set package 'my_robot_bringup' build argument 'cmake_clean_first' from command line to 'False'
[0.624s] Level 5:colcon.colcon_core.verb:set package 'my_robot_bringup' build argument 'cmake_force_configure' from command line to 'False'
[0.624s] Level 5:colcon.colcon_core.verb:set package 'my_robot_bringup' build argument 'ament_cmake_args' from command line to 'None'
[0.624s] Level 5:colcon.colcon_core.verb:set package 'my_robot_bringup' build argument 'catkin_cmake_args' from command line to 'None'
[0.624s] Level 5:colcon.colcon_core.verb:set package 'my_robot_bringup' build argument 'catkin_skip_building_tests' from command line to 'False'
[0.624s] DEBUG:colcon.colcon_core.verb:Building package 'my_robot_bringup' with the following arguments: {'ament_cmake_args': None, 'build_base': '/home/chogene/turtlebot_ws/build/my_robot_bringup', 'catkin_cmake_args': None, 'catkin_skip_building_tests': False, 'cmake_args': None, 'cmake_clean_cache': False, 'cmake_clean_first': False, 'cmake_force_configure': False, 'cmake_target': None, 'cmake_target_skip_unavailable': False, 'install_base': '/home/chogene/turtlebot_ws/install/my_robot_bringup', 'merge_install': False, 'path': '/home/chogene/turtlebot_ws/src/my_robot_bringup', 'symlink_install': True, 'test_result_base': None}
[0.624s] INFO:colcon.colcon_core.executor:Executing jobs using 'parallel' executor
[0.625s] DEBUG:colcon.colcon_parallel_executor.executor.parallel:run_until_complete
[0.626s] INFO:colcon.colcon_ros.task.ament_cmake.build:Building ROS package in '/home/chogene/turtlebot_ws/src/turtlebot_description' with build type 'ament_cmake'
[0.626s] INFO:colcon.colcon_cmake.task.cmake.build:Building CMake package in '/home/chogene/turtlebot_ws/src/turtlebot_description'
[0.634s] INFO:colcon.colcon_core.plugin_system:Skipping extension 'colcon_core.shell.bat': Not used on non-Windows systems
[0.634s] INFO:colcon.colcon_core.shell:Skip shell extension 'powershell' for command environment: Not usable outside of PowerShell
[0.634s] DEBUG:colcon.colcon_core.shell:Skip shell extension 'dsv' for command environment
[0.657s] DEBUG:colcon.colcon_core.event_handler.log_command:Invoking command in '/home/chogene/turtlebot_ws/build/turtlebot_description': CMAKE_PREFIX_PATH=${CMAKE_PREFIX_PATH}:/home/chogene/moveit_ws/install/moveit_configs_utils:/opt/ros/jazzy DEBUGINFOD_URLS=https://debuginfod.ubuntu.com /usr/bin/cmake --build /home/chogene/turtlebot_ws/build/turtlebot_description -- -j8 -l8
[0.785s] DEBUG:colcon.colcon_core.event_handler.log_command:Invoked command in '/home/chogene/turtlebot_ws/build/turtlebot_description' returned '0': CMAKE_PREFIX_PATH=${CMAKE_PREFIX_PATH}:/home/chogene/moveit_ws/install/moveit_configs_utils:/opt/ros/jazzy DEBUGINFOD_URLS=https://debuginfod.ubuntu.com /usr/bin/cmake --build /home/chogene/turtlebot_ws/build/turtlebot_description -- -j8 -l8
[0.802s] DEBUG:colcon.colcon_core.event_handler.log_command:Invoking command in '/home/chogene/turtlebot_ws/build/turtlebot_description': CMAKE_PREFIX_PATH=${CMAKE_PREFIX_PATH}:/home/chogene/moveit_ws/install/moveit_configs_utils:/opt/ros/jazzy DEBUGINFOD_URLS=https://debuginfod.ubuntu.com /usr/bin/cmake --install /home/chogene/turtlebot_ws/build/turtlebot_description
[0.868s] Level 1:colcon.colcon_core.environment:create_environment_scripts_only(turtlebot_description)
[0.869s] DEBUG:colcon.colcon_core.event_handler.log_command:Invoked command in '/home/chogene/turtlebot_ws/build/turtlebot_description' returned '0': CMAKE_PREFIX_PATH=${CMAKE_PREFIX_PATH}:/home/chogene/moveit_ws/install/moveit_configs_utils:/opt/ros/jazzy DEBUGINFOD_URLS=https://debuginfod.ubuntu.com /usr/bin/cmake --install /home/chogene/turtlebot_ws/build/turtlebot_description
[0.882s] Level 1:colcon.colcon_core.environment:checking '/home/chogene/turtlebot_ws/install/turtlebot_description' for CMake module files
[0.883s] Level 1:colcon.colcon_core.environment:checking '/home/chogene/turtlebot_ws/install/turtlebot_description' for CMake config files
[0.883s] Level 1:colcon.colcon_core.shell:create_environment_hook('turtlebot_description', 'cmake_prefix_path')
[0.884s] INFO:colcon.colcon_core.shell:Creating environment hook '/home/chogene/turtlebot_ws/install/turtlebot_description/share/turtlebot_description/hook/cmake_prefix_path.ps1'
[0.885s] INFO:colcon.colcon_core.shell:Creating environment descriptor '/home/chogene/turtlebot_ws/install/turtlebot_description/share/turtlebot_description/hook/cmake_prefix_path.dsv'
[0.886s] INFO:colcon.colcon_core.shell:Creating environment hook '/home/chogene/turtlebot_ws/install/turtlebot_description/share/turtlebot_description/hook/cmake_prefix_path.sh'
[0.887s] Level 1:colcon.colcon_core.environment:checking '/home/chogene/turtlebot_ws/install/turtlebot_description/bin'
[0.887s] Level 1:colcon.colcon_core.environment:checking '/home/chogene/turtlebot_ws/install/turtlebot_description/lib/pkgconfig/turtlebot_description.pc'
[0.887s] Level 1:colcon.colcon_core.environment:checking '/home/chogene/turtlebot_ws/install/turtlebot_description/lib/python3.12/site-packages'
[0.888s] Level 1:colcon.colcon_core.environment:checking '/home/chogene/turtlebot_ws/install/turtlebot_description/bin'
[0.888s] INFO:colcon.colcon_core.shell:Creating package script '/home/chogene/turtlebot_ws/install/turtlebot_description/share/turtlebot_description/package.ps1'
[0.889s] INFO:colcon.colcon_core.shell:Creating package descriptor '/home/chogene/turtlebot_ws/install/turtlebot_description/share/turtlebot_description/package.dsv'
[0.890s] INFO:colcon.colcon_core.shell:Creating package script '/home/chogene/turtlebot_ws/install/turtlebot_description/share/turtlebot_description/package.sh'
[0.891s] INFO:colcon.colcon_core.shell:Creating package script '/home/chogene/turtlebot_ws/install/turtlebot_description/share/turtlebot_description/package.bash'
[0.892s] INFO:colcon.colcon_core.shell:Creating package script '/home/chogene/turtlebot_ws/install/turtlebot_description/share/turtlebot_description/package.zsh'
[0.893s] Level 1:colcon.colcon_core.environment:create_file_with_runtime_dependencies(/home/chogene/turtlebot_ws/install/turtlebot_description/share/colcon-core/packages/turtlebot_description)
[0.894s] Level 1:colcon.colcon_core.environment:create_environment_scripts_only(turtlebot_description)
[0.894s] Level 1:colcon.colcon_core.environment:checking '/home/chogene/turtlebot_ws/install/turtlebot_description' for CMake module files
[0.895s] Level 1:colcon.colcon_core.environment:checking '/home/chogene/turtlebot_ws/install/turtlebot_description' for CMake config files
[0.895s] Level 1:colcon.colcon_core.shell:create_environment_hook('turtlebot_description', 'cmake_prefix_path')
[0.896s] INFO:colcon.colcon_core.shell:Creating environment hook '/home/chogene/turtlebot_ws/install/turtlebot_description/share/turtlebot_description/hook/cmake_prefix_path.ps1'
[0.896s] INFO:colcon.colcon_core.shell:Creating environment descriptor '/home/chogene/turtlebot_ws/install/turtlebot_description/share/turtlebot_description/hook/cmake_prefix_path.dsv'
[0.896s] INFO:colcon.colcon_core.shell:Creating environment hook '/home/chogene/turtlebot_ws/install/turtlebot_description/share/turtlebot_description/hook/cmake_prefix_path.sh'
[0.897s] Level 1:colcon.colcon_core.environment:checking '/home/chogene/turtlebot_ws/install/turtlebot_description/bin'
[0.897s] Level 1:colcon.colcon_core.environment:checking '/home/chogene/turtlebot_ws/install/turtlebot_description/lib/pkgconfig/turtlebot_description.pc'
[0.898s] Level 1:colcon.colcon_core.environment:checking '/home/chogene/turtlebot_ws/install/turtlebot_description/lib/python3.12/site-packages'
[0.898s] Level 1:colcon.colcon_core.environment:checking '/home/chogene/turtlebot_ws/install/turtlebot_description/bin'
[0.898s] INFO:colcon.colcon_core.shell:Creating package script '/home/chogene/turtlebot_ws/install/turtlebot_description/share/turtlebot_description/package.ps1'
[0.899s] INFO:colcon.colcon_core.shell:Creating package descriptor '/home/chogene/turtlebot_ws/install/turtlebot_description/share/turtlebot_description/package.dsv'
[0.899s] INFO:colcon.colcon_core.shell:Creating package script '/home/chogene/turtlebot_ws/install/turtlebot_description/share/turtlebot_description/package.sh'
[0.900s] INFO:colcon.colcon_core.shell:Creating package script '/home/chogene/turtlebot_ws/install/turtlebot_description/share/turtlebot_description/package.bash'
[0.901s] INFO:colcon.colcon_core.shell:Creating package script '/home/chogene/turtlebot_ws/install/turtlebot_description/share/turtlebot_description/package.zsh'
[0.901s] Level 1:colcon.colcon_core.environment:create_file_with_runtime_dependencies(/home/chogene/turtlebot_ws/install/turtlebot_description/share/colcon-core/packages/turtlebot_description)
[0.902s] INFO:colcon.colcon_ros.task.ament_cmake.build:Building ROS package in '/home/chogene/turtlebot_ws/src/my_robot_bringup' with build type 'ament_cmake'
[0.902s] INFO:colcon.colcon_cmake.task.cmake.build:Building CMake package in '/home/chogene/turtlebot_ws/src/my_robot_bringup'
[0.902s] INFO:colcon.colcon_core.shell:Skip shell extension 'powershell' for command environment: Not usable outside of PowerShell
[0.902s] DEBUG:colcon.colcon_core.shell:Skip shell extension 'dsv' for command environment
[0.965s] DEBUG:colcon.colcon_core.event_handler.log_command:Invoking command in '/home/chogene/turtlebot_ws/build/my_robot_bringup': CMAKE_PREFIX_PATH=/home/chogene/turtlebot_ws/install/turtlebot_description:/home/chogene/turtlebot_ws/install/my_robot_bringup:/home/chogene/moveit_ws/install/robotiq_hardware_tests:/home/chogene/moveit_ws/install/robotiq_driver:/home/chogene/moveit_ws/install/serial:/home/chogene/moveit_ws/install/moveit2_tutorials:/home/chogene/moveit_ws/install/moveit_visual_tools:/home/chogene/moveit_ws/install/rviz_visual_tools:/home/chogene/moveit_ws/install/moveit_task_constructor_visualization:/home/chogene/moveit_ws/install/moveit_task_constructor_demo:/home/chogene/moveit_ws/install/moveit_task_constructor_capabilities:/home/chogene/moveit_ws/install/moveit_task_constructor_core:/home/chogene/moveit_ws/install/rviz_marker_tools:/home/chogene/moveit_ws/install/kortex_bringup:/home/chogene/moveit_ws/install/kinova_gen3_lite_moveit_config:/home/chogene/moveit_ws/install/kinova_gen3_7dof_robotiq_2f_85_moveit_config:/home/chogene/moveit_ws/install/kinova_gen3_6dof_robotiq_2f_85_moveit_config:/home/chogene/moveit_ws/install/kortex_description:/home/chogene/moveit_ws/install/robotiq_description:/home/chogene/moveit_ws/install/robotiq_controllers:/home/chogene/moveit_ws/install/pilz_industrial_motion_planner_testutils:/home/chogene/moveit_ws/install/moveit_runtime:/home/chogene/moveit_ws/install/moveit:/home/chogene/moveit_ws/install/moveit_planners:/home/chogene/moveit_ws/install/pilz_industrial_motion_planner:/home/chogene/moveit_ws/install/moveit_task_constructor_msgs:/home/chogene/moveit_ws/install/moveit_ros_control_interface:/home/chogene/moveit_ws/install/moveit_plugins:/home/chogene/moveit_ws/install/moveit_simple_controller_manager:/home/chogene/moveit_ws/install/moveit_setup_assistant:/home/chogene/moveit_ws/install/moveit_setup_srdf_plugins:/home/chogene/moveit_ws/install/moveit_setup_core_plugins:/home/chogene/moveit_ws/install/moveit_setup_controllers:/home/chogene/moveit_ws/install/moveit_setup_app_plugins:/home/chogene/moveit_ws/install/moveit_setup_framework:/home/chogene/moveit_ws/install/moveit_servo:/home/chogene/moveit_ws/install/moveit_ros_trajectory_cache:/home/chogene/moveit_ws/install/moveit_ros:/home/chogene/moveit_ws/install/moveit_ros_visualization:/home/chogene/moveit_ws/install/moveit_py:/home/chogene/moveit_ws/install/moveit_hybrid_planning:/home/chogene/moveit_ws/install/moveit_ros_planning_interface:/home/chogene/moveit_ws/install/moveit_ros_benchmarks:/home/chogene/moveit_ws/install/moveit_ros_warehouse:/home/chogene/moveit_ws/install/moveit_ros_robot_interaction:/home/chogene/moveit_ws/install/moveit_ros_perception:/home/chogene/moveit_ws/install/moveit_resources_prbt_pg70_support:/home/chogene/moveit_ws/install/moveit_resources_prbt_moveit_config:/home/chogene/moveit_ws/install/moveit_ros_move_group:/home/chogene/moveit_ws/install/moveit_planners_ompl:/home/chogene/moveit_ws/install/moveit_kinematics:/home/chogene/moveit_ws/install/moveit_ros_planning:/home/chogene/moveit_ws/install/moveit_ros_occupancy_map_monitor:/home/chogene/moveit_ws/install/moveit_resources_prbt_support:/home/chogene/moveit_ws/install/moveit_resources_prbt_ikfast_manipulator_plugin:/home/chogene/moveit_ws/install/moveit_resources:/home/chogene/moveit_ws/install/moveit_resources_pr2_description:/home/chogene/moveit_ws/install/moveit_resources_panda_moveit_config:/home/chogene/moveit_ws/install/dual_arm_panda_moveit_config:/home/chogene/moveit_ws/install/moveit_resources_panda_description:/home/chogene/moveit_ws/install/moveit_resources_fanuc_moveit_config:/home/chogene/moveit_ws/install/moveit_resources_fanuc_description:/home/chogene/moveit_ws/install/moveit_planners_stomp:/home/chogene/moveit_ws/install/moveit_planners_chomp:/home/chogene/moveit_ws/install/chomp_motion_planner:/home/chogene/moveit_ws/install/moveit_core:/home/chogene/moveit_ws/install/moveit_msgs:/home/chogene/moveit_ws/install/moveit_common:/home/chogene/moveit_ws/install/kortex_driver:/home/chogene/moveit_ws/install/kortex_api:/home/chogene/moveit_ws/install/gz_ros2_control_tests:/home/chogene/moveit_ws/install/gz_ros2_control_demos:/home/chogene/moveit_ws/install/gz_ros2_control:/home/chogene/ros2_ws/install/my_robot_interfaces:/opt/ros/jazzy/opt/gz_sim_vendor:/opt/ros/jazzy/opt/gz_sensors_vendor:/opt/ros/jazzy/opt/gz_physics_vendor:/opt/ros/jazzy/opt/sdformat_vendor:/opt/ros/jazzy/opt/gz_gui_vendor:/opt/ros/jazzy/opt/gz_transport_vendor:/opt/ros/jazzy/opt/gz_rendering_vendor:/opt/ros/jazzy/opt/gz_plugin_vendor:/opt/ros/jazzy/opt/gz_fuel_tools_vendor:/opt/ros/jazzy/opt/gz_msgs_vendor:/opt/ros/jazzy/opt/gz_common_vendor:/opt/ros/jazzy/opt/gz_math_vendor:/opt/ros/jazzy/opt/gz_utils_vendor:/opt/ros/jazzy/opt/gz_tools_vendor:/opt/ros/jazzy/opt/gz_ogre_next_vendor:/opt/ros/jazzy/opt/gz_dartsim_vendor:/opt/ros/jazzy/opt/gz_cmake_vendor:/home/chogene/moveit_ws/install/moveit_configs_utils:/opt/ros/jazzy DEBUGINFOD_URLS=https://debuginfod.ubuntu.com /usr/bin/cmake --build /home/chogene/turtlebot_ws/build/my_robot_bringup -- -j8 -l8
[1.032s] DEBUG:colcon.colcon_core.event_handler.log_command:Invoked command in '/home/chogene/turtlebot_ws/build/my_robot_bringup' returned '0': CMAKE_PREFIX_PATH=/home/chogene/turtlebot_ws/install/turtlebot_description:/home/chogene/turtlebot_ws/install/my_robot_bringup:/home/chogene/moveit_ws/install/robotiq_hardware_tests:/home/chogene/moveit_ws/install/robotiq_driver:/home/chogene/moveit_ws/install/serial:/home/chogene/moveit_ws/install/moveit2_tutorials:/home/chogene/moveit_ws/install/moveit_visual_tools:/home/chogene/moveit_ws/install/rviz_visual_tools:/home/chogene/moveit_ws/install/moveit_task_constructor_visualization:/home/chogene/moveit_ws/install/moveit_task_constructor_demo:/home/chogene/moveit_ws/install/moveit_task_constructor_capabilities:/home/chogene/moveit_ws/install/moveit_task_constructor_core:/home/chogene/moveit_ws/install/rviz_marker_tools:/home/chogene/moveit_ws/install/kortex_bringup:/home/chogene/moveit_ws/install/kinova_gen3_lite_moveit_config:/home/chogene/moveit_ws/install/kinova_gen3_7dof_robotiq_2f_85_moveit_config:/home/chogene/moveit_ws/install/kinova_gen3_6dof_robotiq_2f_85_moveit_config:/home/chogene/moveit_ws/install/kortex_description:/home/chogene/moveit_ws/install/robotiq_description:/home/chogene/moveit_ws/install/robotiq_controllers:/home/chogene/moveit_ws/install/pilz_industrial_motion_planner_testutils:/home/chogene/moveit_ws/install/moveit_runtime:/home/chogene/moveit_ws/install/moveit:/home/chogene/moveit_ws/install/moveit_planners:/home/chogene/moveit_ws/install/pilz_industrial_motion_planner:/home/chogene/moveit_ws/install/moveit_task_constructor_msgs:/home/chogene/moveit_ws/install/moveit_ros_control_interface:/home/chogene/moveit_ws/install/moveit_plugins:/home/chogene/moveit_ws/install/moveit_simple_controller_manager:/home/chogene/moveit_ws/install/moveit_setup_assistant:/home/chogene/moveit_ws/install/moveit_setup_srdf_plugins:/home/chogene/moveit_ws/install/moveit_setup_core_plugins:/home/chogene/moveit_ws/install/moveit_setup_controllers:/home/chogene/moveit_ws/install/moveit_setup_app_plugins:/home/chogene/moveit_ws/install/moveit_setup_framework:/home/chogene/moveit_ws/install/moveit_servo:/home/chogene/moveit_ws/install/moveit_ros_trajectory_cache:/home/chogene/moveit_ws/install/moveit_ros:/home/chogene/moveit_ws/install/moveit_ros_visualization:/home/chogene/moveit_ws/install/moveit_py:/home/chogene/moveit_ws/install/moveit_hybrid_planning:/home/chogene/moveit_ws/install/moveit_ros_planning_interface:/home/chogene/moveit_ws/install/moveit_ros_benchmarks:/home/chogene/moveit_ws/install/moveit_ros_warehouse:/home/chogene/moveit_ws/install/moveit_ros_robot_interaction:/home/chogene/moveit_ws/install/moveit_ros_perception:/home/chogene/moveit_ws/install/moveit_resources_prbt_pg70_support:/home/chogene/moveit_ws/install/moveit_resources_prbt_moveit_config:/home/chogene/moveit_ws/install/moveit_ros_move_group:/home/chogene/moveit_ws/install/moveit_planners_ompl:/home/chogene/moveit_ws/install/moveit_kinematics:/home/chogene/moveit_ws/install/moveit_ros_planning:/home/chogene/moveit_ws/install/moveit_ros_occupancy_map_monitor:/home/chogene/moveit_ws/install/moveit_resources_prbt_support:/home/chogene/moveit_ws/install/moveit_resources_prbt_ikfast_manipulator_plugin:/home/chogene/moveit_ws/install/moveit_resources:/home/chogene/moveit_ws/install/moveit_resources_pr2_description:/home/chogene/moveit_ws/install/moveit_resources_panda_moveit_config:/home/chogene/moveit_ws/install/dual_arm_panda_moveit_config:/home/chogene/moveit_ws/install/moveit_resources_panda_description:/home/chogene/moveit_ws/install/moveit_resources_fanuc_moveit_config:/home/chogene/moveit_ws/install/moveit_resources_fanuc_description:/home/chogene/moveit_ws/install/moveit_planners_stomp:/home/chogene/moveit_ws/install/moveit_planners_chomp:/home/chogene/moveit_ws/install/chomp_motion_planner:/home/chogene/moveit_ws/install/moveit_core:/home/chogene/moveit_ws/install/moveit_msgs:/home/chogene/moveit_ws/install/moveit_common:/home/chogene/moveit_ws/install/kortex_driver:/home/chogene/moveit_ws/install/kortex_api:/home/chogene/moveit_ws/install/gz_ros2_control_tests:/home/chogene/moveit_ws/install/gz_ros2_control_demos:/home/chogene/moveit_ws/install/gz_ros2_control:/home/chogene/ros2_ws/install/my_robot_interfaces:/opt/ros/jazzy/opt/gz_sim_vendor:/opt/ros/jazzy/opt/gz_sensors_vendor:/opt/ros/jazzy/opt/gz_physics_vendor:/opt/ros/jazzy/opt/sdformat_vendor:/opt/ros/jazzy/opt/gz_gui_vendor:/opt/ros/jazzy/opt/gz_transport_vendor:/opt/ros/jazzy/opt/gz_rendering_vendor:/opt/ros/jazzy/opt/gz_plugin_vendor:/opt/ros/jazzy/opt/gz_fuel_tools_vendor:/opt/ros/jazzy/opt/gz_msgs_vendor:/opt/ros/jazzy/opt/gz_common_vendor:/opt/ros/jazzy/opt/gz_math_vendor:/opt/ros/jazzy/opt/gz_utils_vendor:/opt/ros/jazzy/opt/gz_tools_vendor:/opt/ros/jazzy/opt/gz_ogre_next_vendor:/opt/ros/jazzy/opt/gz_dartsim_vendor:/opt/ros/jazzy/opt/gz_cmake_vendor:/home/chogene/moveit_ws/install/moveit_configs_utils:/opt/ros/jazzy DEBUGINFOD_URLS=https://debuginfod.ubuntu.com /usr/bin/cmake --build /home/chogene/turtlebot_ws/build/my_robot_bringup -- -j8 -l8
[1.035s] DEBUG:colcon.colcon_core.event_handler.log_command:Invoking command in '/home/chogene/turtlebot_ws/build/my_robot_bringup': CMAKE_PREFIX_PATH=/home/chogene/turtlebot_ws/install/turtlebot_description:/home/chogene/turtlebot_ws/install/my_robot_bringup:/home/chogene/moveit_ws/install/robotiq_hardware_tests:/home/chogene/moveit_ws/install/robotiq_driver:/home/chogene/moveit_ws/install/serial:/home/chogene/moveit_ws/install/moveit2_tutorials:/home/chogene/moveit_ws/install/moveit_visual_tools:/home/chogene/moveit_ws/install/rviz_visual_tools:/home/chogene/moveit_ws/install/moveit_task_constructor_visualization:/home/chogene/moveit_ws/install/moveit_task_constructor_demo:/home/chogene/moveit_ws/install/moveit_task_constructor_capabilities:/home/chogene/moveit_ws/install/moveit_task_constructor_core:/home/chogene/moveit_ws/install/rviz_marker_tools:/home/chogene/moveit_ws/install/kortex_bringup:/home/chogene/moveit_ws/install/kinova_gen3_lite_moveit_config:/home/chogene/moveit_ws/install/kinova_gen3_7dof_robotiq_2f_85_moveit_config:/home/chogene/moveit_ws/install/kinova_gen3_6dof_robotiq_2f_85_moveit_config:/home/chogene/moveit_ws/install/kortex_description:/home/chogene/moveit_ws/install/robotiq_description:/home/chogene/moveit_ws/install/robotiq_controllers:/home/chogene/moveit_ws/install/pilz_industrial_motion_planner_testutils:/home/chogene/moveit_ws/install/moveit_runtime:/home/chogene/moveit_ws/install/moveit:/home/chogene/moveit_ws/install/moveit_planners:/home/chogene/moveit_ws/install/pilz_industrial_motion_planner:/home/chogene/moveit_ws/install/moveit_task_constructor_msgs:/home/chogene/moveit_ws/install/moveit_ros_control_interface:/home/chogene/moveit_ws/install/moveit_plugins:/home/chogene/moveit_ws/install/moveit_simple_controller_manager:/home/chogene/moveit_ws/install/moveit_setup_assistant:/home/chogene/moveit_ws/install/moveit_setup_srdf_plugins:/home/chogene/moveit_ws/install/moveit_setup_core_plugins:/home/chogene/moveit_ws/install/moveit_setup_controllers:/home/chogene/moveit_ws/install/moveit_setup_app_plugins:/home/chogene/moveit_ws/install/moveit_setup_framework:/home/chogene/moveit_ws/install/moveit_servo:/home/chogene/moveit_ws/install/moveit_ros_trajectory_cache:/home/chogene/moveit_ws/install/moveit_ros:/home/chogene/moveit_ws/install/moveit_ros_visualization:/home/chogene/moveit_ws/install/moveit_py:/home/chogene/moveit_ws/install/moveit_hybrid_planning:/home/chogene/moveit_ws/install/moveit_ros_planning_interface:/home/chogene/moveit_ws/install/moveit_ros_benchmarks:/home/chogene/moveit_ws/install/moveit_ros_warehouse:/home/chogene/moveit_ws/install/moveit_ros_robot_interaction:/home/chogene/moveit_ws/install/moveit_ros_perception:/home/chogene/moveit_ws/install/moveit_resources_prbt_pg70_support:/home/chogene/moveit_ws/install/moveit_resources_prbt_moveit_config:/home/chogene/moveit_ws/install/moveit_ros_move_group:/home/chogene/moveit_ws/install/moveit_planners_ompl:/home/chogene/moveit_ws/install/moveit_kinematics:/home/chogene/moveit_ws/install/moveit_ros_planning:/home/chogene/moveit_ws/install/moveit_ros_occupancy_map_monitor:/home/chogene/moveit_ws/install/moveit_resources_prbt_support:/home/chogene/moveit_ws/install/moveit_resources_prbt_ikfast_manipulator_plugin:/home/chogene/moveit_ws/install/moveit_resources:/home/chogene/moveit_ws/install/moveit_resources_pr2_description:/home/chogene/moveit_ws/install/moveit_resources_panda_moveit_config:/home/chogene/moveit_ws/install/dual_arm_panda_moveit_config:/home/chogene/moveit_ws/install/moveit_resources_panda_description:/home/chogene/moveit_ws/install/moveit_resources_fanuc_moveit_config:/home/chogene/moveit_ws/install/moveit_resources_fanuc_description:/home/chogene/moveit_ws/install/moveit_planners_stomp:/home/chogene/moveit_ws/install/moveit_planners_chomp:/home/chogene/moveit_ws/install/chomp_motion_planner:/home/chogene/moveit_ws/install/moveit_core:/home/chogene/moveit_ws/install/moveit_msgs:/home/chogene/moveit_ws/install/moveit_common:/home/chogene/moveit_ws/install/kortex_driver:/home/chogene/moveit_ws/install/kortex_api:/home/chogene/moveit_ws/install/gz_ros2_control_tests:/home/chogene/moveit_ws/install/gz_ros2_control_demos:/home/chogene/moveit_ws/install/gz_ros2_control:/home/chogene/ros2_ws/install/my_robot_interfaces:/opt/ros/jazzy/opt/gz_sim_vendor:/opt/ros/jazzy/opt/gz_sensors_vendor:/opt/ros/jazzy/opt/gz_physics_vendor:/opt/ros/jazzy/opt/sdformat_vendor:/opt/ros/jazzy/opt/gz_gui_vendor:/opt/ros/jazzy/opt/gz_transport_vendor:/opt/ros/jazzy/opt/gz_rendering_vendor:/opt/ros/jazzy/opt/gz_plugin_vendor:/opt/ros/jazzy/opt/gz_fuel_tools_vendor:/opt/ros/jazzy/opt/gz_msgs_vendor:/opt/ros/jazzy/opt/gz_common_vendor:/opt/ros/jazzy/opt/gz_math_vendor:/opt/ros/jazzy/opt/gz_utils_vendor:/opt/ros/jazzy/opt/gz_tools_vendor:/opt/ros/jazzy/opt/gz_ogre_next_vendor:/opt/ros/jazzy/opt/gz_dartsim_vendor:/opt/ros/jazzy/opt/gz_cmake_vendor:/home/chogene/moveit_ws/install/moveit_configs_utils:/opt/ros/jazzy DEBUGINFOD_URLS=https://debuginfod.ubuntu.com /usr/bin/cmake --install /home/chogene/turtlebot_ws/build/my_robot_bringup
[1.079s] Level 1:colcon.colcon_core.environment:create_environment_scripts_only(my_robot_bringup)
[1.080s] Level 1:colcon.colcon_core.environment:checking '/home/chogene/turtlebot_ws/install/my_robot_bringup' for CMake module files
[1.081s] DEBUG:colcon.colcon_core.event_handler.log_command:Invoked command in '/home/chogene/turtlebot_ws/build/my_robot_bringup' returned '0': CMAKE_PREFIX_PATH=/home/chogene/turtlebot_ws/install/turtlebot_description:/home/chogene/turtlebot_ws/install/my_robot_bringup:/home/chogene/moveit_ws/install/robotiq_hardware_tests:/home/chogene/moveit_ws/install/robotiq_driver:/home/chogene/moveit_ws/install/serial:/home/chogene/moveit_ws/install/moveit2_tutorials:/home/chogene/moveit_ws/install/moveit_visual_tools:/home/chogene/moveit_ws/install/rviz_visual_tools:/home/chogene/moveit_ws/install/moveit_task_constructor_visualization:/home/chogene/moveit_ws/install/moveit_task_constructor_demo:/home/chogene/moveit_ws/install/moveit_task_constructor_capabilities:/home/chogene/moveit_ws/install/moveit_task_constructor_core:/home/chogene/moveit_ws/install/rviz_marker_tools:/home/chogene/moveit_ws/install/kortex_bringup:/home/chogene/moveit_ws/install/kinova_gen3_lite_moveit_config:/home/chogene/moveit_ws/install/kinova_gen3_7dof_robotiq_2f_85_moveit_config:/home/chogene/moveit_ws/install/kinova_gen3_6dof_robotiq_2f_85_moveit_config:/home/chogene/moveit_ws/install/kortex_description:/home/chogene/moveit_ws/install/robotiq_description:/home/chogene/moveit_ws/install/robotiq_controllers:/home/chogene/moveit_ws/install/pilz_industrial_motion_planner_testutils:/home/chogene/moveit_ws/install/moveit_runtime:/home/chogene/moveit_ws/install/moveit:/home/chogene/moveit_ws/install/moveit_planners:/home/chogene/moveit_ws/install/pilz_industrial_motion_planner:/home/chogene/moveit_ws/install/moveit_task_constructor_msgs:/home/chogene/moveit_ws/install/moveit_ros_control_interface:/home/chogene/moveit_ws/install/moveit_plugins:/home/chogene/moveit_ws/install/moveit_simple_controller_manager:/home/chogene/moveit_ws/install/moveit_setup_assistant:/home/chogene/moveit_ws/install/moveit_setup_srdf_plugins:/home/chogene/moveit_ws/install/moveit_setup_core_plugins:/home/chogene/moveit_ws/install/moveit_setup_controllers:/home/chogene/moveit_ws/install/moveit_setup_app_plugins:/home/chogene/moveit_ws/install/moveit_setup_framework:/home/chogene/moveit_ws/install/moveit_servo:/home/chogene/moveit_ws/install/moveit_ros_trajectory_cache:/home/chogene/moveit_ws/install/moveit_ros:/home/chogene/moveit_ws/install/moveit_ros_visualization:/home/chogene/moveit_ws/install/moveit_py:/home/chogene/moveit_ws/install/moveit_hybrid_planning:/home/chogene/moveit_ws/install/moveit_ros_planning_interface:/home/chogene/moveit_ws/install/moveit_ros_benchmarks:/home/chogene/moveit_ws/install/moveit_ros_warehouse:/home/chogene/moveit_ws/install/moveit_ros_robot_interaction:/home/chogene/moveit_ws/install/moveit_ros_perception:/home/chogene/moveit_ws/install/moveit_resources_prbt_pg70_support:/home/chogene/moveit_ws/install/moveit_resources_prbt_moveit_config:/home/chogene/moveit_ws/install/moveit_ros_move_group:/home/chogene/moveit_ws/install/moveit_planners_ompl:/home/chogene/moveit_ws/install/moveit_kinematics:/home/chogene/moveit_ws/install/moveit_ros_planning:/home/chogene/moveit_ws/install/moveit_ros_occupancy_map_monitor:/home/chogene/moveit_ws/install/moveit_resources_prbt_support:/home/chogene/moveit_ws/install/moveit_resources_prbt_ikfast_manipulator_plugin:/home/chogene/moveit_ws/install/moveit_resources:/home/chogene/moveit_ws/install/moveit_resources_pr2_description:/home/chogene/moveit_ws/install/moveit_resources_panda_moveit_config:/home/chogene/moveit_ws/install/dual_arm_panda_moveit_config:/home/chogene/moveit_ws/install/moveit_resources_panda_description:/home/chogene/moveit_ws/install/moveit_resources_fanuc_moveit_config:/home/chogene/moveit_ws/install/moveit_resources_fanuc_description:/home/chogene/moveit_ws/install/moveit_planners_stomp:/home/chogene/moveit_ws/install/moveit_planners_chomp:/home/chogene/moveit_ws/install/chomp_motion_planner:/home/chogene/moveit_ws/install/moveit_core:/home/chogene/moveit_ws/install/moveit_msgs:/home/chogene/moveit_ws/install/moveit_common:/home/chogene/moveit_ws/install/kortex_driver:/home/chogene/moveit_ws/install/kortex_api:/home/chogene/moveit_ws/install/gz_ros2_control_tests:/home/chogene/moveit_ws/install/gz_ros2_control_demos:/home/chogene/moveit_ws/install/gz_ros2_control:/home/chogene/ros2_ws/install/my_robot_interfaces:/opt/ros/jazzy/opt/gz_sim_vendor:/opt/ros/jazzy/opt/gz_sensors_vendor:/opt/ros/jazzy/opt/gz_physics_vendor:/opt/ros/jazzy/opt/sdformat_vendor:/opt/ros/jazzy/opt/gz_gui_vendor:/opt/ros/jazzy/opt/gz_transport_vendor:/opt/ros/jazzy/opt/gz_rendering_vendor:/opt/ros/jazzy/opt/gz_plugin_vendor:/opt/ros/jazzy/opt/gz_fuel_tools_vendor:/opt/ros/jazzy/opt/gz_msgs_vendor:/opt/ros/jazzy/opt/gz_common_vendor:/opt/ros/jazzy/opt/gz_math_vendor:/opt/ros/jazzy/opt/gz_utils_vendor:/opt/ros/jazzy/opt/gz_tools_vendor:/opt/ros/jazzy/opt/gz_ogre_next_vendor:/opt/ros/jazzy/opt/gz_dartsim_vendor:/opt/ros/jazzy/opt/gz_cmake_vendor:/home/chogene/moveit_ws/install/moveit_configs_utils:/opt/ros/jazzy DEBUGINFOD_URLS=https://debuginfod.ubuntu.com /usr/bin/cmake --install /home/chogene/turtlebot_ws/build/my_robot_bringup
[1.082s] Level 1:colcon.colcon_core.environment:checking '/home/chogene/turtlebot_ws/install/my_robot_bringup' for CMake config files
[1.082s] Level 1:colcon.colcon_core.shell:create_environment_hook('my_robot_bringup', 'cmake_prefix_path')
[1.083s] INFO:colcon.colcon_core.shell:Creating environment hook '/home/chogene/turtlebot_ws/install/my_robot_bringup/share/my_robot_bringup/hook/cmake_prefix_path.ps1'
[1.083s] INFO:colcon.colcon_core.shell:Creating environment descriptor '/home/chogene/turtlebot_ws/install/my_robot_bringup/share/my_robot_bringup/hook/cmake_prefix_path.dsv'
[1.084s] INFO:colcon.colcon_core.shell:Creating environment hook '/home/chogene/turtlebot_ws/install/my_robot_bringup/share/my_robot_bringup/hook/cmake_prefix_path.sh'
[1.085s] Level 1:colcon.colcon_core.environment:checking '/home/chogene/turtlebot_ws/install/my_robot_bringup/bin'
[1.085s] Level 1:colcon.colcon_core.environment:checking '/home/chogene/turtlebot_ws/install/my_robot_bringup/lib/pkgconfig/my_robot_bringup.pc'
[1.085s] Level 1:colcon.colcon_core.environment:checking '/home/chogene/turtlebot_ws/install/my_robot_bringup/lib/python3.12/site-packages'
[1.086s] Level 1:colcon.colcon_core.environment:checking '/home/chogene/turtlebot_ws/install/my_robot_bringup/bin'
[1.086s] INFO:colcon.colcon_core.shell:Creating package script '/home/chogene/turtlebot_ws/install/my_robot_bringup/share/my_robot_bringup/package.ps1'
[1.087s] INFO:colcon.colcon_core.shell:Creating package descriptor '/home/chogene/turtlebot_ws/install/my_robot_bringup/share/my_robot_bringup/package.dsv'
[1.088s] INFO:colcon.colcon_core.shell:Creating package script '/home/chogene/turtlebot_ws/install/my_robot_bringup/share/my_robot_bringup/package.sh'
[1.088s] INFO:colcon.colcon_core.shell:Creating package script '/home/chogene/turtlebot_ws/install/my_robot_bringup/share/my_robot_bringup/package.bash'
[1.089s] INFO:colcon.colcon_core.shell:Creating package script '/home/chogene/turtlebot_ws/install/my_robot_bringup/share/my_robot_bringup/package.zsh'
[1.090s] Level 1:colcon.colcon_core.environment:create_file_with_runtime_dependencies(/home/chogene/turtlebot_ws/install/my_robot_bringup/share/colcon-core/packages/my_robot_bringup)
[1.091s] Level 1:colcon.colcon_core.environment:create_environment_scripts_only(my_robot_bringup)
[1.091s] Level 1:colcon.colcon_core.environment:checking '/home/chogene/turtlebot_ws/install/my_robot_bringup' for CMake module files
[1.092s] Level 1:colcon.colcon_core.environment:checking '/home/chogene/turtlebot_ws/install/my_robot_bringup' for CMake config files
[1.092s] Level 1:colcon.colcon_core.shell:create_environment_hook('my_robot_bringup', 'cmake_prefix_path')
[1.093s] INFO:colcon.colcon_core.shell:Creating environment hook '/home/chogene/turtlebot_ws/install/my_robot_bringup/share/my_robot_bringup/hook/cmake_prefix_path.ps1'
[1.093s] INFO:colcon.colcon_core.shell:Creating environment descriptor '/home/chogene/turtlebot_ws/install/my_robot_bringup/share/my_robot_bringup/hook/cmake_prefix_path.dsv'
[1.094s] INFO:colcon.colcon_core.shell:Creating environment hook '/home/chogene/turtlebot_ws/install/my_robot_bringup/share/my_robot_bringup/hook/cmake_prefix_path.sh'
[1.095s] Level 1:colcon.colcon_core.environment:checking '/home/chogene/turtlebot_ws/install/my_robot_bringup/bin'
[1.095s] Level 1:colcon.colcon_core.environment:checking '/home/chogene/turtlebot_ws/install/my_robot_bringup/lib/pkgconfig/my_robot_bringup.pc'
[1.096s] Level 1:colcon.colcon_core.environment:checking '/home/chogene/turtlebot_ws/install/my_robot_bringup/lib/python3.12/site-packages'
[1.096s] Level 1:colcon.colcon_core.environment:checking '/home/chogene/turtlebot_ws/install/my_robot_bringup/bin'
[1.096s] INFO:colcon.colcon_core.shell:Creating package script '/home/chogene/turtlebot_ws/install/my_robot_bringup/share/my_robot_bringup/package.ps1'
[1.097s] INFO:colcon.colcon_core.shell:Creating package descriptor '/home/chogene/turtlebot_ws/install/my_robot_bringup/share/my_robot_bringup/package.dsv'
[1.098s] INFO:colcon.colcon_core.shell:Creating package script '/home/chogene/turtlebot_ws/install/my_robot_bringup/share/my_robot_bringup/package.sh'
[1.098s] INFO:colcon.colcon_core.shell:Creating package script '/home/chogene/turtlebot_ws/install/my_robot_bringup/share/my_robot_bringup/package.bash'
[1.099s] INFO:colcon.colcon_core.shell:Creating package script '/home/chogene/turtlebot_ws/install/my_robot_bringup/share/my_robot_bringup/package.zsh'
[1.099s] Level 1:colcon.colcon_core.environment:create_file_with_runtime_dependencies(/home/chogene/turtlebot_ws/install/my_robot_bringup/share/colcon-core/packages/my_robot_bringup)
[1.100s] DEBUG:colcon.colcon_parallel_executor.executor.parallel:closing loop
[1.101s] DEBUG:colcon.colcon_parallel_executor.executor.parallel:loop closed
[1.101s] DEBUG:colcon.colcon_parallel_executor.executor.parallel:run_until_complete finished with '0'
[1.102s] DEBUG:colcon.colcon_core.event_reactor:joining thread
[1.153s] INFO:colcon.colcon_core.plugin_system:Skipping extension 'colcon_notification.desktop_notification.notify_send': Could not find 'notify-send'
[1.153s] INFO:colcon.colcon_core.plugin_system:Skipping extension 'colcon_notification.desktop_notification.terminal_notifier': Not used on non-Darwin systems
[1.153s] INFO:colcon.colcon_core.plugin_system:Skipping extension 'colcon_notification.desktop_notification.win32': Not used on non-Windows systems
[1.153s] INFO:colcon.colcon_notification.desktop_notification:Sending desktop notification using 'notify2'
[1.154s] DEBUG:colcon.colcon_notification.desktop_notification.notify2:Failed to initialize notify2: org.freedesktop.DBus.Error.ServiceUnknown: The name org.freedesktop.Notifications was not provided by any .service files
[1.154s] DEBUG:colcon.colcon_core.event_reactor:joined thread
[1.155s] INFO:colcon.colcon_core.shell:Creating prefix script '/home/chogene/turtlebot_ws/install/local_setup.ps1'
[1.156s] INFO:colcon.colcon_core.shell:Creating prefix util module '/home/chogene/turtlebot_ws/install/_local_setup_util_ps1.py'
[1.157s] INFO:colcon.colcon_core.shell:Creating prefix chain script '/home/chogene/turtlebot_ws/install/setup.ps1'
[1.162s] INFO:colcon.colcon_core.shell:Creating prefix script '/home/chogene/turtlebot_ws/install/local_setup.sh'
[1.163s] INFO:colcon.colcon_core.shell:Creating prefix util module '/home/chogene/turtlebot_ws/install/_local_setup_util_sh.py'
[1.164s] INFO:colcon.colcon_core.shell:Creating prefix chain script '/home/chogene/turtlebot_ws/install/setup.sh'
[1.168s] INFO:colcon.colcon_core.shell:Creating prefix script '/home/chogene/turtlebot_ws/install/local_setup.bash'
[1.182s] INFO:colcon.colcon_core.shell:Creating prefix chain script '/home/chogene/turtlebot_ws/install/setup.bash'
[1.186s] INFO:colcon.colcon_core.shell:Creating prefix script '/home/chogene/turtlebot_ws/install/local_setup.zsh'
[1.187s] INFO:colcon.colcon_core.shell:Creating prefix chain script '/home/chogene/turtlebot_ws/install/setup.zsh'
