[0.183s] Invoking command in '/home/chogene/turtlebot_ws/build/my_robot_bringup': CMAKE_PREFIX_PATH=${CMAKE_PREFIX_PATH}:/home/chogene/moveit_ws/install/moveit_configs_utils:/home/chogene/ros2_ws/install/turtle_control_pkg:/home/chogene/ros2_ws/install/robotic_arms_control:/home/chogene/ros2_ws/install/my_py_pkg:/home/chogene/ros2_ws/install/my_sphere_pkg:/home/chogene/ros2_ws/install/my_environment_pkg:/home/chogene/ros2_ws/install/my_doosan_pkg:/opt/ros/jazzy DEBUGINFOD_URLS=https://debuginfod.ubuntu.com /usr/local/bin/cmake /home/chogene/turtlebot_ws/src/my_robot_bringup -DCMAKE_INSTALL_PREFIX=/home/chogene/turtlebot_ws/install/my_robot_bringup
[0.225s] [0mCMake Deprecation Warning at CMakeLists.txt:1 (cmake_minimum_required):
[0.225s]   Compatibility with CMake < 3.10 will be removed from a future version of
[0.229s]   CMake.
[0.235s] 
[0.239s]   Update the VERSION argument <min> value.  Or, use the <min>...<max> syntax
[0.239s]   to tell CMake that the project requires at least <min> but has been updated
[0.240s]   to work with policies introduced by <max> or earlier.
[0.240s] 
[0.240s] [0m
[0.365s] -- Found ament_cmake: 2.5.3 (/opt/ros/jazzy/share/ament_cmake/cmake)
[1.982s] -- Override CMake install command with custom implementation using symlinks instead of copying resources
[2.834s] -- Configuring done (2.6s)
[2.888s] -- Generating done (0.0s)
[2.901s] -- Build files have been written to: /home/chogene/turtlebot_ws/build/my_robot_bringup
[2.928s] Invoked command in '/home/chogene/turtlebot_ws/build/my_robot_bringup' returned '0': CMAKE_PREFIX_PATH=${CMAKE_PREFIX_PATH}:/home/chogene/moveit_ws/install/moveit_configs_utils:/home/chogene/ros2_ws/install/turtle_control_pkg:/home/chogene/ros2_ws/install/robotic_arms_control:/home/chogene/ros2_ws/install/my_py_pkg:/home/chogene/ros2_ws/install/my_sphere_pkg:/home/chogene/ros2_ws/install/my_environment_pkg:/home/chogene/ros2_ws/install/my_doosan_pkg:/opt/ros/jazzy DEBUGINFOD_URLS=https://debuginfod.ubuntu.com /usr/local/bin/cmake /home/chogene/turtlebot_ws/src/my_robot_bringup -DCMAKE_INSTALL_PREFIX=/home/chogene/turtlebot_ws/install/my_robot_bringup
[2.936s] Invoking command in '/home/chogene/turtlebot_ws/build/my_robot_bringup': CMAKE_PREFIX_PATH=${CMAKE_PREFIX_PATH}:/home/chogene/moveit_ws/install/moveit_configs_utils:/home/chogene/ros2_ws/install/turtle_control_pkg:/home/chogene/ros2_ws/install/robotic_arms_control:/home/chogene/ros2_ws/install/my_py_pkg:/home/chogene/ros2_ws/install/my_sphere_pkg:/home/chogene/ros2_ws/install/my_environment_pkg:/home/chogene/ros2_ws/install/my_doosan_pkg:/opt/ros/jazzy DEBUGINFOD_URLS=https://debuginfod.ubuntu.com /usr/local/bin/cmake --build /home/chogene/turtlebot_ws/build/my_robot_bringup -- -j4 -l4
[3.173s] Invoked command in '/home/chogene/turtlebot_ws/build/my_robot_bringup' returned '0': CMAKE_PREFIX_PATH=${CMAKE_PREFIX_PATH}:/home/chogene/moveit_ws/install/moveit_configs_utils:/home/chogene/ros2_ws/install/turtle_control_pkg:/home/chogene/ros2_ws/install/robotic_arms_control:/home/chogene/ros2_ws/install/my_py_pkg:/home/chogene/ros2_ws/install/my_sphere_pkg:/home/chogene/ros2_ws/install/my_environment_pkg:/home/chogene/ros2_ws/install/my_doosan_pkg:/opt/ros/jazzy DEBUGINFOD_URLS=https://debuginfod.ubuntu.com /usr/local/bin/cmake --build /home/chogene/turtlebot_ws/build/my_robot_bringup -- -j4 -l4
[3.223s] Invoking command in '/home/chogene/turtlebot_ws/build/my_robot_bringup': CMAKE_PREFIX_PATH=${CMAKE_PREFIX_PATH}:/home/chogene/moveit_ws/install/moveit_configs_utils:/home/chogene/ros2_ws/install/turtle_control_pkg:/home/chogene/ros2_ws/install/robotic_arms_control:/home/chogene/ros2_ws/install/my_py_pkg:/home/chogene/ros2_ws/install/my_sphere_pkg:/home/chogene/ros2_ws/install/my_environment_pkg:/home/chogene/ros2_ws/install/my_doosan_pkg:/opt/ros/jazzy DEBUGINFOD_URLS=https://debuginfod.ubuntu.com /usr/local/bin/cmake --install /home/chogene/turtlebot_ws/build/my_robot_bringup
[3.263s] -- Install configuration: ""
[3.263s] -- Execute custom install script
[3.268s] -- Up-to-date symlink: /home/chogene/turtlebot_ws/install/my_robot_bringup/share/my_robot_bringup//launch/my_robot.launch.xml
[3.276s] -- Symlinking: /home/chogene/turtlebot_ws/install/my_robot_bringup/share/my_robot_bringup//config/gazebo_bridge.yaml
[3.345s] -- Up-to-date symlink: /home/chogene/turtlebot_ws/install/my_robot_bringup/share/ament_index/resource_index/package_run_dependencies/my_robot_bringup
[3.353s] -- Up-to-date symlink: /home/chogene/turtlebot_ws/install/my_robot_bringup/share/ament_index/resource_index/parent_prefix_path/my_robot_bringup
[3.353s] -- Up-to-date symlink: /home/chogene/turtlebot_ws/install/my_robot_bringup/share/my_robot_bringup/environment/ament_prefix_path.sh
[3.353s] -- Up-to-date symlink: /home/chogene/turtlebot_ws/install/my_robot_bringup/share/my_robot_bringup/environment/ament_prefix_path.dsv
[3.355s] -- Up-to-date symlink: /home/chogene/turtlebot_ws/install/my_robot_bringup/share/my_robot_bringup/environment/path.sh
[3.360s] -- Up-to-date symlink: /home/chogene/turtlebot_ws/install/my_robot_bringup/share/my_robot_bringup/environment/path.dsv
[3.361s] -- Up-to-date symlink: /home/chogene/turtlebot_ws/install/my_robot_bringup/share/my_robot_bringup/local_setup.bash
[3.361s] -- Up-to-date symlink: /home/chogene/turtlebot_ws/install/my_robot_bringup/share/my_robot_bringup/local_setup.sh
[3.361s] -- Up-to-date symlink: /home/chogene/turtlebot_ws/install/my_robot_bringup/share/my_robot_bringup/local_setup.zsh
[3.371s] -- Up-to-date symlink: /home/chogene/turtlebot_ws/install/my_robot_bringup/share/my_robot_bringup/local_setup.dsv
[3.372s] -- Symlinking: /home/chogene/turtlebot_ws/install/my_robot_bringup/share/my_robot_bringup/package.dsv
[3.410s] -- Up-to-date symlink: /home/chogene/turtlebot_ws/install/my_robot_bringup/share/ament_index/resource_index/packages/my_robot_bringup
[3.412s] -- Up-to-date symlink: /home/chogene/turtlebot_ws/install/my_robot_bringup/share/my_robot_bringup/cmake/my_robot_bringupConfig.cmake
[3.414s] -- Up-to-date symlink: /home/chogene/turtlebot_ws/install/my_robot_bringup/share/my_robot_bringup/cmake/my_robot_bringupConfig-version.cmake
[3.419s] -- Up-to-date symlink: /home/chogene/turtlebot_ws/install/my_robot_bringup/share/my_robot_bringup/package.xml
[3.439s] Invoked command in '/home/chogene/turtlebot_ws/build/my_robot_bringup' returned '0': CMAKE_PREFIX_PATH=${CMAKE_PREFIX_PATH}:/home/chogene/moveit_ws/install/moveit_configs_utils:/home/chogene/ros2_ws/install/turtle_control_pkg:/home/chogene/ros2_ws/install/robotic_arms_control:/home/chogene/ros2_ws/install/my_py_pkg:/home/chogene/ros2_ws/install/my_sphere_pkg:/home/chogene/ros2_ws/install/my_environment_pkg:/home/chogene/ros2_ws/install/my_doosan_pkg:/opt/ros/jazzy DEBUGINFOD_URLS=https://debuginfod.ubuntu.com /usr/local/bin/cmake --install /home/chogene/turtlebot_ws/build/my_robot_bringup
